2019-09-19 02:03:15,581 INFO org.springframework.boot.StartupInfoLogger [main] Starting BotApplication on balabasWin8 with PID 9284 (D:\projects\!!!SmartHouse\projects\SmartHouseBot\target\classes started by Vitaliy in D:\projects\!!!SmartHouse\projects\SmartHouseBot)
2019-09-19 02:03:15,687 INFO org.springframework.boot.SpringApplication [main] No active profile set, falling back to default profiles: default
2019-09-19 02:03:19,615 INFO org.springframework.data.repository.config.RepositoryConfigurationDelegate [main] Bootstrapping Spring Data repositories in DEFAULT mode.
2019-09-19 02:03:19,661 INFO org.springframework.data.repository.config.RepositoryConfigurationDelegate [main] Finished Spring Data repository scanning in 21ms. Found 0 repository interfaces.
2019-09-19 02:03:20,413 INFO org.springframework.context.support.PostProcessorRegistrationDelegate$BeanPostProcessorChecker [main] Bean 'org.springframework.transaction.annotation.ProxyTransactionManagementConfiguration' of type [org.springframework.transaction.annotation.ProxyTransactionManagementConfiguration] is not eligible for getting processed by all BeanPostProcessors (for example: not eligible for auto-proxying)
2019-09-19 02:03:22,573 INFO org.springframework.boot.web.embedded.tomcat.TomcatWebServer [main] Tomcat initialized with port(s): 8080 (http)
2019-09-19 02:03:22,633 INFO org.apache.juli.logging.DirectJDKLog [main] Initializing ProtocolHandler ["http-nio-8080"]
2019-09-19 02:03:22,635 INFO org.apache.juli.logging.DirectJDKLog [main] Starting service [Tomcat]
2019-09-19 02:03:22,636 INFO org.apache.juli.logging.DirectJDKLog [main] Starting Servlet engine: [Apache Tomcat/9.0.24]
2019-09-19 02:03:23,091 INFO org.apache.juli.logging.DirectJDKLog [main] Initializing Spring embedded WebApplicationContext
2019-09-19 02:03:23,091 INFO org.springframework.boot.web.servlet.context.ServletWebServerApplicationContext [main] Root WebApplicationContext: initialization completed in 6840 ms
2019-09-19 02:03:23,821 INFO com.zaxxer.hikari.HikariDataSource [main] HikariPool-1 - Starting...
2019-09-19 02:03:24,586 INFO com.zaxxer.hikari.HikariDataSource [main] HikariPool-1 - Start completed.
2019-09-19 02:03:24,834 INFO org.hibernate.jpa.internal.util.LogHelper [main] HHH000204: Processing PersistenceUnitInfo [name: default]
2019-09-19 02:03:25,342 INFO org.hibernate.Version [main] HHH000412: Hibernate Core {5.4.4.Final}
2019-09-19 02:03:26,061 INFO org.hibernate.annotations.common.reflection.java.JavaReflectionManager [main] HCANN000001: Hibernate Commons Annotations {5.1.0.Final}
2019-09-19 02:03:26,596 INFO org.hibernate.dialect.Dialect [main] HHH000400: Using dialect: org.hibernate.dialect.H2Dialect
2019-09-19 02:03:27,640 INFO org.hibernate.engine.transaction.jta.platform.internal.JtaPlatformInitiator [main] HHH000490: Using JtaPlatform implementation: [org.hibernate.engine.transaction.jta.platform.internal.NoJtaPlatform]
2019-09-19 02:03:27,643 INFO org.springframework.orm.jpa.AbstractEntityManagerFactoryBean [main] Initialized JPA EntityManagerFactory for persistence unit 'default'
2019-09-19 02:03:27,680 INFO com.balabas.telegram.bot.service.auth.TelegramAuthServiceImpl [main] add User User(id=620255503, firstName=null, lastName=null, username=balabas1111111111, bot=null, language_code=null)
2019-09-19 02:03:27,686 INFO com.balabas.telegram.bot.service.BotService [main] Starting BotService botName=BotName apiToken=737840576:AAH_9-PM8knquJ3x1GN-sOTX4NGPNdU50iE
2019-09-19 02:04:15,242 INFO com.balabas.telegram.bot.service.BotServiceUpdateHandler [pool-1-thread-1] onMessageReceived
2019-09-19 02:05:36,936 INFO org.springframework.boot.StartupInfoLogger [main] Starting BotApplication on balabasWin8 with PID 2972 (D:\projects\!!!SmartHouse\projects\SmartHouseBot\target\classes started by Vitaliy in D:\projects\!!!SmartHouse\projects\SmartHouseBot)
2019-09-19 02:05:36,943 INFO org.springframework.boot.SpringApplication [main] No active profile set, falling back to default profiles: default
2019-09-19 02:05:37,818 INFO org.springframework.data.repository.config.RepositoryConfigurationDelegate [main] Bootstrapping Spring Data repositories in DEFAULT mode.
2019-09-19 02:05:37,849 INFO org.springframework.data.repository.config.RepositoryConfigurationDelegate [main] Finished Spring Data repository scanning in 19ms. Found 0 repository interfaces.
2019-09-19 02:05:38,162 INFO org.springframework.context.support.PostProcessorRegistrationDelegate$BeanPostProcessorChecker [main] Bean 'org.springframework.transaction.annotation.ProxyTransactionManagementConfiguration' of type [org.springframework.transaction.annotation.ProxyTransactionManagementConfiguration] is not eligible for getting processed by all BeanPostProcessors (for example: not eligible for auto-proxying)
2019-09-19 02:05:38,857 INFO org.springframework.boot.web.embedded.tomcat.TomcatWebServer [main] Tomcat initialized with port(s): 8080 (http)
2019-09-19 02:05:38,871 INFO org.apache.juli.logging.DirectJDKLog [main] Initializing ProtocolHandler ["http-nio-8080"]
2019-09-19 02:05:38,872 INFO org.apache.juli.logging.DirectJDKLog [main] Starting service [Tomcat]
2019-09-19 02:05:38,872 INFO org.apache.juli.logging.DirectJDKLog [main] Starting Servlet engine: [Apache Tomcat/9.0.24]
2019-09-19 02:05:39,015 INFO org.apache.juli.logging.DirectJDKLog [main] Initializing Spring embedded WebApplicationContext
2019-09-19 02:05:39,015 INFO org.springframework.boot.web.servlet.context.ServletWebServerApplicationContext [main] Root WebApplicationContext: initialization completed in 1993 ms
2019-09-19 02:05:39,211 INFO com.zaxxer.hikari.HikariDataSource [main] HikariPool-1 - Starting...
2019-09-19 02:05:39,412 INFO com.zaxxer.hikari.HikariDataSource [main] HikariPool-1 - Start completed.
2019-09-19 02:05:39,479 INFO org.hibernate.jpa.internal.util.LogHelper [main] HHH000204: Processing PersistenceUnitInfo [name: default]
2019-09-19 02:05:39,590 INFO org.hibernate.Version [main] HHH000412: Hibernate Core {5.4.4.Final}
2019-09-19 02:05:39,782 INFO org.hibernate.annotations.common.reflection.java.JavaReflectionManager [main] HCANN000001: Hibernate Commons Annotations {5.1.0.Final}
2019-09-19 02:05:39,943 INFO org.hibernate.dialect.Dialect [main] HHH000400: Using dialect: org.hibernate.dialect.H2Dialect
2019-09-19 02:05:40,306 INFO org.hibernate.engine.transaction.jta.platform.internal.JtaPlatformInitiator [main] HHH000490: Using JtaPlatform implementation: [org.hibernate.engine.transaction.jta.platform.internal.NoJtaPlatform]
2019-09-19 02:05:40,308 INFO org.springframework.orm.jpa.AbstractEntityManagerFactoryBean [main] Initialized JPA EntityManagerFactory for persistence unit 'default'
2019-09-19 02:05:40,376 INFO com.balabas.telegram.bot.service.auth.TelegramAuthServiceImpl [main] add User User(id=620255503, firstName=null, lastName=null, username=balabas1111111111, bot=null, language_code=null)
2019-09-19 02:05:40,383 INFO com.balabas.telegram.bot.service.BotService [main] Starting BotService botName=BotName apiToken=737840576:AAH_9-PM8knquJ3x1GN-sOTX4NGPNdU50iE
2019-09-19 02:06:11,832 INFO com.balabas.telegram.bot.service.BotServiceUpdateHandler [pool-1-thread-1] onMessageReceived Message(id=0, messageId=163, from=User(id=620255503, firstName=Vitaliy, lastName=Vlasov, username=balabas11111111111, bot=false, language_code=ru), date=1568847972, chat=Chat(id=620255503, type=private, title=null, username=balabas11111111111, firstName=Vitaliy, lastName=Vlasov, all_members_are_administrators=null), forwardFrom=null, forwardFromChat=null, forwardDate=null, replyToMessage=null, editDate=0, text=/start, entities=[MessageEntity{type=bot_command, offset=0, length=6, url='null', user=null}], audio=null, document=null, photo=null, sticker=null, video=null, voice=null, caption=null, contact=null, location=null, venue=null, newChatMember=null, leftChatMember=null, newChatTitle=null, newChatPhoto=null, deleteChatPhoto=null, groupChatCreated=null, superGroupChatCreated=null, channelChatCreated=null, migrateToChatId=null, migrateFromChatId=null, pinnedMessage=null, left_chat_participant=null, replyMarkUpMessage=null, inlineKeyboard=null)
2019-09-19 02:10:22,522 INFO org.springframework.boot.StartupInfoLogger [main] Starting BotApplication on balabasWin8 with PID 4408 (D:\projects\!!!SmartHouse\projects\SmartHouseBot\target\classes started by Vitaliy in D:\projects\!!!SmartHouse\projects\SmartHouseBot)
2019-09-19 02:10:22,527 INFO org.springframework.boot.SpringApplication [main] No active profile set, falling back to default profiles: default
2019-09-19 02:10:23,656 INFO org.springframework.data.repository.config.RepositoryConfigurationDelegate [main] Bootstrapping Spring Data repositories in DEFAULT mode.
2019-09-19 02:10:23,691 INFO org.springframework.data.repository.config.RepositoryConfigurationDelegate [main] Finished Spring Data repository scanning in 20ms. Found 0 repository interfaces.
2019-09-19 02:10:24,069 INFO org.springframework.context.support.PostProcessorRegistrationDelegate$BeanPostProcessorChecker [main] Bean 'org.springframework.transaction.annotation.ProxyTransactionManagementConfiguration' of type [org.springframework.transaction.annotation.ProxyTransactionManagementConfiguration] is not eligible for getting processed by all BeanPostProcessors (for example: not eligible for auto-proxying)
2019-09-19 02:10:24,787 INFO org.springframework.boot.web.embedded.tomcat.TomcatWebServer [main] Tomcat initialized with port(s): 8080 (http)
2019-09-19 02:10:24,804 INFO org.apache.juli.logging.DirectJDKLog [main] Initializing ProtocolHandler ["http-nio-8080"]
2019-09-19 02:10:24,805 INFO org.apache.juli.logging.DirectJDKLog [main] Starting service [Tomcat]
2019-09-19 02:10:24,805 INFO org.apache.juli.logging.DirectJDKLog [main] Starting Servlet engine: [Apache Tomcat/9.0.24]
2019-09-19 02:10:25,067 INFO org.apache.juli.logging.DirectJDKLog [main] Initializing Spring embedded WebApplicationContext
2019-09-19 02:10:25,067 INFO org.springframework.boot.web.servlet.context.ServletWebServerApplicationContext [main] Root WebApplicationContext: initialization completed in 2432 ms
2019-09-19 02:10:25,289 INFO com.zaxxer.hikari.HikariDataSource [main] HikariPool-1 - Starting...
2019-09-19 02:10:25,523 INFO com.zaxxer.hikari.HikariDataSource [main] HikariPool-1 - Start completed.
2019-09-19 02:10:25,606 INFO org.hibernate.jpa.internal.util.LogHelper [main] HHH000204: Processing PersistenceUnitInfo [name: default]
2019-09-19 02:10:25,741 INFO org.hibernate.Version [main] HHH000412: Hibernate Core {5.4.4.Final}
2019-09-19 02:10:25,977 INFO org.hibernate.annotations.common.reflection.java.JavaReflectionManager [main] HCANN000001: Hibernate Commons Annotations {5.1.0.Final}
2019-09-19 02:10:26,192 INFO org.hibernate.dialect.Dialect [main] HHH000400: Using dialect: org.hibernate.dialect.H2Dialect
2019-09-19 02:10:26,590 INFO org.hibernate.engine.transaction.jta.platform.internal.JtaPlatformInitiator [main] HHH000490: Using JtaPlatform implementation: [org.hibernate.engine.transaction.jta.platform.internal.NoJtaPlatform]
2019-09-19 02:10:26,593 INFO org.springframework.orm.jpa.AbstractEntityManagerFactoryBean [main] Initialized JPA EntityManagerFactory for persistence unit 'default'
2019-09-19 02:10:26,650 INFO com.balabas.telegram.bot.service.auth.TelegramAuthServiceImpl [main] add User User(id=620255503, firstName=null, lastName=null, username=balabas1111111111, bot=null, language_code=null)
2019-09-19 02:10:26,660 INFO com.balabas.telegram.bot.service.BotService [main] Starting BotService botName=BotName apiToken=737840576:AAH_9-PM8knquJ3x1GN-sOTX4NGPNdU50iE
2019-09-19 02:10:33,169 INFO com.balabas.telegram.bot.service.BotServiceUpdateHandler [pool-1-thread-1] onMessageReceived Message(id=0, messageId=165, from=User(id=620255503, firstName=Vitaliy, lastName=Vlasov, username=balabas11111111111, bot=false, language_code=ru), date=1568848233, chat=Chat(id=620255503, type=private, title=null, username=balabas11111111111, firstName=Vitaliy, lastName=Vlasov, all_members_are_administrators=null), forwardFrom=null, forwardFromChat=null, forwardDate=null, replyToMessage=null, editDate=0, text=/start, entities=[MessageEntity{type=bot_command, offset=0, length=6, url='null', user=null}], audio=null, document=null, photo=null, sticker=null, video=null, voice=null, caption=null, contact=null, location=null, venue=null, newChatMember=null, leftChatMember=null, newChatTitle=null, newChatPhoto=null, deleteChatPhoto=null, groupChatCreated=null, superGroupChatCreated=null, channelChatCreated=null, migrateToChatId=null, migrateFromChatId=null, pinnedMessage=null, left_chat_participant=null, replyMarkUpMessage=null, inlineKeyboard=null)
2019-09-19 02:10:33,171 INFO com.balabas.telegram.bot.service.auth.TelegramAuthServiceImpl [pool-1-thread-1] checkAuth id =620255503 userName=balabas11111111111 allowedUsers size1
2019-09-19 02:14:17,742 INFO org.springframework.boot.StartupInfoLogger [main] Starting BotApplication on balabasWin8 with PID 2532 (D:\projects\!!!SmartHouse\projects\SmartHouseBot\target\classes started by Vitaliy in D:\projects\!!!SmartHouse\projects\SmartHouseBot)
2019-09-19 02:14:17,748 INFO org.springframework.boot.SpringApplication [main] No active profile set, falling back to default profiles: default
2019-09-19 02:14:18,676 INFO org.springframework.data.repository.config.RepositoryConfigurationDelegate [main] Bootstrapping Spring Data repositories in DEFAULT mode.
2019-09-19 02:14:18,711 INFO org.springframework.data.repository.config.RepositoryConfigurationDelegate [main] Finished Spring Data repository scanning in 21ms. Found 0 repository interfaces.
2019-09-19 02:14:19,086 INFO org.springframework.context.support.PostProcessorRegistrationDelegate$BeanPostProcessorChecker [main] Bean 'org.springframework.transaction.annotation.ProxyTransactionManagementConfiguration' of type [org.springframework.transaction.annotation.ProxyTransactionManagementConfiguration] is not eligible for getting processed by all BeanPostProcessors (for example: not eligible for auto-proxying)
2019-09-19 02:14:19,813 INFO org.springframework.boot.web.embedded.tomcat.TomcatWebServer [main] Tomcat initialized with port(s): 8080 (http)
2019-09-19 02:14:19,829 INFO org.apache.juli.logging.DirectJDKLog [main] Initializing ProtocolHandler ["http-nio-8080"]
2019-09-19 02:14:19,830 INFO org.apache.juli.logging.DirectJDKLog [main] Starting service [Tomcat]
2019-09-19 02:14:19,831 INFO org.apache.juli.logging.DirectJDKLog [main] Starting Servlet engine: [Apache Tomcat/9.0.24]
2019-09-19 02:14:20,056 INFO org.apache.juli.logging.DirectJDKLog [main] Initializing Spring embedded WebApplicationContext
2019-09-19 02:14:20,057 INFO org.springframework.boot.web.servlet.context.ServletWebServerApplicationContext [main] Root WebApplicationContext: initialization completed in 2200 ms
2019-09-19 02:14:20,291 INFO com.zaxxer.hikari.HikariDataSource [main] HikariPool-1 - Starting...
2019-09-19 02:14:20,521 INFO com.zaxxer.hikari.HikariDataSource [main] HikariPool-1 - Start completed.
2019-09-19 02:14:20,608 INFO org.hibernate.jpa.internal.util.LogHelper [main] HHH000204: Processing PersistenceUnitInfo [name: default]
2019-09-19 02:14:20,752 INFO org.hibernate.Version [main] HHH000412: Hibernate Core {5.4.4.Final}
2019-09-19 02:14:20,985 INFO org.hibernate.annotations.common.reflection.java.JavaReflectionManager [main] HCANN000001: Hibernate Commons Annotations {5.1.0.Final}
2019-09-19 02:14:21,196 INFO org.hibernate.dialect.Dialect [main] HHH000400: Using dialect: org.hibernate.dialect.H2Dialect
2019-09-19 02:14:21,642 INFO org.hibernate.engine.transaction.jta.platform.internal.JtaPlatformInitiator [main] HHH000490: Using JtaPlatform implementation: [org.hibernate.engine.transaction.jta.platform.internal.NoJtaPlatform]
2019-09-19 02:14:21,645 INFO org.springframework.orm.jpa.AbstractEntityManagerFactoryBean [main] Initialized JPA EntityManagerFactory for persistence unit 'default'
2019-09-19 02:14:21,677 INFO com.balabas.telegram.bot.service.auth.TelegramAuthServiceImpl [main] add User User(id=620255503, firstName=null, lastName=null, username=balabas1111111111, bot=null, language_code=null)
2019-09-19 02:14:21,683 INFO com.balabas.telegram.bot.service.BotService [main] Starting BotService botName=BotName apiToken=737840576:AAH_9-PM8knquJ3x1GN-sOTX4NGPNdU50iE
2019-09-19 02:14:41,555 INFO com.balabas.telegram.bot.service.BotServiceUpdateHandler [pool-1-thread-1] onMessageReceived Message(id=0, messageId=167, from=User(id=620255503, firstName=Vitaliy, lastName=Vlasov, username=balabas11111111111, bot=false, language_code=ru), date=1568848481, chat=Chat(id=620255503, type=private, title=null, username=balabas11111111111, firstName=Vitaliy, lastName=Vlasov, all_members_are_administrators=null), forwardFrom=null, forwardFromChat=null, forwardDate=null, replyToMessage=null, editDate=0, text=/start, entities=[MessageEntity{type=bot_command, offset=0, length=6, url='null', user=null}], audio=null, document=null, photo=null, sticker=null, video=null, voice=null, caption=null, contact=null, location=null, venue=null, newChatMember=null, leftChatMember=null, newChatTitle=null, newChatPhoto=null, deleteChatPhoto=null, groupChatCreated=null, superGroupChatCreated=null, channelChatCreated=null, migrateToChatId=null, migrateFromChatId=null, pinnedMessage=null, left_chat_participant=null, replyMarkUpMessage=null, inlineKeyboard=null)
2019-09-19 02:14:41,556 INFO com.balabas.telegram.bot.service.auth.TelegramAuthServiceImpl [pool-1-thread-1] checkAuth id =620255503 userName=balabas11111111111 allowedUsers size1
2019-09-19 02:14:57,366 INFO com.balabas.telegram.bot.service.auth.TelegramAuthServiceImpl [pool-1-thread-1] '620255503'!+'620255503' 'balabas1111111111' !='balabas11111111111'
2019-09-19 02:18:09,320 INFO org.springframework.boot.StartupInfoLogger [main] Starting BotApplication on balabasWin8 with PID 5320 (D:\projects\!!!SmartHouse\projects\SmartHouseBot\target\classes started by Vitaliy in D:\projects\!!!SmartHouse\projects\SmartHouseBot)
2019-09-19 02:18:09,327 INFO org.springframework.boot.SpringApplication [main] No active profile set, falling back to default profiles: default
2019-09-19 02:18:10,241 INFO org.springframework.data.repository.config.RepositoryConfigurationDelegate [main] Bootstrapping Spring Data repositories in DEFAULT mode.
2019-09-19 02:18:10,275 INFO org.springframework.data.repository.config.RepositoryConfigurationDelegate [main] Finished Spring Data repository scanning in 21ms. Found 0 repository interfaces.
2019-09-19 02:18:10,646 INFO org.springframework.context.support.PostProcessorRegistrationDelegate$BeanPostProcessorChecker [main] Bean 'org.springframework.transaction.annotation.ProxyTransactionManagementConfiguration' of type [org.springframework.transaction.annotation.ProxyTransactionManagementConfiguration] is not eligible for getting processed by all BeanPostProcessors (for example: not eligible for auto-proxying)
2019-09-19 02:18:11,386 INFO org.springframework.boot.web.embedded.tomcat.TomcatWebServer [main] Tomcat initialized with port(s): 8080 (http)
2019-09-19 02:18:11,402 INFO org.apache.juli.logging.DirectJDKLog [main] Initializing ProtocolHandler ["http-nio-8080"]
2019-09-19 02:18:11,403 INFO org.apache.juli.logging.DirectJDKLog [main] Starting service [Tomcat]
2019-09-19 02:18:11,404 INFO org.apache.juli.logging.DirectJDKLog [main] Starting Servlet engine: [Apache Tomcat/9.0.24]
2019-09-19 02:18:11,572 INFO org.apache.juli.logging.DirectJDKLog [main] Initializing Spring embedded WebApplicationContext
2019-09-19 02:18:11,572 INFO org.springframework.boot.web.servlet.context.ServletWebServerApplicationContext [main] Root WebApplicationContext: initialization completed in 2133 ms
2019-09-19 02:18:11,798 INFO com.zaxxer.hikari.HikariDataSource [main] HikariPool-1 - Starting...
2019-09-19 02:18:12,028 INFO com.zaxxer.hikari.HikariDataSource [main] HikariPool-1 - Start completed.
2019-09-19 02:18:12,113 INFO org.hibernate.jpa.internal.util.LogHelper [main] HHH000204: Processing PersistenceUnitInfo [name: default]
2019-09-19 02:18:12,253 INFO org.hibernate.Version [main] HHH000412: Hibernate Core {5.4.4.Final}
2019-09-19 02:18:12,489 INFO org.hibernate.annotations.common.reflection.java.JavaReflectionManager [main] HCANN000001: Hibernate Commons Annotations {5.1.0.Final}
2019-09-19 02:18:12,714 INFO org.hibernate.dialect.Dialect [main] HHH000400: Using dialect: org.hibernate.dialect.H2Dialect
2019-09-19 02:18:13,190 INFO org.hibernate.engine.transaction.jta.platform.internal.JtaPlatformInitiator [main] HHH000490: Using JtaPlatform implementation: [org.hibernate.engine.transaction.jta.platform.internal.NoJtaPlatform]
2019-09-19 02:18:13,193 INFO org.springframework.orm.jpa.AbstractEntityManagerFactoryBean [main] Initialized JPA EntityManagerFactory for persistence unit 'default'
2019-09-19 02:18:13,227 INFO com.balabas.telegram.bot.service.auth.TelegramAuthServiceImpl [main] add User User(id=620255503, firstName=null, lastName=null, username=balabas11111111111, bot=null, language_code=null)
2019-09-19 02:18:13,232 INFO com.balabas.telegram.bot.service.BotService [main] Starting BotService botName=BotName apiToken=737840576:AAH_9-PM8knquJ3x1GN-sOTX4NGPNdU50iE
2019-09-19 02:18:16,633 INFO com.balabas.telegram.bot.service.BotServiceUpdateHandler [pool-1-thread-1] onMessageReceived Message(id=0, messageId=169, from=User(id=620255503, firstName=Vitaliy, lastName=Vlasov, username=balabas11111111111, bot=false, language_code=ru), date=1568848696, chat=Chat(id=620255503, type=private, title=null, username=balabas11111111111, firstName=Vitaliy, lastName=Vlasov, all_members_are_administrators=null), forwardFrom=null, forwardFromChat=null, forwardDate=null, replyToMessage=null, editDate=0, text=/start, entities=[MessageEntity{type=bot_command, offset=0, length=6, url='null', user=null}], audio=null, document=null, photo=null, sticker=null, video=null, voice=null, caption=null, contact=null, location=null, venue=null, newChatMember=null, leftChatMember=null, newChatTitle=null, newChatPhoto=null, deleteChatPhoto=null, groupChatCreated=null, superGroupChatCreated=null, channelChatCreated=null, migrateToChatId=null, migrateFromChatId=null, pinnedMessage=null, left_chat_participant=null, replyMarkUpMessage=null, inlineKeyboard=null)
2019-09-19 02:18:16,634 INFO com.balabas.telegram.bot.service.auth.TelegramAuthServiceImpl [pool-1-thread-1] checkAuth id =620255503 userName=balabas11111111111 allowedUsers size1
2019-09-19 02:18:16,634 INFO com.balabas.telegram.bot.service.auth.TelegramAuthServiceImpl [pool-1-thread-1] User found 
2019-09-19 02:18:26,269 INFO com.balabas.telegram.bot.service.ReplyConstructServiceImpl [pool-1-thread-1] constructReplyMessage messageText=/start chatId=620255503
2019-09-19 02:19:14,511 INFO org.springframework.boot.StartupInfoLogger [main] Starting BotApplication on balabasWin8 with PID 7132 (D:\projects\!!!SmartHouse\projects\SmartHouseBot\target\classes started by Vitaliy in D:\projects\!!!SmartHouse\projects\SmartHouseBot)
2019-09-19 02:19:14,516 INFO org.springframework.boot.SpringApplication [main] No active profile set, falling back to default profiles: default
2019-09-19 02:19:15,482 INFO org.springframework.data.repository.config.RepositoryConfigurationDelegate [main] Bootstrapping Spring Data repositories in DEFAULT mode.
2019-09-19 02:19:15,515 INFO org.springframework.data.repository.config.RepositoryConfigurationDelegate [main] Finished Spring Data repository scanning in 19ms. Found 0 repository interfaces.
2019-09-19 02:19:15,825 INFO org.springframework.context.support.PostProcessorRegistrationDelegate$BeanPostProcessorChecker [main] Bean 'org.springframework.transaction.annotation.ProxyTransactionManagementConfiguration' of type [org.springframework.transaction.annotation.ProxyTransactionManagementConfiguration] is not eligible for getting processed by all BeanPostProcessors (for example: not eligible for auto-proxying)
2019-09-19 02:19:16,469 INFO org.springframework.boot.web.embedded.tomcat.TomcatWebServer [main] Tomcat initialized with port(s): 8080 (http)
2019-09-19 02:19:16,484 INFO org.apache.juli.logging.DirectJDKLog [main] Initializing ProtocolHandler ["http-nio-8080"]
2019-09-19 02:19:16,484 INFO org.apache.juli.logging.DirectJDKLog [main] Starting service [Tomcat]
2019-09-19 02:19:16,485 INFO org.apache.juli.logging.DirectJDKLog [main] Starting Servlet engine: [Apache Tomcat/9.0.24]
2019-09-19 02:19:16,646 INFO org.apache.juli.logging.DirectJDKLog [main] Initializing Spring embedded WebApplicationContext
2019-09-19 02:19:16,646 INFO org.springframework.boot.web.servlet.context.ServletWebServerApplicationContext [main] Root WebApplicationContext: initialization completed in 2020 ms
2019-09-19 02:19:16,838 INFO com.zaxxer.hikari.HikariDataSource [main] HikariPool-1 - Starting...
2019-09-19 02:19:17,040 INFO com.zaxxer.hikari.HikariDataSource [main] HikariPool-1 - Start completed.
2019-09-19 02:19:17,108 INFO org.hibernate.jpa.internal.util.LogHelper [main] HHH000204: Processing PersistenceUnitInfo [name: default]
2019-09-19 02:19:17,216 INFO org.hibernate.Version [main] HHH000412: Hibernate Core {5.4.4.Final}
2019-09-19 02:19:17,411 INFO org.hibernate.annotations.common.reflection.java.JavaReflectionManager [main] HCANN000001: Hibernate Commons Annotations {5.1.0.Final}
2019-09-19 02:19:17,573 INFO org.hibernate.dialect.Dialect [main] HHH000400: Using dialect: org.hibernate.dialect.H2Dialect
2019-09-19 02:19:17,932 INFO org.hibernate.engine.transaction.jta.platform.internal.JtaPlatformInitiator [main] HHH000490: Using JtaPlatform implementation: [org.hibernate.engine.transaction.jta.platform.internal.NoJtaPlatform]
2019-09-19 02:19:17,935 INFO org.springframework.orm.jpa.AbstractEntityManagerFactoryBean [main] Initialized JPA EntityManagerFactory for persistence unit 'default'
2019-09-19 02:19:17,955 INFO com.balabas.telegram.bot.service.auth.TelegramAuthServiceImpl [main] add User User(id=620255503, firstName=null, lastName=null, username=balabas11111111111, bot=null, language_code=null)
2019-09-19 02:19:17,960 INFO com.balabas.telegram.bot.service.BotService [main] Starting BotService botName=BotName apiToken=737840576:AAH_9-PM8knquJ3x1GN-sOTX4NGPNdU50iE
2019-09-19 02:19:21,185 INFO com.balabas.telegram.bot.service.BotServiceUpdateHandler [pool-1-thread-1] onMessageReceived Message(id=0, messageId=171, from=User(id=620255503, firstName=Vitaliy, lastName=Vlasov, username=balabas11111111111, bot=false, language_code=ru), date=1568848761, chat=Chat(id=620255503, type=private, title=null, username=balabas11111111111, firstName=Vitaliy, lastName=Vlasov, all_members_are_administrators=null), forwardFrom=null, forwardFromChat=null, forwardDate=null, replyToMessage=null, editDate=0, text=/start, entities=[MessageEntity{type=bot_command, offset=0, length=6, url='null', user=null}], audio=null, document=null, photo=null, sticker=null, video=null, voice=null, caption=null, contact=null, location=null, venue=null, newChatMember=null, leftChatMember=null, newChatTitle=null, newChatPhoto=null, deleteChatPhoto=null, groupChatCreated=null, superGroupChatCreated=null, channelChatCreated=null, migrateToChatId=null, migrateFromChatId=null, pinnedMessage=null, left_chat_participant=null, replyMarkUpMessage=null, inlineKeyboard=null)
2019-09-19 02:19:21,188 INFO com.balabas.telegram.bot.service.ReplyConstructServiceImpl [pool-1-thread-1] constructReplyMessage messageText=/start chatId=620255503
2019-09-19 02:19:58,378 INFO com.balabas.telegram.bot.service.BotServiceUpdateHandler [pool-1-thread-2] onMessageReceived Message(id=0, messageId=173, from=User(id=620255503, firstName=Vitaliy, lastName=Vlasov, username=balabas11111111111, bot=false, language_code=ru), date=1568848798, chat=Chat(id=620255503, type=private, title=null, username=balabas11111111111, firstName=Vitaliy, lastName=Vlasov, all_members_are_administrators=null), forwardFrom=null, forwardFromChat=null, forwardDate=null, replyToMessage=null, editDate=0, text=/settings, entities=[MessageEntity{type=bot_command, offset=0, length=9, url='null', user=null}], audio=null, document=null, photo=null, sticker=null, video=null, voice=null, caption=null, contact=null, location=null, venue=null, newChatMember=null, leftChatMember=null, newChatTitle=null, newChatPhoto=null, deleteChatPhoto=null, groupChatCreated=null, superGroupChatCreated=null, channelChatCreated=null, migrateToChatId=null, migrateFromChatId=null, pinnedMessage=null, left_chat_participant=null, replyMarkUpMessage=null, inlineKeyboard=null)
2019-09-19 02:19:58,379 INFO com.balabas.telegram.bot.service.ReplyConstructServiceImpl [pool-1-thread-2] constructReplyMessage messageText=/settings chatId=620255503
2019-09-19 02:38:00,145 INFO org.springframework.boot.StartupInfoLogger [main] Starting BotApplication on balabasWin8 with PID 5992 (D:\projects\!!!SmartHouse\projects\SmartHouseBot\target\classes started by Vitaliy in D:\projects\!!!SmartHouse\projects\SmartHouseBot)
2019-09-19 02:38:00,151 INFO org.springframework.boot.SpringApplication [main] No active profile set, falling back to default profiles: default
2019-09-19 02:38:01,117 INFO org.springframework.data.repository.config.RepositoryConfigurationDelegate [main] Bootstrapping Spring Data repositories in DEFAULT mode.
2019-09-19 02:38:01,151 INFO org.springframework.data.repository.config.RepositoryConfigurationDelegate [main] Finished Spring Data repository scanning in 20ms. Found 0 repository interfaces.
2019-09-19 02:38:01,471 INFO org.springframework.context.support.PostProcessorRegistrationDelegate$BeanPostProcessorChecker [main] Bean 'org.springframework.transaction.annotation.ProxyTransactionManagementConfiguration' of type [org.springframework.transaction.annotation.ProxyTransactionManagementConfiguration] is not eligible for getting processed by all BeanPostProcessors (for example: not eligible for auto-proxying)
2019-09-19 02:38:02,118 INFO org.springframework.boot.web.embedded.tomcat.TomcatWebServer [main] Tomcat initialized with port(s): 8080 (http)
2019-09-19 02:38:02,133 INFO org.apache.juli.logging.DirectJDKLog [main] Initializing ProtocolHandler ["http-nio-8080"]
2019-09-19 02:38:02,134 INFO org.apache.juli.logging.DirectJDKLog [main] Starting service [Tomcat]
2019-09-19 02:38:02,134 INFO org.apache.juli.logging.DirectJDKLog [main] Starting Servlet engine: [Apache Tomcat/9.0.24]
2019-09-19 02:38:02,282 INFO org.apache.juli.logging.DirectJDKLog [main] Initializing Spring embedded WebApplicationContext
2019-09-19 02:38:02,283 INFO org.springframework.boot.web.servlet.context.ServletWebServerApplicationContext [main] Root WebApplicationContext: initialization completed in 2018 ms
2019-09-19 02:38:02,478 INFO com.zaxxer.hikari.HikariDataSource [main] HikariPool-1 - Starting...
2019-09-19 02:38:02,683 INFO com.zaxxer.hikari.HikariDataSource [main] HikariPool-1 - Start completed.
2019-09-19 02:38:02,758 INFO org.hibernate.jpa.internal.util.LogHelper [main] HHH000204: Processing PersistenceUnitInfo [name: default]
2019-09-19 02:38:02,895 INFO org.hibernate.Version [main] HHH000412: Hibernate Core {5.4.4.Final}
2019-09-19 02:38:03,124 INFO org.hibernate.annotations.common.reflection.java.JavaReflectionManager [main] HCANN000001: Hibernate Commons Annotations {5.1.0.Final}
2019-09-19 02:38:03,295 INFO org.hibernate.dialect.Dialect [main] HHH000400: Using dialect: org.hibernate.dialect.H2Dialect
2019-09-19 02:38:03,665 INFO org.hibernate.engine.transaction.jta.platform.internal.JtaPlatformInitiator [main] HHH000490: Using JtaPlatform implementation: [org.hibernate.engine.transaction.jta.platform.internal.NoJtaPlatform]
2019-09-19 02:38:03,667 INFO org.springframework.orm.jpa.AbstractEntityManagerFactoryBean [main] Initialized JPA EntityManagerFactory for persistence unit 'default'
2019-09-19 02:38:03,732 INFO com.balabas.telegram.bot.service.server.SmartHouseServerServiceImpl [main] Base URL =http://localhost:8080//api/v1 mock=true
2019-09-19 02:38:03,743 INFO com.balabas.telegram.bot.service.auth.TelegramAuthServiceImpl [main] add User User(id=620255503, firstName=null, lastName=null, username=balabas11111111111, bot=null, language_code=null)
2019-09-19 02:38:03,748 INFO com.balabas.telegram.bot.service.BotService [main] Starting BotService botName=BotName apiToken=737840576:AAH_9-PM8knquJ3x1GN-sOTX4NGPNdU50iE
2019-09-19 02:38:24,532 INFO com.balabas.telegram.bot.service.BotServiceUpdateHandler [pool-1-thread-1] onMessageReceived Message(id=0, messageId=175, from=User(id=620255503, firstName=Vitaliy, lastName=Vlasov, username=balabas11111111111, bot=false, language_code=ru), date=1568849904, chat=Chat(id=620255503, type=private, title=null, username=balabas11111111111, firstName=Vitaliy, lastName=Vlasov, all_members_are_administrators=null), forwardFrom=null, forwardFromChat=null, forwardDate=null, replyToMessage=null, editDate=0, text=/dev, entities=[MessageEntity{type=bot_command, offset=0, length=4, url='null', user=null}], audio=null, document=null, photo=null, sticker=null, video=null, voice=null, caption=null, contact=null, location=null, venue=null, newChatMember=null, leftChatMember=null, newChatTitle=null, newChatPhoto=null, deleteChatPhoto=null, groupChatCreated=null, superGroupChatCreated=null, channelChatCreated=null, migrateToChatId=null, migrateFromChatId=null, pinnedMessage=null, left_chat_participant=null, replyMarkUpMessage=null, inlineKeyboard=null)
2019-09-19 02:38:24,535 INFO com.balabas.telegram.bot.service.ReplyConstructServiceImpl [pool-1-thread-1] constructReplyMessage messageText=/dev chatId=620255503
2019-09-19 02:38:24,535 INFO com.balabas.telegram.bot.service.server.SmartHouseServerServiceImpl [pool-1-thread-1] Get mock devices list
2019-09-19 02:38:30,932 INFO com.balabas.telegram.bot.service.BotServiceUpdateHandler [pool-1-thread-2] onCallbackQueryReceived
2019-09-19 02:42:27,726 INFO org.springframework.boot.StartupInfoLogger [main] Starting BotApplication on balabasWin8 with PID 10892 (D:\projects\!!!SmartHouse\projects\SmartHouseBot\target\classes started by Vitaliy in D:\projects\!!!SmartHouse\projects\SmartHouseBot)
2019-09-19 02:42:27,730 INFO org.springframework.boot.SpringApplication [main] No active profile set, falling back to default profiles: default
2019-09-19 02:42:28,531 INFO org.springframework.data.repository.config.RepositoryConfigurationDelegate [main] Bootstrapping Spring Data repositories in DEFAULT mode.
2019-09-19 02:42:28,566 INFO org.springframework.data.repository.config.RepositoryConfigurationDelegate [main] Finished Spring Data repository scanning in 22ms. Found 0 repository interfaces.
2019-09-19 02:42:28,878 INFO org.springframework.context.support.PostProcessorRegistrationDelegate$BeanPostProcessorChecker [main] Bean 'org.springframework.transaction.annotation.ProxyTransactionManagementConfiguration' of type [org.springframework.transaction.annotation.ProxyTransactionManagementConfiguration] is not eligible for getting processed by all BeanPostProcessors (for example: not eligible for auto-proxying)
2019-09-19 02:42:29,526 INFO org.springframework.boot.web.embedded.tomcat.TomcatWebServer [main] Tomcat initialized with port(s): 8080 (http)
2019-09-19 02:42:29,542 INFO org.apache.juli.logging.DirectJDKLog [main] Initializing ProtocolHandler ["http-nio-8080"]
2019-09-19 02:42:29,543 INFO org.apache.juli.logging.DirectJDKLog [main] Starting service [Tomcat]
2019-09-19 02:42:29,543 INFO org.apache.juli.logging.DirectJDKLog [main] Starting Servlet engine: [Apache Tomcat/9.0.24]
2019-09-19 02:42:29,689 INFO org.apache.juli.logging.DirectJDKLog [main] Initializing Spring embedded WebApplicationContext
2019-09-19 02:42:29,689 INFO org.springframework.boot.web.servlet.context.ServletWebServerApplicationContext [main] Root WebApplicationContext: initialization completed in 1869 ms
2019-09-19 02:42:29,883 INFO com.zaxxer.hikari.HikariDataSource [main] HikariPool-1 - Starting...
2019-09-19 02:42:30,085 INFO com.zaxxer.hikari.HikariDataSource [main] HikariPool-1 - Start completed.
2019-09-19 02:42:30,156 INFO org.hibernate.jpa.internal.util.LogHelper [main] HHH000204: Processing PersistenceUnitInfo [name: default]
2019-09-19 02:42:30,255 INFO org.hibernate.Version [main] HHH000412: Hibernate Core {5.4.4.Final}
2019-09-19 02:42:30,450 INFO org.hibernate.annotations.common.reflection.java.JavaReflectionManager [main] HCANN000001: Hibernate Commons Annotations {5.1.0.Final}
2019-09-19 02:42:30,618 INFO org.hibernate.dialect.Dialect [main] HHH000400: Using dialect: org.hibernate.dialect.H2Dialect
2019-09-19 02:42:30,973 INFO org.hibernate.engine.transaction.jta.platform.internal.JtaPlatformInitiator [main] HHH000490: Using JtaPlatform implementation: [org.hibernate.engine.transaction.jta.platform.internal.NoJtaPlatform]
2019-09-19 02:42:30,976 INFO org.springframework.orm.jpa.AbstractEntityManagerFactoryBean [main] Initialized JPA EntityManagerFactory for persistence unit 'default'
2019-09-19 02:42:30,990 INFO com.balabas.telegram.bot.service.server.SmartHouseServerServiceImpl [main] Base URL =http://localhost:8080//api/v1 mock=true
2019-09-19 02:42:31,004 INFO com.balabas.telegram.bot.service.auth.TelegramAuthServiceImpl [main] add User User(id=620255503, firstName=null, lastName=null, username=balabas11111111111, bot=null, language_code=null)
2019-09-19 02:42:31,008 INFO com.balabas.telegram.bot.service.BotService [main] Starting BotService botName=BotName apiToken=737840576:AAH_9-PM8knquJ3x1GN-sOTX4NGPNdU50iE
2019-09-19 02:42:34,752 INFO com.balabas.telegram.bot.service.BotServiceUpdateHandler [pool-1-thread-1] onCallbackQueryReceived
2019-09-19 02:42:34,754 ERROR com.balabas.telegram.bot.service.BotServiceUpdateHandler [pool-1-thread-1] CallbackQuery Not authorized
2019-09-19 02:43:44,764 INFO org.springframework.boot.StartupInfoLogger [main] Starting BotApplication on balabasWin8 with PID 2504 (D:\projects\!!!SmartHouse\projects\SmartHouseBot\target\classes started by Vitaliy in D:\projects\!!!SmartHouse\projects\SmartHouseBot)
2019-09-19 02:43:44,769 INFO org.springframework.boot.SpringApplication [main] No active profile set, falling back to default profiles: default
2019-09-19 02:43:45,548 INFO org.springframework.data.repository.config.RepositoryConfigurationDelegate [main] Bootstrapping Spring Data repositories in DEFAULT mode.
2019-09-19 02:43:45,582 INFO org.springframework.data.repository.config.RepositoryConfigurationDelegate [main] Finished Spring Data repository scanning in 20ms. Found 0 repository interfaces.
2019-09-19 02:43:45,890 INFO org.springframework.context.support.PostProcessorRegistrationDelegate$BeanPostProcessorChecker [main] Bean 'org.springframework.transaction.annotation.ProxyTransactionManagementConfiguration' of type [org.springframework.transaction.annotation.ProxyTransactionManagementConfiguration] is not eligible for getting processed by all BeanPostProcessors (for example: not eligible for auto-proxying)
2019-09-19 02:43:46,530 INFO org.springframework.boot.web.embedded.tomcat.TomcatWebServer [main] Tomcat initialized with port(s): 8080 (http)
2019-09-19 02:43:46,545 INFO org.apache.juli.logging.DirectJDKLog [main] Initializing ProtocolHandler ["http-nio-8080"]
2019-09-19 02:43:46,546 INFO org.apache.juli.logging.DirectJDKLog [main] Starting service [Tomcat]
2019-09-19 02:43:46,546 INFO org.apache.juli.logging.DirectJDKLog [main] Starting Servlet engine: [Apache Tomcat/9.0.24]
2019-09-19 02:43:46,737 INFO org.apache.juli.logging.DirectJDKLog [main] Initializing Spring embedded WebApplicationContext
2019-09-19 02:43:46,737 INFO org.springframework.boot.web.servlet.context.ServletWebServerApplicationContext [main] Root WebApplicationContext: initialization completed in 1886 ms
2019-09-19 02:43:46,922 INFO com.zaxxer.hikari.HikariDataSource [main] HikariPool-1 - Starting...
2019-09-19 02:43:47,124 INFO com.zaxxer.hikari.HikariDataSource [main] HikariPool-1 - Start completed.
2019-09-19 02:43:47,193 INFO org.hibernate.jpa.internal.util.LogHelper [main] HHH000204: Processing PersistenceUnitInfo [name: default]
2019-09-19 02:43:47,295 INFO org.hibernate.Version [main] HHH000412: Hibernate Core {5.4.4.Final}
2019-09-19 02:43:47,485 INFO org.hibernate.annotations.common.reflection.java.JavaReflectionManager [main] HCANN000001: Hibernate Commons Annotations {5.1.0.Final}
2019-09-19 02:43:47,647 INFO org.hibernate.dialect.Dialect [main] HHH000400: Using dialect: org.hibernate.dialect.H2Dialect
2019-09-19 02:43:47,993 INFO org.hibernate.engine.transaction.jta.platform.internal.JtaPlatformInitiator [main] HHH000490: Using JtaPlatform implementation: [org.hibernate.engine.transaction.jta.platform.internal.NoJtaPlatform]
2019-09-19 02:43:47,996 INFO org.springframework.orm.jpa.AbstractEntityManagerFactoryBean [main] Initialized JPA EntityManagerFactory for persistence unit 'default'
2019-09-19 02:43:48,013 INFO com.balabas.telegram.bot.service.server.SmartHouseServerServiceImpl [main] Base URL =http://localhost:8080//api/v1 mock=true
2019-09-19 02:43:48,022 INFO com.balabas.telegram.bot.service.auth.TelegramAuthServiceImpl [main] add User User(id=620255503, firstName=null, lastName=null, username=balabas11111111111, bot=null, language_code=null)
2019-09-19 02:43:48,027 INFO com.balabas.telegram.bot.service.BotService [main] Starting BotService botName=BotName apiToken=737840576:AAH_9-PM8knquJ3x1GN-sOTX4NGPNdU50iE
2019-09-19 02:43:50,515 INFO com.balabas.telegram.bot.service.BotServiceUpdateHandler [pool-1-thread-1] onCallbackQueryReceived
2019-09-19 02:43:50,516 INFO com.balabas.telegram.bot.service.auth.TelegramAuthServiceImpl [pool-1-thread-1] checkAuth id =737840576 userName=SmartHouse_balabas_bot allowedUsers size=1
2019-09-19 02:43:50,517 ERROR com.balabas.telegram.bot.service.BotServiceUpdateHandler [pool-1-thread-1] CallbackQuery Not authorized
2019-09-19 02:47:28,931 INFO org.springframework.boot.StartupInfoLogger [main] Starting BotApplication on balabasWin8 with PID 9120 (D:\projects\!!!SmartHouse\projects\SmartHouseBot\target\classes started by Vitaliy in D:\projects\!!!SmartHouse\projects\SmartHouseBot)
2019-09-19 02:47:28,935 INFO org.springframework.boot.SpringApplication [main] No active profile set, falling back to default profiles: default
2019-09-19 02:47:29,707 INFO org.springframework.data.repository.config.RepositoryConfigurationDelegate [main] Bootstrapping Spring Data repositories in DEFAULT mode.
2019-09-19 02:47:29,741 INFO org.springframework.data.repository.config.RepositoryConfigurationDelegate [main] Finished Spring Data repository scanning in 20ms. Found 0 repository interfaces.
2019-09-19 02:47:30,101 INFO org.springframework.context.support.PostProcessorRegistrationDelegate$BeanPostProcessorChecker [main] Bean 'org.springframework.transaction.annotation.ProxyTransactionManagementConfiguration' of type [org.springframework.transaction.annotation.ProxyTransactionManagementConfiguration] is not eligible for getting processed by all BeanPostProcessors (for example: not eligible for auto-proxying)
2019-09-19 02:47:30,843 INFO org.springframework.boot.web.embedded.tomcat.TomcatWebServer [main] Tomcat initialized with port(s): 8080 (http)
2019-09-19 02:47:30,858 INFO org.apache.juli.logging.DirectJDKLog [main] Initializing ProtocolHandler ["http-nio-8080"]
2019-09-19 02:47:30,859 INFO org.apache.juli.logging.DirectJDKLog [main] Starting service [Tomcat]
2019-09-19 02:47:30,860 INFO org.apache.juli.logging.DirectJDKLog [main] Starting Servlet engine: [Apache Tomcat/9.0.24]
2019-09-19 02:47:31,001 INFO org.apache.juli.logging.DirectJDKLog [main] Initializing Spring embedded WebApplicationContext
2019-09-19 02:47:31,001 INFO org.springframework.boot.web.servlet.context.ServletWebServerApplicationContext [main] Root WebApplicationContext: initialization completed in 1978 ms
2019-09-19 02:47:31,200 INFO com.zaxxer.hikari.HikariDataSource [main] HikariPool-1 - Starting...
2019-09-19 02:47:31,403 INFO com.zaxxer.hikari.HikariDataSource [main] HikariPool-1 - Start completed.
2019-09-19 02:47:31,475 INFO org.hibernate.jpa.internal.util.LogHelper [main] HHH000204: Processing PersistenceUnitInfo [name: default]
2019-09-19 02:47:31,584 INFO org.hibernate.Version [main] HHH000412: Hibernate Core {5.4.4.Final}
2019-09-19 02:47:31,775 INFO org.hibernate.annotations.common.reflection.java.JavaReflectionManager [main] HCANN000001: Hibernate Commons Annotations {5.1.0.Final}
2019-09-19 02:47:31,942 INFO org.hibernate.dialect.Dialect [main] HHH000400: Using dialect: org.hibernate.dialect.H2Dialect
2019-09-19 02:47:32,255 INFO org.hibernate.engine.transaction.jta.platform.internal.JtaPlatformInitiator [main] HHH000490: Using JtaPlatform implementation: [org.hibernate.engine.transaction.jta.platform.internal.NoJtaPlatform]
2019-09-19 02:47:32,257 INFO org.springframework.orm.jpa.AbstractEntityManagerFactoryBean [main] Initialized JPA EntityManagerFactory for persistence unit 'default'
2019-09-19 02:47:32,272 INFO com.balabas.telegram.bot.service.server.SmartHouseServerServiceImpl [main] Base URL =http://localhost:8080//api/v1 mock=true
2019-09-19 02:47:32,286 INFO com.balabas.telegram.bot.service.auth.TelegramAuthServiceImpl [main] add User User(id=620255503, firstName=null, lastName=null, username=balabas11111111111, bot=null, language_code=null)
2019-09-19 02:47:32,291 INFO com.balabas.telegram.bot.service.BotService [main] Starting BotService botName=BotName apiToken=737840576:AAH_9-PM8knquJ3x1GN-sOTX4NGPNdU50iE
2019-09-19 02:47:35,008 INFO com.balabas.telegram.bot.service.BotServiceUpdateHandler [pool-1-thread-1] onCallbackQueryReceived
2019-09-19 02:47:35,009 INFO com.balabas.telegram.bot.service.auth.TelegramAuthServiceImpl [pool-1-thread-1] checkAuth id =620255503 userName=balabas11111111111 allowedUsers size=1
2019-09-19 02:47:35,011 INFO com.balabas.telegram.bot.service.ReplyConstructServiceImpl [pool-1-thread-1] constructReplyMessage queryText=@device_deviceId0 chatId=620255503
2019-09-19 02:47:35,012 ERROR com.balabas.telegram.bot.service.TelegramMsgSenderImpl [pool-1-thread-1] Message == null
