23:55:11 **** Incremental Build of configuration Release for project Arduino_miniPro_movement_sensor ****
"D:\\projects\\sloeber\\arduinoPlugin\\tools\\make\\make" all 
'Building file: ..\sloeber.ino.cpp'
'Starting C++ compile'
"D:\projects\sloeber\/arduinoPlugin/packages/arduino/tools/avr-gcc/4.9.2-atmel3.5.4-arduino2/bin/avr-g++" -c -g -Os -Wall -Wextra -std=gnu++11 -fno-exceptions -ffunction-sections -fdata-sections -fno-threadsafe-statics -mmcu=atmega328p -DF_CPU=8000000L -DARDUINO=10802 -DARDUINO_AVR_PRO -DARDUINO_ARCH_AVR   -I"D:\projects\sloeber\arduinoPlugin\packages\arduino\hardware\avr\1.6.11\cores\arduino" -I"D:\projects\sloeber\arduinoPlugin\packages\arduino\hardware\avr\1.6.11\variants\eightanaloginputs" -I"D:\projects\sloeber\arduinoPlugin\packages\arduino\hardware\avr\1.6.11\libraries\EEPROM" -I"D:\projects\sloeber\arduinoPlugin\packages\arduino\hardware\avr\1.6.11\libraries\EEPROM\src" -I"D:\projects\!!!SmartHouse\librarys\TimeTrigger" -MMD -MP -MF"sloeber.ino.cpp.d" -MT"sloeber.ino.cpp.o" -D__IN_ECLIPSE__=1 -x c++ "..\sloeber.ino.cpp"  -o  "sloeber.ino.cpp.o"
'Finished building: ..\sloeber.ino.cpp'
' '
'Building file: D:\projects\!!!SmartHouse\librarys\TimeTrigger\BeeperB.cpp'
'Starting C++ compile'
"D:\projects\sloeber\/arduinoPlugin/packages/arduino/tools/avr-gcc/4.9.2-atmel3.5.4-arduino2/bin/avr-g++" -c -g -Os -Wall -Wextra -std=gnu++11 -fno-exceptions -ffunction-sections -fdata-sections -fno-threadsafe-statics -mmcu=atmega328p -DF_CPU=8000000L -DARDUINO=10802 -DARDUINO_AVR_PRO -DARDUINO_ARCH_AVR   -I"D:\projects\sloeber\arduinoPlugin\packages\arduino\hardware\avr\1.6.11\cores\arduino" -I"D:\projects\sloeber\arduinoPlugin\packages\arduino\hardware\avr\1.6.11\variants\eightanaloginputs" -I"D:\projects\sloeber\arduinoPlugin\packages\arduino\hardware\avr\1.6.11\libraries\EEPROM" -I"D:\projects\sloeber\arduinoPlugin\packages\arduino\hardware\avr\1.6.11\libraries\EEPROM\src" -I"D:\projects\!!!SmartHouse\librarys\TimeTrigger" -MMD -MP -MF"libraries\TimeTrigger\BeeperB.cpp.d" -MT"libraries\TimeTrigger\BeeperB.cpp.o" -D__IN_ECLIPSE__=1 -x c++ "D:\projects\!!!SmartHouse\librarys\TimeTrigger\BeeperB.cpp"  -o  "libraries\TimeTrigger\BeeperB.cpp.o"
'Finished building: D:\projects\!!!SmartHouse\librarys\TimeTrigger\BeeperB.cpp'
' '
'Building file: D:\projects\!!!SmartHouse\librarys\TimeTrigger\ButtonB.cpp'
'Starting C++ compile'
"D:\projects\sloeber\/arduinoPlugin/packages/arduino/tools/avr-gcc/4.9.2-atmel3.5.4-arduino2/bin/avr-g++" -c -g -Os -Wall -Wextra -std=gnu++11 -fno-exceptions -ffunction-sections -fdata-sections -fno-threadsafe-statics -mmcu=atmega328p -DF_CPU=8000000L -DARDUINO=10802 -DARDUINO_AVR_PRO -DARDUINO_ARCH_AVR   -I"D:\projects\sloeber\arduinoPlugin\packages\arduino\hardware\avr\1.6.11\cores\arduino" -I"D:\projects\sloeber\arduinoPlugin\packages\arduino\hardware\avr\1.6.11\variants\eightanaloginputs" -I"D:\projects\sloeber\arduinoPlugin\packages\arduino\hardware\avr\1.6.11\libraries\EEPROM" -I"D:\projects\sloeber\arduinoPlugin\packages\arduino\hardware\avr\1.6.11\libraries\EEPROM\src" -I"D:\projects\!!!SmartHouse\librarys\TimeTrigger" -MMD -MP -MF"libraries\TimeTrigger\ButtonB.cpp.d" -MT"libraries\TimeTrigger\ButtonB.cpp.o" -D__IN_ECLIPSE__=1 -x c++ "D:\projects\!!!SmartHouse\librarys\TimeTrigger\ButtonB.cpp"  -o  "libraries\TimeTrigger\ButtonB.cpp.o"
'Finished building: D:\projects\!!!SmartHouse\librarys\TimeTrigger\ButtonB.cpp'
' '
'Building file: D:\projects\!!!SmartHouse\librarys\TimeTrigger\LedB.cpp'
'Starting C++ compile'
"D:\projects\sloeber\/arduinoPlugin/packages/arduino/tools/avr-gcc/4.9.2-atmel3.5.4-arduino2/bin/avr-g++" -c -g -Os -Wall -Wextra -std=gnu++11 -fno-exceptions -ffunction-sections -fdata-sections -fno-threadsafe-statics -mmcu=atmega328p -DF_CPU=8000000L -DARDUINO=10802 -DARDUINO_AVR_PRO -DARDUINO_ARCH_AVR   -I"D:\projects\sloeber\arduinoPlugin\packages\arduino\hardware\avr\1.6.11\cores\arduino" -I"D:\projects\sloeber\arduinoPlugin\packages\arduino\hardware\avr\1.6.11\variants\eightanaloginputs" -I"D:\projects\sloeber\arduinoPlugin\packages\arduino\hardware\avr\1.6.11\libraries\EEPROM" -I"D:\projects\sloeber\arduinoPlugin\packages\arduino\hardware\avr\1.6.11\libraries\EEPROM\src" -I"D:\projects\!!!SmartHouse\librarys\TimeTrigger" -MMD -MP -MF"libraries\TimeTrigger\LedB.cpp.d" -MT"libraries\TimeTrigger\LedB.cpp.o" -D__IN_ECLIPSE__=1 -x c++ "D:\projects\!!!SmartHouse\librarys\TimeTrigger\LedB.cpp"  -o  "libraries\TimeTrigger\LedB.cpp.o"
'Finished building: D:\projects\!!!SmartHouse\librarys\TimeTrigger\LedB.cpp'
' '
'Building file: D:\projects\!!!SmartHouse\librarys\TimeTrigger\RequestParam.cpp'
'Starting C++ compile'
"D:\projects\sloeber\/arduinoPlugin/packages/arduino/tools/avr-gcc/4.9.2-atmel3.5.4-arduino2/bin/avr-g++" -c -g -Os -Wall -Wextra -std=gnu++11 -fno-exceptions -ffunction-sections -fdata-sections -fno-threadsafe-statics -mmcu=atmega328p -DF_CPU=8000000L -DARDUINO=10802 -DARDUINO_AVR_PRO -DARDUINO_ARCH_AVR   -I"D:\projects\sloeber\arduinoPlugin\packages\arduino\hardware\avr\1.6.11\cores\arduino" -I"D:\projects\sloeber\arduinoPlugin\packages\arduino\hardware\avr\1.6.11\variants\eightanaloginputs" -I"D:\projects\sloeber\arduinoPlugin\packages\arduino\hardware\avr\1.6.11\libraries\EEPROM" -I"D:\projects\sloeber\arduinoPlugin\packages\arduino\hardware\avr\1.6.11\libraries\EEPROM\src" -I"D:\projects\!!!SmartHouse\librarys\TimeTrigger" -MMD -MP -MF"libraries\TimeTrigger\RequestParam.cpp.d" -MT"libraries\TimeTrigger\RequestParam.cpp.o" -D__IN_ECLIPSE__=1 -x c++ "D:\projects\!!!SmartHouse\librarys\TimeTrigger\RequestParam.cpp"  -o  "libraries\TimeTrigger\RequestParam.cpp.o"
'Finished building: D:\projects\!!!SmartHouse\librarys\TimeTrigger\RequestParam.cpp'
' '
'Building file: D:\projects\!!!SmartHouse\librarys\TimeTrigger\TimeTrigger.cpp'
'Starting C++ compile'
"D:\projects\sloeber\/arduinoPlugin/packages/arduino/tools/avr-gcc/4.9.2-atmel3.5.4-arduino2/bin/avr-g++" -c -g -Os -Wall -Wextra -std=gnu++11 -fno-exceptions -ffunction-sections -fdata-sections -fno-threadsafe-statics -mmcu=atmega328p -DF_CPU=8000000L -DARDUINO=10802 -DARDUINO_AVR_PRO -DARDUINO_ARCH_AVR   -I"D:\projects\sloeber\arduinoPlugin\packages\arduino\hardware\avr\1.6.11\cores\arduino" -I"D:\projects\sloeber\arduinoPlugin\packages\arduino\hardware\avr\1.6.11\variants\eightanaloginputs" -I"D:\projects\sloeber\arduinoPlugin\packages\arduino\hardware\avr\1.6.11\libraries\EEPROM" -I"D:\projects\sloeber\arduinoPlugin\packages\arduino\hardware\avr\1.6.11\libraries\EEPROM\src" -I"D:\projects\!!!SmartHouse\librarys\TimeTrigger" -MMD -MP -MF"libraries\TimeTrigger\TimeTrigger.cpp.d" -MT"libraries\TimeTrigger\TimeTrigger.cpp.o" -D__IN_ECLIPSE__=1 -x c++ "D:\projects\!!!SmartHouse\librarys\TimeTrigger\TimeTrigger.cpp"  -o  "libraries\TimeTrigger\TimeTrigger.cpp.o"
D:\projects\!!!SmartHouse\librarys\TimeTrigger\TimeTrigger.cpp: In member function 'long unsigned int TimeTrigger::setInterval(long unsigned int)':
D:\projects\!!!SmartHouse\librarys\TimeTrigger\TimeTrigger.cpp:70:1: warning: no return statement in function returning non-void [-Wreturn-type]
 }
 ^
D:\projects\!!!SmartHouse\librarys\TimeTrigger\TimeTrigger.cpp: In member function 'long unsigned int TimeTrigger::setLastTriggerTime(long unsigned int)':
D:\projects\!!!SmartHouse\librarys\TimeTrigger\TimeTrigger.cpp:78:1: warning: no return statement in function returning non-void [-Wreturn-type]
 }
 ^
'Finished building: D:\projects\!!!SmartHouse\librarys\TimeTrigger\TimeTrigger.cpp'
' '
'Building file: D:\projects\sloeber\arduinoPlugin\packages\arduino\hardware\avr\1.6.11\cores\arduino\CDC.cpp'
'Starting C++ compile'
"D:\projects\sloeber\/arduinoPlugin/packages/arduino/tools/avr-gcc/4.9.2-atmel3.5.4-arduino2/bin/avr-g++" -c -g -Os -Wall -Wextra -std=gnu++11 -fno-exceptions -ffunction-sections -fdata-sections -fno-threadsafe-statics -mmcu=atmega328p -DF_CPU=8000000L -DARDUINO=10802 -DARDUINO_AVR_PRO -DARDUINO_ARCH_AVR   -I"D:\projects\sloeber\arduinoPlugin\packages\arduino\hardware\avr\1.6.11\cores\arduino" -I"D:\projects\sloeber\arduinoPlugin\packages\arduino\hardware\avr\1.6.11\variants\eightanaloginputs" -I"D:\projects\sloeber\arduinoPlugin\packages\arduino\hardware\avr\1.6.11\libraries\EEPROM" -I"D:\projects\sloeber\arduinoPlugin\packages\arduino\hardware\avr\1.6.11\libraries\EEPROM\src" -I"D:\projects\!!!SmartHouse\librarys\TimeTrigger" -MMD -MP -MF"core\core\CDC.cpp.d" -MT"core\core\CDC.cpp.o" -D__IN_ECLIPSE__=1 -x c++ "D:\projects\sloeber\arduinoPlugin\packages\arduino\hardware\avr\1.6.11\cores\arduino\CDC.cpp"  -o  "core\core\CDC.cpp.o"
'Finished building: D:\projects\sloeber\arduinoPlugin\packages\arduino\hardware\avr\1.6.11\cores\arduino\CDC.cpp'
' '
'Building file: D:\projects\sloeber\arduinoPlugin\packages\arduino\hardware\avr\1.6.11\cores\arduino\HardwareSerial.cpp'
'Starting C++ compile'
"D:\projects\sloeber\/arduinoPlugin/packages/arduino/tools/avr-gcc/4.9.2-atmel3.5.4-arduino2/bin/avr-g++" -c -g -Os -Wall -Wextra -std=gnu++11 -fno-exceptions -ffunction-sections -fdata-sections -fno-threadsafe-statics -mmcu=atmega328p -DF_CPU=8000000L -DARDUINO=10802 -DARDUINO_AVR_PRO -DARDUINO_ARCH_AVR   -I"D:\projects\sloeber\arduinoPlugin\packages\arduino\hardware\avr\1.6.11\cores\arduino" -I"D:\projects\sloeber\arduinoPlugin\packages\arduino\hardware\avr\1.6.11\variants\eightanaloginputs" -I"D:\projects\sloeber\arduinoPlugin\packages\arduino\hardware\avr\1.6.11\libraries\EEPROM" -I"D:\projects\sloeber\arduinoPlugin\packages\arduino\hardware\avr\1.6.11\libraries\EEPROM\src" -I"D:\projects\!!!SmartHouse\librarys\TimeTrigger" -MMD -MP -MF"core\core\HardwareSerial.cpp.d" -MT"core\core\HardwareSerial.cpp.o" -D__IN_ECLIPSE__=1 -x c++ "D:\projects\sloeber\arduinoPlugin\packages\arduino\hardware\avr\1.6.11\cores\arduino\HardwareSerial.cpp"  -o  "core\core\HardwareSerial.cpp.o"
'Finished building: D:\projects\sloeber\arduinoPlugin\packages\arduino\hardware\avr\1.6.11\cores\arduino\HardwareSerial.cpp'
' '
'Building file: D:\projects\sloeber\arduinoPlugin\packages\arduino\hardware\avr\1.6.11\cores\arduino\HardwareSerial0.cpp'
'Starting C++ compile'
"D:\projects\sloeber\/arduinoPlugin/packages/arduino/tools/avr-gcc/4.9.2-atmel3.5.4-arduino2/bin/avr-g++" -c -g -Os -Wall -Wextra -std=gnu++11 -fno-exceptions -ffunction-sections -fdata-sections -fno-threadsafe-statics -mmcu=atmega328p -DF_CPU=8000000L -DARDUINO=10802 -DARDUINO_AVR_PRO -DARDUINO_ARCH_AVR   -I"D:\projects\sloeber\arduinoPlugin\packages\arduino\hardware\avr\1.6.11\cores\arduino" -I"D:\projects\sloeber\arduinoPlugin\packages\arduino\hardware\avr\1.6.11\variants\eightanaloginputs" -I"D:\projects\sloeber\arduinoPlugin\packages\arduino\hardware\avr\1.6.11\libraries\EEPROM" -I"D:\projects\sloeber\arduinoPlugin\packages\arduino\hardware\avr\1.6.11\libraries\EEPROM\src" -I"D:\projects\!!!SmartHouse\librarys\TimeTrigger" -MMD -MP -MF"core\core\HardwareSerial0.cpp.d" -MT"core\core\HardwareSerial0.cpp.o" -D__IN_ECLIPSE__=1 -x c++ "D:\projects\sloeber\arduinoPlugin\packages\arduino\hardware\avr\1.6.11\cores\arduino\HardwareSerial0.cpp"  -o  "core\core\HardwareSerial0.cpp.o"
'Finished building: D:\projects\sloeber\arduinoPlugin\packages\arduino\hardware\avr\1.6.11\cores\arduino\HardwareSerial0.cpp'
' '
'Building file: D:\projects\sloeber\arduinoPlugin\packages\arduino\hardware\avr\1.6.11\cores\arduino\HardwareSerial1.cpp'
'Starting C++ compile'
"D:\projects\sloeber\/arduinoPlugin/packages/arduino/tools/avr-gcc/4.9.2-atmel3.5.4-arduino2/bin/avr-g++" -c -g -Os -Wall -Wextra -std=gnu++11 -fno-exceptions -ffunction-sections -fdata-sections -fno-threadsafe-statics -mmcu=atmega328p -DF_CPU=8000000L -DARDUINO=10802 -DARDUINO_AVR_PRO -DARDUINO_ARCH_AVR   -I"D:\projects\sloeber\arduinoPlugin\packages\arduino\hardware\avr\1.6.11\cores\arduino" -I"D:\projects\sloeber\arduinoPlugin\packages\arduino\hardware\avr\1.6.11\variants\eightanaloginputs" -I"D:\projects\sloeber\arduinoPlugin\packages\arduino\hardware\avr\1.6.11\libraries\EEPROM" -I"D:\projects\sloeber\arduinoPlugin\packages\arduino\hardware\avr\1.6.11\libraries\EEPROM\src" -I"D:\projects\!!!SmartHouse\librarys\TimeTrigger" -MMD -MP -MF"core\core\HardwareSerial1.cpp.d" -MT"core\core\HardwareSerial1.cpp.o" -D__IN_ECLIPSE__=1 -x c++ "D:\projects\sloeber\arduinoPlugin\packages\arduino\hardware\avr\1.6.11\cores\arduino\HardwareSerial1.cpp"  -o  "core\core\HardwareSerial1.cpp.o"
'Finished building: D:\projects\sloeber\arduinoPlugin\packages\arduino\hardware\avr\1.6.11\cores\arduino\HardwareSerial1.cpp'
' '
'Building file: D:\projects\sloeber\arduinoPlugin\packages\arduino\hardware\avr\1.6.11\cores\arduino\HardwareSerial2.cpp'
'Starting C++ compile'
"D:\projects\sloeber\/arduinoPlugin/packages/arduino/tools/avr-gcc/4.9.2-atmel3.5.4-arduino2/bin/avr-g++" -c -g -Os -Wall -Wextra -std=gnu++11 -fno-exceptions -ffunction-sections -fdata-sections -fno-threadsafe-statics -mmcu=atmega328p -DF_CPU=8000000L -DARDUINO=10802 -DARDUINO_AVR_PRO -DARDUINO_ARCH_AVR   -I"D:\projects\sloeber\arduinoPlugin\packages\arduino\hardware\avr\1.6.11\cores\arduino" -I"D:\projects\sloeber\arduinoPlugin\packages\arduino\hardware\avr\1.6.11\variants\eightanaloginputs" -I"D:\projects\sloeber\arduinoPlugin\packages\arduino\hardware\avr\1.6.11\libraries\EEPROM" -I"D:\projects\sloeber\arduinoPlugin\packages\arduino\hardware\avr\1.6.11\libraries\EEPROM\src" -I"D:\projects\!!!SmartHouse\librarys\TimeTrigger" -MMD -MP -MF"core\core\HardwareSerial2.cpp.d" -MT"core\core\HardwareSerial2.cpp.o" -D__IN_ECLIPSE__=1 -x c++ "D:\projects\sloeber\arduinoPlugin\packages\arduino\hardware\avr\1.6.11\cores\arduino\HardwareSerial2.cpp"  -o  "core\core\HardwareSerial2.cpp.o"
'Finished building: D:\projects\sloeber\arduinoPlugin\packages\arduino\hardware\avr\1.6.11\cores\arduino\HardwareSerial2.cpp'
' '
'Building file: D:\projects\sloeber\arduinoPlugin\packages\arduino\hardware\avr\1.6.11\cores\arduino\HardwareSerial3.cpp'
'Starting C++ compile'
"D:\projects\sloeber\/arduinoPlugin/packages/arduino/tools/avr-gcc/4.9.2-atmel3.5.4-arduino2/bin/avr-g++" -c -g -Os -Wall -Wextra -std=gnu++11 -fno-exceptions -ffunction-sections -fdata-sections -fno-threadsafe-statics -mmcu=atmega328p -DF_CPU=8000000L -DARDUINO=10802 -DARDUINO_AVR_PRO -DARDUINO_ARCH_AVR   -I"D:\projects\sloeber\arduinoPlugin\packages\arduino\hardware\avr\1.6.11\cores\arduino" -I"D:\projects\sloeber\arduinoPlugin\packages\arduino\hardware\avr\1.6.11\variants\eightanaloginputs" -I"D:\projects\sloeber\arduinoPlugin\packages\arduino\hardware\avr\1.6.11\libraries\EEPROM" -I"D:\projects\sloeber\arduinoPlugin\packages\arduino\hardware\avr\1.6.11\libraries\EEPROM\src" -I"D:\projects\!!!SmartHouse\librarys\TimeTrigger" -MMD -MP -MF"core\core\HardwareSerial3.cpp.d" -MT"core\core\HardwareSerial3.cpp.o" -D__IN_ECLIPSE__=1 -x c++ "D:\projects\sloeber\arduinoPlugin\packages\arduino\hardware\avr\1.6.11\cores\arduino\HardwareSerial3.cpp"  -o  "core\core\HardwareSerial3.cpp.o"
'Finished building: D:\projects\sloeber\arduinoPlugin\packages\arduino\hardware\avr\1.6.11\cores\arduino\HardwareSerial3.cpp'
' '
'Building file: D:\projects\sloeber\arduinoPlugin\packages\arduino\hardware\avr\1.6.11\cores\arduino\IPAddress.cpp'
'Starting C++ compile'
"D:\projects\sloeber\/arduinoPlugin/packages/arduino/tools/avr-gcc/4.9.2-atmel3.5.4-arduino2/bin/avr-g++" -c -g -Os -Wall -Wextra -std=gnu++11 -fno-exceptions -ffunction-sections -fdata-sections -fno-threadsafe-statics -mmcu=atmega328p -DF_CPU=8000000L -DARDUINO=10802 -DARDUINO_AVR_PRO -DARDUINO_ARCH_AVR   -I"D:\projects\sloeber\arduinoPlugin\packages\arduino\hardware\avr\1.6.11\cores\arduino" -I"D:\projects\sloeber\arduinoPlugin\packages\arduino\hardware\avr\1.6.11\variants\eightanaloginputs" -I"D:\projects\sloeber\arduinoPlugin\packages\arduino\hardware\avr\1.6.11\libraries\EEPROM" -I"D:\projects\sloeber\arduinoPlugin\packages\arduino\hardware\avr\1.6.11\libraries\EEPROM\src" -I"D:\projects\!!!SmartHouse\librarys\TimeTrigger" -MMD -MP -MF"core\core\IPAddress.cpp.d" -MT"core\core\IPAddress.cpp.o" -D__IN_ECLIPSE__=1 -x c++ "D:\projects\sloeber\arduinoPlugin\packages\arduino\hardware\avr\1.6.11\cores\arduino\IPAddress.cpp"  -o  "core\core\IPAddress.cpp.o"
'Finished building: D:\projects\sloeber\arduinoPlugin\packages\arduino\hardware\avr\1.6.11\cores\arduino\IPAddress.cpp'
' '
'Building file: D:\projects\sloeber\arduinoPlugin\packages\arduino\hardware\avr\1.6.11\cores\arduino\PluggableUSB.cpp'
'Starting C++ compile'
"D:\projects\sloeber\/arduinoPlugin/packages/arduino/tools/avr-gcc/4.9.2-atmel3.5.4-arduino2/bin/avr-g++" -c -g -Os -Wall -Wextra -std=gnu++11 -fno-exceptions -ffunction-sections -fdata-sections -fno-threadsafe-statics -mmcu=atmega328p -DF_CPU=8000000L -DARDUINO=10802 -DARDUINO_AVR_PRO -DARDUINO_ARCH_AVR   -I"D:\projects\sloeber\arduinoPlugin\packages\arduino\hardware\avr\1.6.11\cores\arduino" -I"D:\projects\sloeber\arduinoPlugin\packages\arduino\hardware\avr\1.6.11\variants\eightanaloginputs" -I"D:\projects\sloeber\arduinoPlugin\packages\arduino\hardware\avr\1.6.11\libraries\EEPROM" -I"D:\projects\sloeber\arduinoPlugin\packages\arduino\hardware\avr\1.6.11\libraries\EEPROM\src" -I"D:\projects\!!!SmartHouse\librarys\TimeTrigger" -MMD -MP -MF"core\core\PluggableUSB.cpp.d" -MT"core\core\PluggableUSB.cpp.o" -D__IN_ECLIPSE__=1 -x c++ "D:\projects\sloeber\arduinoPlugin\packages\arduino\hardware\avr\1.6.11\cores\arduino\PluggableUSB.cpp"  -o  "core\core\PluggableUSB.cpp.o"
'Finished building: D:\projects\sloeber\arduinoPlugin\packages\arduino\hardware\avr\1.6.11\cores\arduino\PluggableUSB.cpp'
' '
'Building file: D:\projects\sloeber\arduinoPlugin\packages\arduino\hardware\avr\1.6.11\cores\arduino\Print.cpp'
'Starting C++ compile'
"D:\projects\sloeber\/arduinoPlugin/packages/arduino/tools/avr-gcc/4.9.2-atmel3.5.4-arduino2/bin/avr-g++" -c -g -Os -Wall -Wextra -std=gnu++11 -fno-exceptions -ffunction-sections -fdata-sections -fno-threadsafe-statics -mmcu=atmega328p -DF_CPU=8000000L -DARDUINO=10802 -DARDUINO_AVR_PRO -DARDUINO_ARCH_AVR   -I"D:\projects\sloeber\arduinoPlugin\packages\arduino\hardware\avr\1.6.11\cores\arduino" -I"D:\projects\sloeber\arduinoPlugin\packages\arduino\hardware\avr\1.6.11\variants\eightanaloginputs" -I"D:\projects\sloeber\arduinoPlugin\packages\arduino\hardware\avr\1.6.11\libraries\EEPROM" -I"D:\projects\sloeber\arduinoPlugin\packages\arduino\hardware\avr\1.6.11\libraries\EEPROM\src" -I"D:\projects\!!!SmartHouse\librarys\TimeTrigger" -MMD -MP -MF"core\core\Print.cpp.d" -MT"core\core\Print.cpp.o" -D__IN_ECLIPSE__=1 -x c++ "D:\projects\sloeber\arduinoPlugin\packages\arduino\hardware\avr\1.6.11\cores\arduino\Print.cpp"  -o  "core\core\Print.cpp.o"
'Finished building: D:\projects\sloeber\arduinoPlugin\packages\arduino\hardware\avr\1.6.11\cores\arduino\Print.cpp'
' '
'Building file: D:\projects\sloeber\arduinoPlugin\packages\arduino\hardware\avr\1.6.11\cores\arduino\Stream.cpp'
'Starting C++ compile'
"D:\projects\sloeber\/arduinoPlugin/packages/arduino/tools/avr-gcc/4.9.2-atmel3.5.4-arduino2/bin/avr-g++" -c -g -Os -Wall -Wextra -std=gnu++11 -fno-exceptions -ffunction-sections -fdata-sections -fno-threadsafe-statics -mmcu=atmega328p -DF_CPU=8000000L -DARDUINO=10802 -DARDUINO_AVR_PRO -DARDUINO_ARCH_AVR   -I"D:\projects\sloeber\arduinoPlugin\packages\arduino\hardware\avr\1.6.11\cores\arduino" -I"D:\projects\sloeber\arduinoPlugin\packages\arduino\hardware\avr\1.6.11\variants\eightanaloginputs" -I"D:\projects\sloeber\arduinoPlugin\packages\arduino\hardware\avr\1.6.11\libraries\EEPROM" -I"D:\projects\sloeber\arduinoPlugin\packages\arduino\hardware\avr\1.6.11\libraries\EEPROM\src" -I"D:\projects\!!!SmartHouse\librarys\TimeTrigger" -MMD -MP -MF"core\core\Stream.cpp.d" -MT"core\core\Stream.cpp.o" -D__IN_ECLIPSE__=1 -x c++ "D:\projects\sloeber\arduinoPlugin\packages\arduino\hardware\avr\1.6.11\cores\arduino\Stream.cpp"  -o  "core\core\Stream.cpp.o"
'Finished building: D:\projects\sloeber\arduinoPlugin\packages\arduino\hardware\avr\1.6.11\cores\arduino\Stream.cpp'
' '
'Building file: D:\projects\sloeber\arduinoPlugin\packages\arduino\hardware\avr\1.6.11\cores\arduino\Tone.cpp'
'Starting C++ compile'
"D:\projects\sloeber\/arduinoPlugin/packages/arduino/tools/avr-gcc/4.9.2-atmel3.5.4-arduino2/bin/avr-g++" -c -g -Os -Wall -Wextra -std=gnu++11 -fno-exceptions -ffunction-sections -fdata-sections -fno-threadsafe-statics -mmcu=atmega328p -DF_CPU=8000000L -DARDUINO=10802 -DARDUINO_AVR_PRO -DARDUINO_ARCH_AVR   -I"D:\projects\sloeber\arduinoPlugin\packages\arduino\hardware\avr\1.6.11\cores\arduino" -I"D:\projects\sloeber\arduinoPlugin\packages\arduino\hardware\avr\1.6.11\variants\eightanaloginputs" -I"D:\projects\sloeber\arduinoPlugin\packages\arduino\hardware\avr\1.6.11\libraries\EEPROM" -I"D:\projects\sloeber\arduinoPlugin\packages\arduino\hardware\avr\1.6.11\libraries\EEPROM\src" -I"D:\projects\!!!SmartHouse\librarys\TimeTrigger" -MMD -MP -MF"core\core\Tone.cpp.d" -MT"core\core\Tone.cpp.o" -D__IN_ECLIPSE__=1 -x c++ "D:\projects\sloeber\arduinoPlugin\packages\arduino\hardware\avr\1.6.11\cores\arduino\Tone.cpp"  -o  "core\core\Tone.cpp.o"
'Finished building: D:\projects\sloeber\arduinoPlugin\packages\arduino\hardware\avr\1.6.11\cores\arduino\Tone.cpp'
' '
'Building file: D:\projects\sloeber\arduinoPlugin\packages\arduino\hardware\avr\1.6.11\cores\arduino\USBCore.cpp'
'Starting C++ compile'
"D:\projects\sloeber\/arduinoPlugin/packages/arduino/tools/avr-gcc/4.9.2-atmel3.5.4-arduino2/bin/avr-g++" -c -g -Os -Wall -Wextra -std=gnu++11 -fno-exceptions -ffunction-sections -fdata-sections -fno-threadsafe-statics -mmcu=atmega328p -DF_CPU=8000000L -DARDUINO=10802 -DARDUINO_AVR_PRO -DARDUINO_ARCH_AVR   -I"D:\projects\sloeber\arduinoPlugin\packages\arduino\hardware\avr\1.6.11\cores\arduino" -I"D:\projects\sloeber\arduinoPlugin\packages\arduino\hardware\avr\1.6.11\variants\eightanaloginputs" -I"D:\projects\sloeber\arduinoPlugin\packages\arduino\hardware\avr\1.6.11\libraries\EEPROM" -I"D:\projects\sloeber\arduinoPlugin\packages\arduino\hardware\avr\1.6.11\libraries\EEPROM\src" -I"D:\projects\!!!SmartHouse\librarys\TimeTrigger" -MMD -MP -MF"core\core\USBCore.cpp.d" -MT"core\core\USBCore.cpp.o" -D__IN_ECLIPSE__=1 -x c++ "D:\projects\sloeber\arduinoPlugin\packages\arduino\hardware\avr\1.6.11\cores\arduino\USBCore.cpp"  -o  "core\core\USBCore.cpp.o"
'Finished building: D:\projects\sloeber\arduinoPlugin\packages\arduino\hardware\avr\1.6.11\cores\arduino\USBCore.cpp'
' '
'Building file: D:\projects\sloeber\arduinoPlugin\packages\arduino\hardware\avr\1.6.11\cores\arduino\WInterrupts.c'
'Starting C compile'
"D:\projects\sloeber\/arduinoPlugin/packages/arduino/tools/avr-gcc/4.9.2-atmel3.5.4-arduino2/bin/avr-gcc" -c -g -Os -Wall -Wextra -std=gnu11 -ffunction-sections -fdata-sections -mmcu=atmega328p -DF_CPU=8000000L -DARDUINO=10802 -DARDUINO_AVR_PRO -DARDUINO_ARCH_AVR   -I"D:\projects\sloeber\arduinoPlugin\packages\arduino\hardware\avr\1.6.11\cores\arduino" -I"D:\projects\sloeber\arduinoPlugin\packages\arduino\hardware\avr\1.6.11\variants\eightanaloginputs" -I"D:\projects\sloeber\arduinoPlugin\packages\arduino\hardware\avr\1.6.11\libraries\EEPROM" -I"D:\projects\sloeber\arduinoPlugin\packages\arduino\hardware\avr\1.6.11\libraries\EEPROM\src" -I"D:\projects\!!!SmartHouse\librarys\TimeTrigger" -MMD -MP -MF"core\core\WInterrupts.c.d" -MT"core\core\WInterrupts.c.o" -D__IN_ECLIPSE__=1 "D:\projects\sloeber\arduinoPlugin\packages\arduino\hardware\avr\1.6.11\cores\arduino\WInterrupts.c"  -o  "core\core\WInterrupts.c.o"
'Finished building: D:\projects\sloeber\arduinoPlugin\packages\arduino\hardware\avr\1.6.11\cores\arduino\WInterrupts.c'
' '
'Building file: D:\projects\sloeber\arduinoPlugin\packages\arduino\hardware\avr\1.6.11\cores\arduino\WMath.cpp'
'Starting C++ compile'
"D:\projects\sloeber\/arduinoPlugin/packages/arduino/tools/avr-gcc/4.9.2-atmel3.5.4-arduino2/bin/avr-g++" -c -g -Os -Wall -Wextra -std=gnu++11 -fno-exceptions -ffunction-sections -fdata-sections -fno-threadsafe-statics -mmcu=atmega328p -DF_CPU=8000000L -DARDUINO=10802 -DARDUINO_AVR_PRO -DARDUINO_ARCH_AVR   -I"D:\projects\sloeber\arduinoPlugin\packages\arduino\hardware\avr\1.6.11\cores\arduino" -I"D:\projects\sloeber\arduinoPlugin\packages\arduino\hardware\avr\1.6.11\variants\eightanaloginputs" -I"D:\projects\sloeber\arduinoPlugin\packages\arduino\hardware\avr\1.6.11\libraries\EEPROM" -I"D:\projects\sloeber\arduinoPlugin\packages\arduino\hardware\avr\1.6.11\libraries\EEPROM\src" -I"D:\projects\!!!SmartHouse\librarys\TimeTrigger" -MMD -MP -MF"core\core\WMath.cpp.d" -MT"core\core\WMath.cpp.o" -D__IN_ECLIPSE__=1 -x c++ "D:\projects\sloeber\arduinoPlugin\packages\arduino\hardware\avr\1.6.11\cores\arduino\WMath.cpp"  -o  "core\core\WMath.cpp.o"
'Finished building: D:\projects\sloeber\arduinoPlugin\packages\arduino\hardware\avr\1.6.11\cores\arduino\WMath.cpp'
' '
'Building file: D:\projects\sloeber\arduinoPlugin\packages\arduino\hardware\avr\1.6.11\cores\arduino\WString.cpp'
'Starting C++ compile'
"D:\projects\sloeber\/arduinoPlugin/packages/arduino/tools/avr-gcc/4.9.2-atmel3.5.4-arduino2/bin/avr-g++" -c -g -Os -Wall -Wextra -std=gnu++11 -fno-exceptions -ffunction-sections -fdata-sections -fno-threadsafe-statics -mmcu=atmega328p -DF_CPU=8000000L -DARDUINO=10802 -DARDUINO_AVR_PRO -DARDUINO_ARCH_AVR   -I"D:\projects\sloeber\arduinoPlugin\packages\arduino\hardware\avr\1.6.11\cores\arduino" -I"D:\projects\sloeber\arduinoPlugin\packages\arduino\hardware\avr\1.6.11\variants\eightanaloginputs" -I"D:\projects\sloeber\arduinoPlugin\packages\arduino\hardware\avr\1.6.11\libraries\EEPROM" -I"D:\projects\sloeber\arduinoPlugin\packages\arduino\hardware\avr\1.6.11\libraries\EEPROM\src" -I"D:\projects\!!!SmartHouse\librarys\TimeTrigger" -MMD -MP -MF"core\core\WString.cpp.d" -MT"core\core\WString.cpp.o" -D__IN_ECLIPSE__=1 -x c++ "D:\projects\sloeber\arduinoPlugin\packages\arduino\hardware\avr\1.6.11\cores\arduino\WString.cpp"  -o  "core\core\WString.cpp.o"
'Finished building: D:\projects\sloeber\arduinoPlugin\packages\arduino\hardware\avr\1.6.11\cores\arduino\WString.cpp'
' '
'Building file: D:\projects\sloeber\arduinoPlugin\packages\arduino\hardware\avr\1.6.11\cores\arduino\abi.cpp'
'Starting C++ compile'
"D:\projects\sloeber\/arduinoPlugin/packages/arduino/tools/avr-gcc/4.9.2-atmel3.5.4-arduino2/bin/avr-g++" -c -g -Os -Wall -Wextra -std=gnu++11 -fno-exceptions -ffunction-sections -fdata-sections -fno-threadsafe-statics -mmcu=atmega328p -DF_CPU=8000000L -DARDUINO=10802 -DARDUINO_AVR_PRO -DARDUINO_ARCH_AVR   -I"D:\projects\sloeber\arduinoPlugin\packages\arduino\hardware\avr\1.6.11\cores\arduino" -I"D:\projects\sloeber\arduinoPlugin\packages\arduino\hardware\avr\1.6.11\variants\eightanaloginputs" -I"D:\projects\sloeber\arduinoPlugin\packages\arduino\hardware\avr\1.6.11\libraries\EEPROM" -I"D:\projects\sloeber\arduinoPlugin\packages\arduino\hardware\avr\1.6.11\libraries\EEPROM\src" -I"D:\projects\!!!SmartHouse\librarys\TimeTrigger" -MMD -MP -MF"core\core\abi.cpp.d" -MT"core\core\abi.cpp.o" -D__IN_ECLIPSE__=1 -x c++ "D:\projects\sloeber\arduinoPlugin\packages\arduino\hardware\avr\1.6.11\cores\arduino\abi.cpp"  -o  "core\core\abi.cpp.o"
'Finished building: D:\projects\sloeber\arduinoPlugin\packages\arduino\hardware\avr\1.6.11\cores\arduino\abi.cpp'
' '
'Building file: D:\projects\sloeber\arduinoPlugin\packages\arduino\hardware\avr\1.6.11\cores\arduino\hooks.c'
'Starting C compile'
"D:\projects\sloeber\/arduinoPlugin/packages/arduino/tools/avr-gcc/4.9.2-atmel3.5.4-arduino2/bin/avr-gcc" -c -g -Os -Wall -Wextra -std=gnu11 -ffunction-sections -fdata-sections -mmcu=atmega328p -DF_CPU=8000000L -DARDUINO=10802 -DARDUINO_AVR_PRO -DARDUINO_ARCH_AVR   -I"D:\projects\sloeber\arduinoPlugin\packages\arduino\hardware\avr\1.6.11\cores\arduino" -I"D:\projects\sloeber\arduinoPlugin\packages\arduino\hardware\avr\1.6.11\variants\eightanaloginputs" -I"D:\projects\sloeber\arduinoPlugin\packages\arduino\hardware\avr\1.6.11\libraries\EEPROM" -I"D:\projects\sloeber\arduinoPlugin\packages\arduino\hardware\avr\1.6.11\libraries\EEPROM\src" -I"D:\projects\!!!SmartHouse\librarys\TimeTrigger" -MMD -MP -MF"core\core\hooks.c.d" -MT"core\core\hooks.c.o" -D__IN_ECLIPSE__=1 "D:\projects\sloeber\arduinoPlugin\packages\arduino\hardware\avr\1.6.11\cores\arduino\hooks.c"  -o  "core\core\hooks.c.o"
'Finished building: D:\projects\sloeber\arduinoPlugin\packages\arduino\hardware\avr\1.6.11\cores\arduino\hooks.c'
' '
'Building file: D:\projects\sloeber\arduinoPlugin\packages\arduino\hardware\avr\1.6.11\cores\arduino\main.cpp'
'Starting C++ compile'
"D:\projects\sloeber\/arduinoPlugin/packages/arduino/tools/avr-gcc/4.9.2-atmel3.5.4-arduino2/bin/avr-g++" -c -g -Os -Wall -Wextra -std=gnu++11 -fno-exceptions -ffunction-sections -fdata-sections -fno-threadsafe-statics -mmcu=atmega328p -DF_CPU=8000000L -DARDUINO=10802 -DARDUINO_AVR_PRO -DARDUINO_ARCH_AVR   -I"D:\projects\sloeber\arduinoPlugin\packages\arduino\hardware\avr\1.6.11\cores\arduino" -I"D:\projects\sloeber\arduinoPlugin\packages\arduino\hardware\avr\1.6.11\variants\eightanaloginputs" -I"D:\projects\sloeber\arduinoPlugin\packages\arduino\hardware\avr\1.6.11\libraries\EEPROM" -I"D:\projects\sloeber\arduinoPlugin\packages\arduino\hardware\avr\1.6.11\libraries\EEPROM\src" -I"D:\projects\!!!SmartHouse\librarys\TimeTrigger" -MMD -MP -MF"core\core\main.cpp.d" -MT"core\core\main.cpp.o" -D__IN_ECLIPSE__=1 -x c++ "D:\projects\sloeber\arduinoPlugin\packages\arduino\hardware\avr\1.6.11\cores\arduino\main.cpp"  -o  "core\core\main.cpp.o"
'Finished building: D:\projects\sloeber\arduinoPlugin\packages\arduino\hardware\avr\1.6.11\cores\arduino\main.cpp'
' '
'Building file: D:\projects\sloeber\arduinoPlugin\packages\arduino\hardware\avr\1.6.11\cores\arduino\new.cpp'
'Starting C++ compile'
"D:\projects\sloeber\/arduinoPlugin/packages/arduino/tools/avr-gcc/4.9.2-atmel3.5.4-arduino2/bin/avr-g++" -c -g -Os -Wall -Wextra -std=gnu++11 -fno-exceptions -ffunction-sections -fdata-sections -fno-threadsafe-statics -mmcu=atmega328p -DF_CPU=8000000L -DARDUINO=10802 -DARDUINO_AVR_PRO -DARDUINO_ARCH_AVR   -I"D:\projects\sloeber\arduinoPlugin\packages\arduino\hardware\avr\1.6.11\cores\arduino" -I"D:\projects\sloeber\arduinoPlugin\packages\arduino\hardware\avr\1.6.11\variants\eightanaloginputs" -I"D:\projects\sloeber\arduinoPlugin\packages\arduino\hardware\avr\1.6.11\libraries\EEPROM" -I"D:\projects\sloeber\arduinoPlugin\packages\arduino\hardware\avr\1.6.11\libraries\EEPROM\src" -I"D:\projects\!!!SmartHouse\librarys\TimeTrigger" -MMD -MP -MF"core\core\new.cpp.d" -MT"core\core\new.cpp.o" -D__IN_ECLIPSE__=1 -x c++ "D:\projects\sloeber\arduinoPlugin\packages\arduino\hardware\avr\1.6.11\cores\arduino\new.cpp"  -o  "core\core\new.cpp.o"
'Finished building: D:\projects\sloeber\arduinoPlugin\packages\arduino\hardware\avr\1.6.11\cores\arduino\new.cpp'
' '
'Building file: D:\projects\sloeber\arduinoPlugin\packages\arduino\hardware\avr\1.6.11\cores\arduino\wiring.c'
'Starting C compile'
"D:\projects\sloeber\/arduinoPlugin/packages/arduino/tools/avr-gcc/4.9.2-atmel3.5.4-arduino2/bin/avr-gcc" -c -g -Os -Wall -Wextra -std=gnu11 -ffunction-sections -fdata-sections -mmcu=atmega328p -DF_CPU=8000000L -DARDUINO=10802 -DARDUINO_AVR_PRO -DARDUINO_ARCH_AVR   -I"D:\projects\sloeber\arduinoPlugin\packages\arduino\hardware\avr\1.6.11\cores\arduino" -I"D:\projects\sloeber\arduinoPlugin\packages\arduino\hardware\avr\1.6.11\variants\eightanaloginputs" -I"D:\projects\sloeber\arduinoPlugin\packages\arduino\hardware\avr\1.6.11\libraries\EEPROM" -I"D:\projects\sloeber\arduinoPlugin\packages\arduino\hardware\avr\1.6.11\libraries\EEPROM\src" -I"D:\projects\!!!SmartHouse\librarys\TimeTrigger" -MMD -MP -MF"core\core\wiring.c.d" -MT"core\core\wiring.c.o" -D__IN_ECLIPSE__=1 "D:\projects\sloeber\arduinoPlugin\packages\arduino\hardware\avr\1.6.11\cores\arduino\wiring.c"  -o  "core\core\wiring.c.o"
'Finished building: D:\projects\sloeber\arduinoPlugin\packages\arduino\hardware\avr\1.6.11\cores\arduino\wiring.c'
' '
'Building file: D:\projects\sloeber\arduinoPlugin\packages\arduino\hardware\avr\1.6.11\cores\arduino\wiring_analog.c'
'Starting C compile'
"D:\projects\sloeber\/arduinoPlugin/packages/arduino/tools/avr-gcc/4.9.2-atmel3.5.4-arduino2/bin/avr-gcc" -c -g -Os -Wall -Wextra -std=gnu11 -ffunction-sections -fdata-sections -mmcu=atmega328p -DF_CPU=8000000L -DARDUINO=10802 -DARDUINO_AVR_PRO -DARDUINO_ARCH_AVR   -I"D:\projects\sloeber\arduinoPlugin\packages\arduino\hardware\avr\1.6.11\cores\arduino" -I"D:\projects\sloeber\arduinoPlugin\packages\arduino\hardware\avr\1.6.11\variants\eightanaloginputs" -I"D:\projects\sloeber\arduinoPlugin\packages\arduino\hardware\avr\1.6.11\libraries\EEPROM" -I"D:\projects\sloeber\arduinoPlugin\packages\arduino\hardware\avr\1.6.11\libraries\EEPROM\src" -I"D:\projects\!!!SmartHouse\librarys\TimeTrigger" -MMD -MP -MF"core\core\wiring_analog.c.d" -MT"core\core\wiring_analog.c.o" -D__IN_ECLIPSE__=1 "D:\projects\sloeber\arduinoPlugin\packages\arduino\hardware\avr\1.6.11\cores\arduino\wiring_analog.c"  -o  "core\core\wiring_analog.c.o"
'Finished building: D:\projects\sloeber\arduinoPlugin\packages\arduino\hardware\avr\1.6.11\cores\arduino\wiring_analog.c'
' '
'Building file: D:\projects\sloeber\arduinoPlugin\packages\arduino\hardware\avr\1.6.11\cores\arduino\wiring_digital.c'
'Starting C compile'
"D:\projects\sloeber\/arduinoPlugin/packages/arduino/tools/avr-gcc/4.9.2-atmel3.5.4-arduino2/bin/avr-gcc" -c -g -Os -Wall -Wextra -std=gnu11 -ffunction-sections -fdata-sections -mmcu=atmega328p -DF_CPU=8000000L -DARDUINO=10802 -DARDUINO_AVR_PRO -DARDUINO_ARCH_AVR   -I"D:\projects\sloeber\arduinoPlugin\packages\arduino\hardware\avr\1.6.11\cores\arduino" -I"D:\projects\sloeber\arduinoPlugin\packages\arduino\hardware\avr\1.6.11\variants\eightanaloginputs" -I"D:\projects\sloeber\arduinoPlugin\packages\arduino\hardware\avr\1.6.11\libraries\EEPROM" -I"D:\projects\sloeber\arduinoPlugin\packages\arduino\hardware\avr\1.6.11\libraries\EEPROM\src" -I"D:\projects\!!!SmartHouse\librarys\TimeTrigger" -MMD -MP -MF"core\core\wiring_digital.c.d" -MT"core\core\wiring_digital.c.o" -D__IN_ECLIPSE__=1 "D:\projects\sloeber\arduinoPlugin\packages\arduino\hardware\avr\1.6.11\cores\arduino\wiring_digital.c"  -o  "core\core\wiring_digital.c.o"
'Finished building: D:\projects\sloeber\arduinoPlugin\packages\arduino\hardware\avr\1.6.11\cores\arduino\wiring_digital.c'
' '
'Building file: D:\projects\sloeber\arduinoPlugin\packages\arduino\hardware\avr\1.6.11\cores\arduino\wiring_pulse.S'
'Starting S compile'
"D:\projects\sloeber\/arduinoPlugin/packages/arduino/tools/avr-gcc/4.9.2-atmel3.5.4-arduino2/bin/avr-gcc" -c -g -x assembler-with-cpp -mmcu=atmega328p -DF_CPU=8000000L -DARDUINO=10802 -DARDUINO_AVR_PRO -DARDUINO_ARCH_AVR   -I"D:\projects\sloeber\arduinoPlugin\packages\arduino\hardware\avr\1.6.11\cores\arduino" -I"D:\projects\sloeber\arduinoPlugin\packages\arduino\hardware\avr\1.6.11\variants\eightanaloginputs" -I"D:\projects\sloeber\arduinoPlugin\packages\arduino\hardware\avr\1.6.11\libraries\EEPROM" -I"D:\projects\sloeber\arduinoPlugin\packages\arduino\hardware\avr\1.6.11\libraries\EEPROM\src" -I"D:\projects\!!!SmartHouse\librarys\TimeTrigger" -MMD -MP -MF"core\core\wiring_pulse.S.d" -MT"core\core\wiring_pulse.S.o"  "D:\projects\sloeber\arduinoPlugin\packages\arduino\hardware\avr\1.6.11\cores\arduino\wiring_pulse.S"  -o  "core\core\wiring_pulse.S.o"
'Finished building: D:\projects\sloeber\arduinoPlugin\packages\arduino\hardware\avr\1.6.11\cores\arduino\wiring_pulse.S'
' '
'Building file: D:\projects\sloeber\arduinoPlugin\packages\arduino\hardware\avr\1.6.11\cores\arduino\wiring_pulse.c'
'Starting C compile'
"D:\projects\sloeber\/arduinoPlugin/packages/arduino/tools/avr-gcc/4.9.2-atmel3.5.4-arduino2/bin/avr-gcc" -c -g -Os -Wall -Wextra -std=gnu11 -ffunction-sections -fdata-sections -mmcu=atmega328p -DF_CPU=8000000L -DARDUINO=10802 -DARDUINO_AVR_PRO -DARDUINO_ARCH_AVR   -I"D:\projects\sloeber\arduinoPlugin\packages\arduino\hardware\avr\1.6.11\cores\arduino" -I"D:\projects\sloeber\arduinoPlugin\packages\arduino\hardware\avr\1.6.11\variants\eightanaloginputs" -I"D:\projects\sloeber\arduinoPlugin\packages\arduino\hardware\avr\1.6.11\libraries\EEPROM" -I"D:\projects\sloeber\arduinoPlugin\packages\arduino\hardware\avr\1.6.11\libraries\EEPROM\src" -I"D:\projects\!!!SmartHouse\librarys\TimeTrigger" -MMD -MP -MF"core\core\wiring_pulse.c.d" -MT"core\core\wiring_pulse.c.o" -D__IN_ECLIPSE__=1 "D:\projects\sloeber\arduinoPlugin\packages\arduino\hardware\avr\1.6.11\cores\arduino\wiring_pulse.c"  -o  "core\core\wiring_pulse.c.o"
'Finished building: D:\projects\sloeber\arduinoPlugin\packages\arduino\hardware\avr\1.6.11\cores\arduino\wiring_pulse.c'
' '
'Building file: D:\projects\sloeber\arduinoPlugin\packages\arduino\hardware\avr\1.6.11\cores\arduino\wiring_shift.c'
'Starting C compile'
"D:\projects\sloeber\/arduinoPlugin/packages/arduino/tools/avr-gcc/4.9.2-atmel3.5.4-arduino2/bin/avr-gcc" -c -g -Os -Wall -Wextra -std=gnu11 -ffunction-sections -fdata-sections -mmcu=atmega328p -DF_CPU=8000000L -DARDUINO=10802 -DARDUINO_AVR_PRO -DARDUINO_ARCH_AVR   -I"D:\projects\sloeber\arduinoPlugin\packages\arduino\hardware\avr\1.6.11\cores\arduino" -I"D:\projects\sloeber\arduinoPlugin\packages\arduino\hardware\avr\1.6.11\variants\eightanaloginputs" -I"D:\projects\sloeber\arduinoPlugin\packages\arduino\hardware\avr\1.6.11\libraries\EEPROM" -I"D:\projects\sloeber\arduinoPlugin\packages\arduino\hardware\avr\1.6.11\libraries\EEPROM\src" -I"D:\projects\!!!SmartHouse\librarys\TimeTrigger" -MMD -MP -MF"core\core\wiring_shift.c.d" -MT"core\core\wiring_shift.c.o" -D__IN_ECLIPSE__=1 "D:\projects\sloeber\arduinoPlugin\packages\arduino\hardware\avr\1.6.11\cores\arduino\wiring_shift.c"  -o  "core\core\wiring_shift.c.o"
'Finished building: D:\projects\sloeber\arduinoPlugin\packages\arduino\hardware\avr\1.6.11\cores\arduino\wiring_shift.c'
' '
'Starting archiver'
"D:\projects\sloeber\/arduinoPlugin/packages/arduino/tools/avr-gcc/4.9.2-atmel3.5.4-arduino2/bin/avr-ar" rcs    D:/projects/!!!SmartHouse/workspace/Arduino_miniPro_movement_sensor/Release/arduino.ar  .\core\core\CDC.cpp.o .\core\core\HardwareSerial.cpp.o .\core\core\HardwareSerial0.cpp.o .\core\core\HardwareSerial1.cpp.o .\core\core\HardwareSerial2.cpp.o .\core\core\HardwareSerial3.cpp.o .\core\core\IPAddress.cpp.o .\core\core\PluggableUSB.cpp.o .\core\core\Print.cpp.o .\core\core\Stream.cpp.o .\core\core\Tone.cpp.o .\core\core\USBCore.cpp.o .\core\core\WInterrupts.c.o .\core\core\WMath.cpp.o .\core\core\WString.cpp.o .\core\core\abi.cpp.o .\core\core\hooks.c.o .\core\core\main.cpp.o .\core\core\new.cpp.o .\core\core\wiring.c.o .\core\core\wiring_analog.c.o .\core\core\wiring_digital.c.o .\core\core\wiring_pulse.S.o .\core\core\wiring_pulse.c.o .\core\core\wiring_shift.c.o 
'Finished building: D:\projects\!!!SmartHouse\workspace\Arduino_miniPro_movement_sensor\Release\arduino.ar'
' '
'Starting combiner'
"D:\projects\sloeber\/arduinoPlugin/packages/arduino/tools/avr-gcc/4.9.2-atmel3.5.4-arduino2/bin/avr-gcc" -Wall -Wextra -Os -Wl,--gc-sections -mmcu=atmega328p -o "D:\projects\!!!SmartHouse\workspace\Arduino_miniPro_movement_sensor/Release/Arduino_miniPro_movement_sensor.elf"    .\sloeber.ino.cpp.o  .\libraries\TimeTrigger\BeeperB.cpp.o .\libraries\TimeTrigger\ButtonB.cpp.o .\libraries\TimeTrigger\LedB.cpp.o .\libraries\TimeTrigger\RequestParam.cpp.o .\libraries\TimeTrigger\TimeTrigger.cpp.o    D:/projects/!!!SmartHouse/workspace/Arduino_miniPro_movement_sensor/Release/arduino.ar  "-LD:\projects\!!!SmartHouse\workspace\Arduino_miniPro_movement_sensor/Release" -lm
'Finished building: Arduino_miniPro_movement_sensor.elf'
' '
'Do all objcopy commands'
"D:\projects\sloeber\/arduinoPlugin/packages/arduino/tools/avr-gcc/4.9.2-atmel3.5.4-arduino2/bin/avr-objcopy" -O ihex -j .eeprom --set-section-flags=.eeprom=alloc,load --no-change-warnings --change-section-lma .eeprom=0  "D:\projects\!!!SmartHouse\workspace\Arduino_miniPro_movement_sensor/Release/Arduino_miniPro_movement_sensor.elf" "D:\projects\!!!SmartHouse\workspace\Arduino_miniPro_movement_sensor/Release/Arduino_miniPro_movement_sensor.eep"
"D:\projects\sloeber\/arduinoPlugin/packages/arduino/tools/avr-gcc/4.9.2-atmel3.5.4-arduino2/bin/avr-objcopy" -O ihex -R .eeprom  "D:\projects\!!!SmartHouse\workspace\Arduino_miniPro_movement_sensor/Release/Arduino_miniPro_movement_sensor.elf" "D:\projects\!!!SmartHouse\workspace\Arduino_miniPro_movement_sensor/Release/Arduino_miniPro_movement_sensor.hex"
'Finished building: Arduino_miniPro_movement_sensor.hex'
' '
'Building target: Arduino_miniPro_movement_sensor'
'Printing size:'
"D:\projects\sloeber\/arduinoPlugin/packages/arduino/tools/avr-gcc/4.9.2-atmel3.5.4-arduino2/bin/avr-size" -A "D:/projects/!!!SmartHouse/workspace/Arduino_miniPro_movement_sensor/Release/Arduino_miniPro_movement_sensor.elf"
D:/projects/!!!SmartHouse/workspace/Arduino_miniPro_movement_sensor/Release/Arduino_miniPro_movement_sensor.elf  :
section                     size      addr
.data                         18   8388864
.text                       2542         0
.bss                         175   8388882
.comment                      17         0
.note.gnu.avr.deviceinfo      64         0
.debug_aranges               800         0
.debug_info                33729         0
.debug_abbrev               7436         0
.debug_line                 8613         0
.debug_frame                2316         0
.debug_str                  8127         0
.debug_loc                 14514         0
.debug_ranges                808         0
Total                      79159


'Finished building target: Arduino_miniPro_movement_sensor'
' '

23:55:48 Build Finished (took 37s.408ms)

