00:44:30 **** Incremental Build of configuration Release for project ESP8266_Volt_Meter ****
"D:\\projects\\sloeber\\arduinoPlugin\\tools\\make\\make" all 
'Building file: ..\sloeber.ino.cpp'
'Starting C++ compile'
"D:\projects\sloeber\/arduinoPlugin/packages/esp8266/tools/xtensa-lx106-elf-gcc/1.20.0-26-gb404fb9-2/bin/xtensa-lx106-elf-g++" -D__ets__ -DICACHE_FLASH -U__STRICT_ANSI__ "-ID:\projects\sloeber\/arduinoPlugin/packages/esp8266/hardware/esp8266/2.4.0-rc2/tools/sdk/include" "-ID:\projects\sloeber\/arduinoPlugin/packages/esp8266/hardware/esp8266/2.4.0-rc2/tools/sdk/lwip/include" "-ID:\projects\sloeber\/arduinoPlugin/packages/esp8266/hardware/esp8266/2.4.0-rc2/tools/sdk/libc/xtensa-lx106-elf/include" "-ID:/projects/!!!SmartHouse/workspace/ESP8266_Volt_Meter/Release/core" -c -Wall -Wextra -Os -g -mlongcalls -mtext-section-literals -fno-exceptions -fno-rtti -falign-functions=4 -std=c++11 -ffunction-sections -fdata-sections -DF_CPU=80000000L -DLWIP_OPEN_SRC  -DARDUINO=10802 -DARDUINO_ESP8266_NODEMCU -DARDUINO_ARCH_ESP8266 "-DARDUINO_BOARD=\"ESP8266_NODEMCU\"" -DESP8266  -I"D:\projects\sloeber\arduinoPlugin\packages\esp8266\hardware\esp8266\2.4.0-rc2\cores\esp8266" -I"D:\projects\sloeber\arduinoPlugin\packages\esp8266\hardware\esp8266\2.4.0-rc2\variants\nodemcu" -I"D:\projects\sloeber\arduinoPlugin\packages\esp8266\hardware\esp8266\2.4.0-rc2\libraries\ESP8266WiFi" -I"D:\projects\sloeber\arduinoPlugin\packages\esp8266\hardware\esp8266\2.4.0-rc2\libraries\ESP8266WiFi\src" -I"D:\projects\!!!SmartHouse\librarys\TimeTriggerB" -I"D:\projects\!!!SmartHouse\librarys\TM1637" -I"D:\projects\sloeber\arduinoPlugin\libraries\EmonLib\1.1.0" -MMD -MP -MF"sloeber.ino.cpp.d" -MT"sloeber.ino.cpp.o" -D__IN_ECLIPSE__=1 -x c++ "..\sloeber.ino.cpp"  -o  "sloeber.ino.cpp.o"
'Finished building: ..\sloeber.ino.cpp'
' '
'Starting combiner'
"D:\projects\sloeber\/arduinoPlugin/packages/esp8266/tools/xtensa-lx106-elf-gcc/1.20.0-26-gb404fb9-2/bin/xtensa-lx106-elf-gcc" -g -Wall -Wextra -Os -nostdlib -Wl,--no-check-sections -u call_user_start -u _printf_float -u _scanf_float -Wl,-static "-LD:\projects\sloeber\/arduinoPlugin/packages/esp8266/hardware/esp8266/2.4.0-rc2/tools/sdk/lib" "-LD:\projects\sloeber\/arduinoPlugin/packages/esp8266/hardware/esp8266/2.4.0-rc2/tools/sdk/ld" "-LD:\projects\sloeber\/arduinoPlugin/packages/esp8266/hardware/esp8266/2.4.0-rc2/tools/sdk/libc/xtensa-lx106-elf/lib" "-Teagle.flash.4m.ld" -Wl,--gc-sections -Wl,-wrap,system_restart_local -Wl,-wrap,spi_flash_read -o "D:/projects/!!!SmartHouse/workspace/ESP8266_Volt_Meter/Release/ESP8266_Volt_Meter.elf" -Wl,--start-group    .\sloeber.ino.cpp.o  .\libraries\TimeTriggerB\TimeTriggerB.cpp.o  .\libraries\TM1637\TM1637.cpp.o  .\libraries\EmonLib\EmonLib.cpp.o  .\libraries\ESP8266WiFi\src\ESP8266WiFi.cpp.o .\libraries\ESP8266WiFi\src\ESP8266WiFiAP.cpp.o .\libraries\ESP8266WiFi\src\ESP8266WiFiGeneric.cpp.o .\libraries\ESP8266WiFi\src\ESP8266WiFiMulti.cpp.o .\libraries\ESP8266WiFi\src\ESP8266WiFiSTA.cpp.o .\libraries\ESP8266WiFi\src\ESP8266WiFiScan.cpp.o .\libraries\ESP8266WiFi\src\WiFiClient.cpp.o .\libraries\ESP8266WiFi\src\WiFiClientSecure.cpp.o .\libraries\ESP8266WiFi\src\WiFiServer.cpp.o .\libraries\ESP8266WiFi\src\WiFiUdp.cpp.o   "D:/projects/!!!SmartHouse/workspace/ESP8266_Volt_Meter/Release/arduino.ar" -lhal -lphy -lpp -lnet80211 -llwip_gcc -lwpa -lcrypto -lmain -lwps -laxtls -lespnow -lsmartconfig -lairkiss -lmesh -lwpa2 -lstdc++ -lm -lc -lgcc -Wl,--end-group "-LD:/projects/!!!SmartHouse/workspace/ESP8266_Volt_Meter/Release" D:/projects/!!!SmartHouse/workspace/ESP8266_Volt_Meter/Release/arduino.ar
'Finished building: ESP8266_Volt_Meter.elf'
' '
'Do all objcopy commands'
"D:\projects\sloeber\/arduinoPlugin/packages/esp8266/tools/esptool/0.4.12/esptool.exe" -eo "D:\projects\sloeber\/arduinoPlugin/packages/esp8266/hardware/esp8266/2.4.0-rc2/bootloaders/eboot/eboot.elf" -bo "D:/projects/!!!SmartHouse/workspace/ESP8266_Volt_Meter/Release/ESP8266_Volt_Meter.bin" -bm dio -bf 40 -bz 4M -bs .text -bp 4096 -ec -eo "D:/projects/!!!SmartHouse/workspace/ESP8266_Volt_Meter/Release/ESP8266_Volt_Meter.elf" -bs .irom0.text -bs .text -bs .data -bs .rodata -bc -ec
'Finished building: ESP8266_Volt_Meter.hex'
' '
'Building target: ESP8266_Volt_Meter'
'Printing size:'
"D:\projects\sloeber\/arduinoPlugin/packages/esp8266/tools/xtensa-lx106-elf-gcc/1.20.0-26-gb404fb9-2/bin/xtensa-lx106-elf-size" -A "D:/projects/!!!SmartHouse/workspace/ESP8266_Volt_Meter/Release/ESP8266_Volt_Meter.elf"
D:/projects/!!!SmartHouse/workspace/ESP8266_Volt_Meter/Release/ESP8266_Volt_Meter.elf  :
section                                                                                     size         addr
.data                                                                                       1296   1073643520
.rodata                                                                                     2124   1073644816
.bss                                                                                       30208   1073646944
.irom0.text                                                                               232880   1075843088
.text                                                                                      27899   1074790400
.debug_frame                                                                               44164            0
.debug_info                                                                               780493            0
.debug_abbrev                                                                             104670            0
.debug_loc                                                                                318900            0
.debug_aranges                                                                             14064            0
.debug_ranges                                                                              30176            0
.debug_line                                                                               282518            0
.debug_str                                                                                141145            0
.comment                                                                                    7238            0
.xtensa.info                                                                                  56            0
.xt.lit._ZNSt10_List_baseISt10shared_ptrI22WiFiEventHandlerOpaqueESaIS2_EE8_M_clearEv          0            0
.xt.prop._ZNSt14_Function_baseD2Ev                                                            36            0
.xt.prop._ZNSt14__shared_countILN9__gnu_cxx12_Lock_policyE0EED2Ev                             36            0
.xt.prop._ZNSt10_List_baseISt10shared_ptrI22WiFiEventHandlerOpaqueESaIS2_EE8_M_clearEv        60            0
.xt.prop._ZN6Stream9readBytesEPhj                                                             36            0
.xt.lit._ZN14HardwareSerialD2Ev                                                                8            0
.xt.lit._ZN14HardwareSerialD0Ev                                                                0            0
.xt.prop._ZN14HardwareSerialD2Ev                                                              36            0
.xt.prop._ZN14HardwareSerialD0Ev                                                              36            0
.xt.prop._ZTV14HardwareSerial                                                                 12            0
.xt.prop._ZTV9IPAddress                                                                       12            0
.xt.lit._ZN5Print5writeEPKc                                                                    0            0
.xt.prop._ZN5Print5writeEPKc                                                                  48            0
.xt.prop._ZNSt8functionIFvvEE4swapERS1_                                                       36            0
Total                                                                                    2018187


'Finished building target: ESP8266_Volt_Meter'
' '

00:44:39 Build Finished (took 9s.213ms)

