22:09:02 **** Incremental Build of configuration Release for project ESP8266_NTP_clock ****
"D:\\projects\\sloeber\\arduinoPlugin\\tools\\make\\make" all 
'Do all objcopy commands'
"D:\projects\sloeber\/arduinoPlugin/packages/esp8266/tools/esptool/0.4.12/esptool.exe" -eo "D:\projects\sloeber\/arduinoPlugin/packages/esp8266/hardware/esp8266/2.4.0-rc2/bootloaders/eboot/eboot.elf" -bo "D:/projects/!!!SmartHouse/workspace/ESP8266_NTP_clock/Release/ESP8266_NTP_clock.bin" -bm dio -bf 40 -bz 4M -bs .text -bp 4096 -ec -eo "D:/projects/!!!SmartHouse/workspace/ESP8266_NTP_clock/Release/ESP8266_NTP_clock.elf" -bs .irom0.text -bs .text -bs .data -bs .rodata -bc -ec
'Finished building: ESP8266_NTP_clock.hex'
' '
'Building target: ESP8266_NTP_clock'
'Printing size:'
"D:\projects\sloeber\/arduinoPlugin/packages/esp8266/tools/xtensa-lx106-elf-gcc/1.20.0-26-gb404fb9-2/bin/xtensa-lx106-elf-size" -A "D:/projects/!!!SmartHouse/workspace/ESP8266_NTP_clock/Release/ESP8266_NTP_clock.elf"
D:/projects/!!!SmartHouse/workspace/ESP8266_NTP_clock/Release/ESP8266_NTP_clock.elf  :
section                                                                                     size         addr
.data                                                                                       1292   1073643520
.rodata                                                                                     2184   1073644816
.bss                                                                                       30120   1073647000
.irom0.text                                                                               232816   1075843088
.text                                                                                      27607   1074790400
.debug_frame                                                                               44560            0
.debug_info                                                                               786875            0
.debug_abbrev                                                                             104865            0
.debug_loc                                                                                319231            0
.debug_aranges                                                                             14104            0
.debug_ranges                                                                              30400            0
.debug_line                                                                               281567            0
.debug_str                                                                                141044            0
.comment                                                                                    7238            0
.xtensa.info                                                                                  56            0
.xt.lit._ZNSt10_List_baseISt10shared_ptrI22WiFiEventHandlerOpaqueESaIS2_EE8_M_clearEv          0            0
.xt.prop._ZNSt14_Function_baseD2Ev                                                            36            0
.xt.prop._ZNSt14__shared_countILN9__gnu_cxx12_Lock_policyE0EED2Ev                             36            0
.xt.prop._ZNSt10_List_baseISt10shared_ptrI22WiFiEventHandlerOpaqueESaIS2_EE8_M_clearEv        60            0
.xt.prop._ZN6Stream9readBytesEPhj                                                             36            0
.xt.lit._ZN10UdpContext7_s_recvEPvP7udp_pcbP4pbufP7ip_addrt                                    0            0
.xt.lit._ZN10UdpContextC2Ev                                                                    0            0
.xt.lit._ZN10UdpContext5unrefEv                                                                0            0
.xt.prop._ZN7WiFiUDP4readEPcj                                                                 36            0
.xt.prop._ZN10UdpContext7_s_recvEPvP7udp_pcbP4pbufP7ip_addrt                                  60            0
.xt.prop._ZN10UdpContextC2Ev                                                                  36            0
.xt.prop._ZN10UdpContext5unrefEv                                                              48            0
.xt.prop._ZTV7WiFiUDP                                                                         12            0
.xt.lit._ZN14HardwareSerialD2Ev                                                                8            0
.xt.lit._ZN14HardwareSerialD0Ev                                                                0            0
.xt.prop._ZN14HardwareSerialD2Ev                                                              36            0
.xt.prop._ZN14HardwareSerialD0Ev                                                              36            0
.xt.prop._ZTV14HardwareSerial                                                                 12            0
.xt.prop._ZTV9IPAddress                                                                       12            0
.xt.lit._ZN5Print5writeEPKc                                                                    0            0
.xt.prop._ZN5Print5writeEPKc                                                                  48            0
.xt.prop._ZNSt8functionIFvvEE4swapERS1_                                                       36            0
Total                                                                                    2024507


'Finished building target: ESP8266_NTP_clock'
' '

22:09:06 Build Finished (took 3s.868ms)

