20:09:12 **** Incremental Build of configuration Release for project MQTT_Switch_ON_OFF ****
"D:\\projects\\sloeber\\arduinoPlugin\\tools\\make\\make" all 
'Do all objcopy commands'
"D:\projects\sloeber\/arduinoPlugin/packages/esp8266/tools/esptool/0.4.12/esptool.exe" -eo "D:\projects\sloeber\/arduinoPlugin/packages/esp8266/hardware/esp8266/2.4.0-rc2/bootloaders/eboot/eboot.elf" -bo "D:/projects/!!!SmartHouse/workspace/MQTT_Switch_ON_OFF/Release/MQTT_Switch_ON_OFF.bin" -bm dio -bf 40 -bz 4M -bs .text -bp 4096 -ec -eo "D:/projects/!!!SmartHouse/workspace/MQTT_Switch_ON_OFF/Release/MQTT_Switch_ON_OFF.elf" -bs .irom0.text -bs .text -bs .data -bs .rodata -bc -ec
'Finished building: MQTT_Switch_ON_OFF.hex'
' '
'Building target: MQTT_Switch_ON_OFF'
'Printing size:'
"D:\projects\sloeber\/arduinoPlugin/packages/esp8266/tools/xtensa-lx106-elf-gcc/1.20.0-26-gb404fb9-2/bin/xtensa-lx106-elf-size" -A "D:/projects/!!!SmartHouse/workspace/MQTT_Switch_ON_OFF/Release/MQTT_Switch_ON_OFF.elf"
D:/projects/!!!SmartHouse/workspace/MQTT_Switch_ON_OFF/Release/MQTT_Switch_ON_OFF.elf  :
section                                                                                                                                                                                                                        size         addr
.data                                                                                                                                                                                                                          1384   1073643520
.rodata                                                                                                                                                                                                                        6776   1073644912
.bss                                                                                                                                                                                                                          33080   1073651688
.irom0.text                                                                                                                                                                                                                  292624   1075843088
.text                                                                                                                                                                                                                         27897   1074790400
.debug_frame                                                                                                                                                                                                                  64768            0
.debug_info                                                                                                                                                                                                                 1389876            0
.debug_abbrev                                                                                                                                                                                                                153298            0
.debug_loc                                                                                                                                                                                                                   480653            0
.debug_aranges                                                                                                                                                                                                                20056            0
.debug_ranges                                                                                                                                                                                                                 49784            0
.debug_line                                                                                                                                                                                                                  411059            0
.debug_str                                                                                                                                                                                                                   258148            0
.comment                                                                                                                                                                                                                       7238            0
.xtensa.info                                                                                                                                                                                                                     56            0
.xt.lit._ZN13AbstractEventC2ERKS_                                                                                                                                                                                                 0            0
.xt.lit._ZN13AbstractEventD2Ev                                                                                                                                                                                                    0            0
.xt.lit._ZNSt17_Function_handlerIF6String13AbstractEventEPS2_E9_M_invokeERKSt9_Any_dataS1_                                                                                                                                        0            0
.xt.lit._ZN14EspSettingsBoxD2Ev                                                                                                                                                                                                   0            0
.xt.prop._ZNSt17_Function_handlerIFvPcPhjEPS2_E9_M_invokeERKSt9_Any_dataS0_S1_j                                                                                                                                                  36            0
.xt.prop._ZNSt14_Function_base13_Base_managerIPFvPcPhjEE10_M_managerERSt9_Any_dataRKS6_St18_Manager_operation                                                                                                                    72            0
.xt.prop._ZNSt14_Function_base13_Base_managerIPF6String13AbstractEventEE10_M_managerERSt9_Any_dataRKS6_St18_Manager_operation                                                                                                    72            0
.xt.prop._ZNSt17_Function_handlerIFvvEPS0_E9_M_invokeERKSt9_Any_data                                                                                                                                                             36            0
.xt.prop._ZNSt14_Function_base13_Base_managerIPFvvEE10_M_managerERSt9_Any_dataRKS4_St18_Manager_operation                                                                                                                        72            0
.xt.prop._ZNSt14_Function_baseD2Ev                                                                                                                                                                                               36            0
.xt.prop._ZN13AbstractEventC2ERKS_                                                                                                                                                                                               36            0
.xt.prop._ZN13AbstractEventD2Ev                                                                                                                                                                                                  36            0
.xt.prop._ZNSt17_Function_handlerIF6String13AbstractEventEPS2_E9_M_invokeERKSt9_Any_dataS1_                                                                                                                                      36            0
.xt.prop._ZN14EspSettingsBoxD2Ev                                                                                                                                                                                                 36            0
.xt.lit._ZN13AbstractEventC2EOS_                                                                                                                                                                                                  0            0
.xt.lit._ZNSt17_Function_handlerIFv13AbstractEventESt8functionIF6StringS0_EEE9_M_invokeERKSt9_Any_dataS0_                                                                                                                         0            0
.xt.lit._ZNSt14_Function_base13_Base_managerISt8functionIF6String13AbstractEventEEE10_M_managerERSt9_Any_dataRKS7_St18_Manager_operation                                                                                          0            0
.xt.prop._ZN13AbstractEventC2EOS_                                                                                                                                                                                                36            0
.xt.prop._ZNSt17_Function_handlerIFv13AbstractEventESt8functionIF6StringS0_EEE9_M_invokeERKSt9_Any_dataS0_                                                                                                                       48            0
.xt.prop._ZNSt8functionIF6String13AbstractEventEEC2ERKS3_                                                                                                                                                                        36            0
.xt.prop._ZNSt14_Function_base13_Base_managerISt8functionIF6String13AbstractEventEEE10_M_managerERSt9_Any_dataRKS7_St18_Manager_operation                                                                                        84            0
.xt.prop._ZSt4swapISt9_Any_dataEvRT_S2_                                                                                                                                                                                          36            0
.xt.lit._ZN2fs4File9readBytesEPcj                                                                                                                                                                                                 0            0
.xt.lit._ZN11ArduinoJson9Internals8Encoding10escapeCharEc                                                                                                                                                                         8            0
.xt.lit._ZN11ArduinoJson9JsonArray7invalidEv                                                                                                                                                                                      8            0
.xt.lit._ZN11ArduinoJson10JsonObject7invalidEv                                                                                                                                                                                    8            0
.xt.lit._ZN11ArduinoJson10JsonBuffer12createObjectEv                                                                                                                                                                              0            0
.xt.lit._ZNK11ArduinoJson11JsonVariant15variantAsStringEv                                                                                                                                                                         8            0
.xt.lit._ZN2fs4FileD2Ev                                                                                                                                                                                                           8            0
.xt.lit._ZN2fs4FileaSEOS0_                                                                                                                                                                                                        0            0
.xt.lit._ZN11ArduinoJson9Internals10JsonParserINS0_17CharPointerTraitsIcE6ReaderENS0_12StringWriterIcEEE3eatERS4_c                                                                                                                0            0
.xt.lit._ZN11ArduinoJson9Internals10JsonParserINS0_17CharPointerTraitsIcE6ReaderENS0_12StringWriterIcEEE11parseStringEv                                                                                                           8            0
.xt.lit._ZN11ArduinoJson9Internals10JsonWriterI14HardwareSerialE8writeRawEc                                                                                                                                                       0            0
.xt.lit._ZN11ArduinoJson9Internals10JsonWriterI14HardwareSerialE8writeRawEPKc                                                                                                                                                     0            0
.xt.lit._ZN11ArduinoJson9Internals10JsonWriterI14HardwareSerialE11writeStringEPKc                                                                                                                                                 0            0
.xt.lit._ZN11ArduinoJson10JsonObject7findKeyIPKcEENS_9Internals12ListIteratorINS_8JsonPairEEET_                                                                                                                                   0            0
.xt.lit._ZN11ArduinoJson9Internals4ListINS_8JsonPairEE3addEv                                                                                                                                                                      0            0
.xt.lit._ZN11ArduinoJson10JsonObject3setIhcEENS_10TypeTraits8EnableIfIXntsrNS2_7IsArrayIT_EE5valueEbE4typeEPKT0_RKS5_                                                                                                             0            0
.xt.lit._ZN11ArduinoJson10JsonObject3setIicEENS_10TypeTraits8EnableIfIXntsrNS2_7IsArrayIT_EE5valueEbE4typeEPKT0_RKS5_                                                                                                             0            0
.xt.lit._ZN11ArduinoJson10JsonObject3setI6StringcEENS_10TypeTraits8EnableIfIXntsrNS3_7IsArrayIT_EE5valueEbE4typeEPKT0_RKS6_                                                                                                       0            0
.xt.lit._ZN11ArduinoJson9Internals10JsonWriterIN2fs4FileEE8writeRawEc                                                                                                                                                             0            0
.xt.lit._ZN11ArduinoJson9Internals10JsonWriterIN2fs4FileEE8writeRawEPKc                                                                                                                                                           0            0
.xt.lit._ZN11ArduinoJson9Internals10JsonWriterIN2fs4FileEE11writeStringEPKc                                                                                                                                                       0            0
.xt.lit._ZNK11ArduinoJson10JsonObject7findKeyIPKcEENS_9Internals17ListConstIteratorINS_8JsonPairEEET_                                                                                                                             0            0
.xt.lit._ZNK11ArduinoJson10JsonObject8get_implIPKcPcEENS_9Internals13JsonVariantAsIT0_E4typeET_                                                                                                                                   0            0
.xt.lit._ZNK11ArduinoJson10JsonObject8get_implIPKcS3_EENS_9Internals13JsonVariantAsIT0_E4typeET_                                                                                                                                  0            0
.xt.lit._ZNK11ArduinoJson10JsonObject8get_implIPKchEENS_9Internals13JsonVariantAsIT0_E4typeET_                                                                                                                                    8            0
.xt.lit._ZNK11ArduinoJson10JsonObject8get_implIPKciEENS_9Internals13JsonVariantAsIT0_E4typeET_                                                                                                                                    8            0
.xt.lit._ZN11ArduinoJson9Internals10FloatPartsIfEC2Ef                                                                                                                                                                             8            0
.xt.lit._ZN11ArduinoJson9Internals10JsonWriterI14HardwareSerialE10writeFloatIfEEvT_                                                                                                                                               8            0
.xt.lit._ZN11ArduinoJson9Internals14JsonSerializerINS0_10JsonWriterI14HardwareSerialEEE9serializeERKNS_11JsonVariantERS4_                                                                                                         8            0
.xt.lit._ZN11ArduinoJson9Internals14JsonSerializerINS0_10JsonWriterI14HardwareSerialEEE9serializeERKNS_10JsonObjectERS4_                                                                                                          0            0
.xt.lit._ZNK11ArduinoJson9Internals13JsonPrintableINS_10JsonObjectEE7printToI14HardwareSerialEENS_10TypeTraits8EnableIfIXntsrNS6_8IsStringIT_vEE5valueEjE4typeERS9_                                                               0            0
.xt.lit._ZN11ArduinoJson9Internals10JsonWriterIN2fs4FileEE10writeFloatIfEEvT_                                                                                                                                                     0            0
.xt.lit._ZN11ArduinoJson9Internals14JsonSerializerINS0_10JsonWriterIN2fs4FileEEEE9serializeERKNS_11JsonVariantERS5_                                                                                                               8            0
.xt.lit._ZN11ArduinoJson9Internals14JsonSerializerINS0_10JsonWriterIN2fs4FileEEEE9serializeERKNS_10JsonObjectERS5_                                                                                                                0            0
.xt.lit._ZN11ArduinoJson9Internals10JsonParserINS0_17CharPointerTraitsIcE6ReaderENS0_12StringWriterIcEEE10parseArrayEv                                                                                                            0            0
.xt.lit._ZN11ArduinoJson9Internals10JsonParserINS0_17CharPointerTraitsIcE6ReaderENS0_12StringWriterIcEEE15parseAnythingToEPNS_11JsonVariantE                                                                                      0            0
.xt.lit._ZN11ArduinoJson9Internals10JsonParserINS0_17CharPointerTraitsIcE6ReaderENS0_12StringWriterIcEEE11parseObjectEv                                                                                                           0            0
.xt.lit._ZN11ArduinoJson14JsonBufferBaseINS_20StaticJsonBufferBaseEE11parseObjectIcEERNS_10JsonObjectEPT_h                                                                                                                        0            0
.xt.lit._ZN11ArduinoJson9Internals10JsonWriterINS0_20DynamicStringBuilderI6StringEEE8writeRawEPKc                                                                                                                                 0            0
.xt.lit._ZN11ArduinoJson9Internals10JsonWriterINS0_20DynamicStringBuilderI6StringEEE8writeRawEc                                                                                                                                   0            0
.xt.lit._ZN11ArduinoJson9Internals10JsonWriterINS0_20DynamicStringBuilderI6StringEEE10writeFloatIfEEvT_                                                                                                                           0            0
.xt.lit._ZN11ArduinoJson9Internals10JsonWriterINS0_20DynamicStringBuilderI6StringEEE11writeStringEPKc                                                                                                                             0            0
.xt.lit._ZN11ArduinoJson9Internals14JsonSerializerINS0_10JsonWriterINS0_20DynamicStringBuilderI6StringEEEEE9serializeERKNS_11JsonVariantERS6_                                                                                     8            0
.xt.lit._ZN11ArduinoJson9Internals14JsonSerializerINS0_10JsonWriterINS0_20DynamicStringBuilderI6StringEEEEE9serializeERKNS_10JsonObjectERS6_                                                                                      0            0
.xt.prop._ZN2fs4File9readBytesEPcj                                                                                                                                                                                               36            0
.xt.prop._ZN11ArduinoJson20StaticJsonBufferBase5allocEj                                                                                                                                                                          60            0
.xt.prop._ZN11ArduinoJson9Internals8Encoding10escapeCharEc                                                                                                                                                                       60            0
.xt.prop._ZN11ArduinoJson9Internals19JsonBufferAllocatednwEjPNS_10JsonBufferE                                                                                                                                                    48            0
.xt.prop._ZN11ArduinoJson9JsonArray7invalidEv                                                                                                                                                                                    36            0
.xt.prop._ZN11ArduinoJson10JsonObject7invalidEv                                                                                                                                                                                  36            0
.xt.prop._ZN11ArduinoJson10JsonBuffer12createObjectEv                                                                                                                                                                            60            0
.xt.prop._ZNK11ArduinoJson11JsonVariant15variantAsStringEv                                                                                                                                                                       72            0
.xt.prop._ZNSt14__shared_countILN9__gnu_cxx12_Lock_policyE0EED2Ev                                                                                                                                                                36            0
.xt.prop._ZN2fs4FileD2Ev                                                                                                                                                                                                         36            0
.xt.prop._ZN2fs4FileaSEOS0_                                                                                                                                                                                                      36            0
.xt.prop._ZN11ArduinoJson9Internals21skipSpacesAndCommentsINS0_17CharPointerTraitsIcE6ReaderEEEvRT_                                                                                                                             216            0
.xt.prop._ZN11ArduinoJson9Internals10JsonParserINS0_17CharPointerTraitsIcE6ReaderENS0_12StringWriterIcEEE3eatERS4_c                                                                                                              48            0
.xt.prop._ZN11ArduinoJson9Internals10JsonParserINS0_17CharPointerTraitsIcE6ReaderENS0_12StringWriterIcEEE11parseStringEv                                                                                                        132            0
.xt.prop._ZN11ArduinoJson9Internals10JsonWriterI14HardwareSerialE8writeRawEc                                                                                                                                                     36            0
.xt.prop._ZN11ArduinoJson9Internals10JsonWriterI14HardwareSerialE8writeRawEPKc                                                                                                                                                   36            0
.xt.prop._ZN11ArduinoJson9Internals10JsonWriterI14HardwareSerialE11writeStringEPKc                                                                                                                                               84            0
.xt.prop._ZN11ArduinoJson10JsonObject7findKeyIPKcEENS_9Internals12ListIteratorINS_8JsonPairEEET_                                                                                                                                 60            0
.xt.prop._ZN11ArduinoJson9Internals4ListINS_8JsonPairEE3addEv                                                                                                                                                                    84            0
.xt.prop._ZN11ArduinoJson10JsonObject3setIhcEENS_10TypeTraits8EnableIfIXntsrNS2_7IsArrayIT_EE5valueEbE4typeEPKT0_RKS5_                                                                                                           60            0
.xt.prop._ZN11ArduinoJson10JsonObject3setIicEENS_10TypeTraits8EnableIfIXntsrNS2_7IsArrayIT_EE5valueEbE4typeEPKT0_RKS5_                                                                                                           60            0
.xt.prop._ZN11ArduinoJson10JsonObject3setI6StringcEENS_10TypeTraits8EnableIfIXntsrNS3_7IsArrayIT_EE5valueEbE4typeEPKT0_RKS6_                                                                                                     60            0
.xt.prop._ZN11ArduinoJson9Internals10JsonWriterIN2fs4FileEE8writeRawEc                                                                                                                                                           36            0
.xt.prop._ZN11ArduinoJson9Internals10JsonWriterIN2fs4FileEE8writeRawEPKc                                                                                                                                                         36            0
.xt.prop._ZN11ArduinoJson9Internals10JsonWriterIN2fs4FileEE11writeStringEPKc                                                                                                                                                     84            0
.xt.prop._ZNK11ArduinoJson10JsonObject7findKeyIPKcEENS_9Internals17ListConstIteratorINS_8JsonPairEEET_                                                                                                                           36            0
.xt.prop._ZNK11ArduinoJson10JsonObject8get_implIPKcPcEENS_9Internals13JsonVariantAsIT0_E4typeET_                                                                                                                                 36            0
.xt.prop._ZNK11ArduinoJson10JsonObject8get_implIPKcS3_EENS_9Internals13JsonVariantAsIT0_E4typeET_                                                                                                                                36            0
.xt.prop._ZNK11ArduinoJson10JsonObject8get_implIPKchEENS_9Internals13JsonVariantAsIT0_E4typeET_                                                                                                                                 252            0
.xt.prop._ZNK11ArduinoJson10JsonObject8get_implIPKciEENS_9Internals13JsonVariantAsIT0_E4typeET_                                                                                                                                 228            0
.xt.prop._ZN11ArduinoJson9Internals10FloatPartsIfEC2Ef                                                                                                                                                                          216            0
.xt.prop._ZN11ArduinoJson9Internals10JsonWriterI14HardwareSerialE10writeFloatIfEEvT_                                                                                                                                            204            0
.xt.prop._ZN11ArduinoJson9Internals14JsonSerializerINS0_10JsonWriterI14HardwareSerialEEE9serializeERKNS_11JsonVariantERS4_                                                                                                      252            0
.xt.prop._ZN11ArduinoJson9Internals14JsonSerializerINS0_10JsonWriterI14HardwareSerialEEE9serializeERKNS_10JsonObjectERS4_                                                                                                        84            0
.xt.prop._ZNK11ArduinoJson9Internals13JsonPrintableINS_10JsonObjectEE7printToI14HardwareSerialEENS_10TypeTraits8EnableIfIXntsrNS6_8IsStringIT_vEE5valueEjE4typeERS9_                                                             36            0
.xt.prop._ZN11ArduinoJson9Internals10JsonWriterIN2fs4FileEE10writeFloatIfEEvT_                                                                                                                                                  204            0
.xt.prop._ZN11ArduinoJson9Internals14JsonSerializerINS0_10JsonWriterIN2fs4FileEEEE9serializeERKNS_11JsonVariantERS5_                                                                                                            252            0
.xt.prop._ZN11ArduinoJson9Internals14JsonSerializerINS0_10JsonWriterIN2fs4FileEEEE9serializeERKNS_10JsonObjectERS5_                                                                                                              84            0
.xt.prop._ZN11ArduinoJson9Internals10JsonParserINS0_17CharPointerTraitsIcE6ReaderENS0_12StringWriterIcEEE10parseArrayEv                                                                                                         192            0
.xt.prop._ZN11ArduinoJson9Internals10JsonParserINS0_17CharPointerTraitsIcE6ReaderENS0_12StringWriterIcEEE15parseAnythingToEPNS_11JsonVariantE                                                                                   156            0
.xt.prop._ZN11ArduinoJson9Internals10JsonParserINS0_17CharPointerTraitsIcE6ReaderENS0_12StringWriterIcEEE11parseObjectEv                                                                                                         96            0
.xt.prop._ZN11ArduinoJson14JsonBufferBaseINS_20StaticJsonBufferBaseEE11parseObjectIcEERNS_10JsonObjectEPT_h                                                                                                                      36            0
.xt.prop._ZN11ArduinoJson9Internals10JsonWriterINS0_20DynamicStringBuilderI6StringEEE8writeRawEPKc                                                                                                                               36            0
.xt.prop._ZN11ArduinoJson9Internals10JsonWriterINS0_20DynamicStringBuilderI6StringEEE8writeRawEc                                                                                                                                 36            0
.xt.prop._ZN11ArduinoJson9Internals10JsonWriterINS0_20DynamicStringBuilderI6StringEEE10writeFloatIfEEvT_                                                                                                                        204            0
.xt.prop._ZN11ArduinoJson9Internals10JsonWriterINS0_20DynamicStringBuilderI6StringEEE11writeStringEPKc                                                                                                                           84            0
.xt.prop._ZN11ArduinoJson9Internals14JsonSerializerINS0_10JsonWriterINS0_20DynamicStringBuilderI6StringEEEEE9serializeERKNS_11JsonVariantERS6_                                                                                  252            0
.xt.prop._ZN11ArduinoJson9Internals14JsonSerializerINS0_10JsonWriterINS0_20DynamicStringBuilderI6StringEEEEE9serializeERKNS_10JsonObjectERS6_                                                                                    84            0
.xt.prop._ZZN11ArduinoJson10TypeTraits11FloatTraitsIfLj4EE24positiveBinaryPowerOfTenEiE7factors                                                                                                                                  12            0
.xt.prop._ZZN11ArduinoJson10TypeTraits11FloatTraitsIfLj4EE31negativeBinaryPowerOfTenPlusOneEiE7factors                                                                                                                           12            0
.xt.prop._ZZN11ArduinoJson10TypeTraits11FloatTraitsIfLj4EE24negativeBinaryPowerOfTenEiE7factors                                                                                                                                  12            0
.xt.prop._ZZN11ArduinoJson10JsonObject7invalidEvE8instance                                                                                                                                                                       12            0
.xt.prop._ZZN11ArduinoJson9JsonArray7invalidEvE8instance                                                                                                                                                                         12            0
.xt.prop._ZTVN11ArduinoJson16StaticJsonBufferILj1024EEE                                                                                                                                                                          12            0
.xt.prop._ZGVZN11ArduinoJson10JsonObject7invalidEvE8instance                                                                                                                                                                     12            0
.xt.prop._ZGVZN11ArduinoJson9JsonArray7invalidEvE8instance                                                                                                                                                                       12            0
.xt.lit._ZNKSt8functionIFvvEEclEv                                                                                                                                                                                                 0            0
.xt.prop._ZNSt8functionIFvvEEC2ERKS1_                                                                                                                                                                                            36            0
.xt.prop._ZNKSt8functionIFvvEEclEv                                                                                                                                                                                               48            0
.xt.lit._ZNSt8functionIFvPcPhjEEaSIRS3_EENSt9enable_ifIXsrSt5__or_IISt7is_voidIvESt14is_convertibleIDTclcl18__callable_functorcl7declvalIRT_EEEcl7declvalIS0_EEcl7declvalIS1_EEcl7declvalIjEEEEvEEE5valueES5_E4typeEOSB_          0            0
.xt.prop._ZNSt8functionIFvPcPhjEEC2ERKS3_                                                                                                                                                                                        36            0
.xt.prop._ZNSt8functionIFvPcPhjEEaSIRS3_EENSt9enable_ifIXsrSt5__or_IISt7is_voidIvESt14is_convertibleIDTclcl18__callable_functorcl7declvalIRT_EEEcl7declvalIS0_EEcl7declvalIS1_EEcl7declvalIjEEEEvEEE5valueES5_E4typeEOSB_        36            0
.xt.lit._ZNSt16_Sp_counted_baseILN9__gnu_cxx12_Lock_policyE0EED2Ev                                                                                                                                                                8            0
.xt.lit._ZNSt16_Sp_counted_baseILN9__gnu_cxx12_Lock_policyE0EED0Ev                                                                                                                                                                0            0
.xt.lit._ZNSt10_List_baseISt10shared_ptrI22WiFiEventHandlerOpaqueESaIS2_EE8_M_clearEv                                                                                                                                             0            0
.xt.prop._ZNSt16_Sp_counted_baseILN9__gnu_cxx12_Lock_policyE0EE10_M_destroyEv                                                                                                                                                    48            0
.xt.prop._ZNSt16_Sp_counted_baseILN9__gnu_cxx12_Lock_policyE0EED2Ev                                                                                                                                                              36            0
.xt.prop._ZNSt16_Sp_counted_baseILN9__gnu_cxx12_Lock_policyE0EED0Ev                                                                                                                                                              36            0
.xt.prop._ZNSt10_List_baseISt10shared_ptrI22WiFiEventHandlerOpaqueESaIS2_EE8_M_clearEv                                                                                                                                           60            0
.xt.prop._ZTVSt16_Sp_counted_baseILN9__gnu_cxx12_Lock_policyE0EE                                                                                                                                                                 12            0
.xt.lit._ZN10DataSourceD2Ev                                                                                                                                                                                                       8            0
.xt.lit._ZN16BufferDataSourceD2Ev                                                                                                                                                                                                 0            0
.xt.lit._ZN10DataSourceD0Ev                                                                                                                                                                                                       0            0
.xt.lit._ZN16BufferDataSourceD0Ev                                                                                                                                                                                                 0            0
.xt.lit._ZN16BufferDataSource10get_bufferEj                                                                                                                                                                                       8            0
.xt.lit._ZN16BufferDataSource14release_bufferEPKhj                                                                                                                                                                                8            0
.xt.lit._ZN13ClientContext7_s_pollEPvP7tcp_pcb                                                                                                                                                                                    0            0
.xt.lit._ZN13ClientContext7_s_recvEPvP7tcp_pcbP4pbufl                                                                                                                                                                             0            0
.xt.lit._ZN13ClientContext12_s_connectedEPvP7tcp_pcbl                                                                                                                                                                             8            0
.xt.lit._ZN13ClientContext8_s_errorEPvl                                                                                                                                                                                           0            0
.xt.lit._ZN13ClientContext7_s_sentEPvP7tcp_pcbt                                                                                                                                                                                   0            0
.xt.lit._ZN13ClientContext5flushEv                                                                                                                                                                                                0            0
.xt.lit._ZN13ClientContext5unrefEv                                                                                                                                                                                                0            0
.xt.lit._ZN13ClientContext11_write_someEv                                                                                                                                                                                         0            0
.xt.lit._ZN13ClientContext18_write_from_sourceEP10DataSource                                                                                                                                                                      8            0
.xt.lit._ZN13ClientContext8_consumeEj                                                                                                                                                                                             0            0
.xt.lit._ZNSt10unique_ptrIA_hSt14default_deleteIS0_EED2Ev                                                                                                                                                                         0            0
.xt.prop._ZN6Stream9readBytesEPhj                                                                                                                                                                                                36            0
.xt.prop._ZN10DataSourceD2Ev                                                                                                                                                                                                     36            0
.xt.prop._ZN16BufferDataSource9availableEv                                                                                                                                                                                       36            0
.xt.prop._ZN16BufferDataSourceD2Ev                                                                                                                                                                                               36            0
.xt.prop._ZN10DataSourceD0Ev                                                                                                                                                                                                     36            0
.xt.prop._ZN16BufferDataSourceD0Ev                                                                                                                                                                                               36            0
.xt.prop._ZN16BufferDataSource10get_bufferEj                                                                                                                                                                                     36            0
.xt.prop._ZN16BufferDataSource14release_bufferEPKhj                                                                                                                                                                              36            0
.xt.prop._ZN13ClientContext7_s_pollEPvP7tcp_pcb                                                                                                                                                                                  36            0
.xt.prop._ZN13ClientContext7_s_recvEPvP7tcp_pcbP4pbufl                                                                                                                                                                           84            0
.xt.prop._ZN13ClientContext12_s_connectedEPvP7tcp_pcbl                                                                                                                                                                           72            0
.xt.prop._ZN13ClientContext8_s_errorEPvl                                                                                                                                                                                         36            0
.xt.prop._ZN13ClientContext7_s_sentEPvP7tcp_pcbt                                                                                                                                                                                 36            0
.xt.prop._ZN13ClientContext5flushEv                                                                                                                                                                                              60            0
.xt.prop._ZN13ClientContext5unrefEv                                                                                                                                                                                              60            0
.xt.prop._ZN13ClientContext11_write_someEv                                                                                                                                                                                      168            0
.xt.prop._ZN13ClientContext18_write_from_sourceEP10DataSource                                                                                                                                                                   180            0
.xt.prop._ZN13ClientContext8_consumeEj                                                                                                                                                                                           84            0
.xt.prop._ZNSt10unique_ptrIA_hSt14default_deleteIS0_EED2Ev                                                                                                                                                                       36            0
.xt.prop.text                                                                                                                                                                                                                    60            0
.xt.prop._ZTV10DataSource                                                                                                                                                                                                        12            0
.xt.prop._ZTV16BufferDataSource                                                                                                                                                                                                  12            0
.xt.prop._ZTV10WiFiClient                                                                                                                                                                                                        12            0
.xt.lit._ZN10WiFiServerD2Ev                                                                                                                                                                                                       8            0
.xt.lit._ZN10WiFiServerD0Ev                                                                                                                                                                                                       0            0
.xt.prop._ZN10WiFiServerD2Ev                                                                                                                                                                                                     36            0
.xt.prop._ZN10WiFiServerD0Ev                                                                                                                                                                                                     36            0
.xt.prop._ZTV10WiFiServer                                                                                                                                                                                                        12            0
.xt.lit._ZN14RequestHandlerD2Ev                                                                                                                                                                                                   8            0
.xt.lit._ZN14RequestHandlerD0Ev                                                                                                                                                                                                   0            0
.xt.lit._ZN22FunctionRequestHandler9canUploadE6String                                                                                                                                                                             0            0
.xt.lit._ZN22FunctionRequestHandler9canHandleE10HTTPMethod6String                                                                                                                                                                 0            0
.xt.lit._ZN22FunctionRequestHandlerD2Ev                                                                                                                                                                                           8            0
.xt.lit._ZN22FunctionRequestHandlerD0Ev                                                                                                                                                                                           0            0
.xt.lit._ZN22FunctionRequestHandler6handleER16ESP8266WebServer10HTTPMethod6String                                                                                                                                                 0            0
.xt.lit._ZN22FunctionRequestHandler6uploadER16ESP8266WebServer6StringR10HTTPUpload                                                                                                                                                0            0
.xt.prop._ZN14RequestHandlerD2Ev                                                                                                                                                                                                 36            0
.xt.prop._ZN14RequestHandler9canHandleE10HTTPMethod6String                                                                                                                                                                       36            0
.xt.prop._ZN14RequestHandler9canUploadE6String                                                                                                                                                                                   36            0
.xt.prop._ZN14RequestHandler6handleER16ESP8266WebServer10HTTPMethod6String                                                                                                                                                       36            0
.xt.prop._ZN14RequestHandler6uploadER16ESP8266WebServer6StringR10HTTPUpload                                                                                                                                                      36            0
.xt.prop._ZN14RequestHandlerD0Ev                                                                                                                                                                                                 36            0
.xt.prop._ZN22FunctionRequestHandler9canUploadE6String                                                                                                                                                                           48            0
.xt.prop._ZN22FunctionRequestHandler9canHandleE10HTTPMethod6String                                                                                                                                                               36            0
.xt.prop._ZN5Print5writeEPKcj                                                                                                                                                                                                    36            0
.xt.prop._ZN22FunctionRequestHandlerD2Ev                                                                                                                                                                                         36            0
.xt.prop._ZN22FunctionRequestHandlerD0Ev                                                                                                                                                                                         36            0
.xt.prop._ZN22FunctionRequestHandler6handleER16ESP8266WebServer10HTTPMethod6String                                                                                                                                               48            0
.xt.prop._ZN22FunctionRequestHandler6uploadER16ESP8266WebServer6StringR10HTTPUpload                                                                                                                                              48            0
.xt.prop._ZTV14RequestHandler                                                                                                                                                                                                    12            0
.xt.prop._ZTV22FunctionRequestHandler                                                                                                                                                                                            12            0
.xt.lit._ZNK6String9substringEj                                                                                                                                                                                                   0            0
.xt.lit._ZN16ESP8266WebServer15RequestArgumentC2Ev                                                                                                                                                                                8            0
.xt.prop._ZNK6String9substringEj                                                                                                                                                                                                 36            0
.xt.prop._ZN16ESP8266WebServer15RequestArgumentC2Ev                                                                                                                                                                              36            0
.xt.lit._ZN2fs4FileC2ESt10shared_ptrINS_8FileImplEE                                                                                                                                                                               0            0
.xt.prop._ZN2fs4FileC2ESt10shared_ptrINS_8FileImplEE                                                                                                                                                                             48            0
.xt.prop._ZTVN2fs4FileE                                                                                                                                                                                                          12            0
.xt.lit._ZN14HardwareSerialD2Ev                                                                                                                                                                                                   8            0
.xt.lit._ZN14HardwareSerialD0Ev                                                                                                                                                                                                   0            0
.xt.prop._ZN14HardwareSerialD2Ev                                                                                                                                                                                                 36            0
.xt.prop._ZN14HardwareSerialD0Ev                                                                                                                                                                                                 36            0
.xt.prop._ZTV14HardwareSerial                                                                                                                                                                                                    12            0
.xt.prop._ZTV9IPAddress                                                                                                                                                                                                          12            0
.xt.lit._ZN5Print5writeEPKc                                                                                                                                                                                                       0            0
.xt.prop._ZN5Print5writeEPKc                                                                                                                                                                                                     48            0
.xt.lit._ZN2fs8FileImplD2Ev                                                                                                                                                                                                       8            0
.xt.lit._ZN2fs7DirImplD2Ev                                                                                                                                                                                                        8            0
.xt.lit._ZNSt15_Sp_counted_ptrIP10SPIFFSImplLN9__gnu_cxx12_Lock_policyE0EED2Ev                                                                                                                                                    0            0
.xt.lit._ZNSt19_Sp_counted_deleterIP13SPIFFSDirImplNSt12__shared_ptrIS0_LN9__gnu_cxx12_Lock_policyE0EE8_DeleterISaIS0_EEES7_LS4_0EED2Ev                                                                                           0            0
.xt.lit._ZNSt19_Sp_counted_deleterIP14SPIFFSFileImplNSt12__shared_ptrIS0_LN9__gnu_cxx12_Lock_policyE0EE8_DeleterISaIS0_EEES7_LS4_0EED2Ev                                                                                          0            0
.xt.lit._ZN2fs8FileImplD0Ev                                                                                                                                                                                                       0            0
.xt.lit._ZN2fs7DirImplD0Ev                                                                                                                                                                                                        0            0
.xt.lit._ZNSt15_Sp_counted_ptrIP10SPIFFSImplLN9__gnu_cxx12_Lock_policyE0EED0Ev                                                                                                                                                    0            0
.xt.lit._ZNSt15_Sp_counted_ptrIP10SPIFFSImplLN9__gnu_cxx12_Lock_policyE0EE10_M_destroyEv                                                                                                                                          0            0
.xt.lit._ZNSt19_Sp_counted_deleterIP14SPIFFSFileImplNSt12__shared_ptrIS0_LN9__gnu_cxx12_Lock_policyE0EE8_DeleterISaIS0_EEES7_LS4_0EED0Ev                                                                                          0            0
.xt.lit._ZNSt19_Sp_counted_deleterIP13SPIFFSDirImplNSt12__shared_ptrIS0_LN9__gnu_cxx12_Lock_policyE0EE8_DeleterISaIS0_EEES7_LS4_0EED0Ev                                                                                           0            0
.xt.lit._ZNSt19_Sp_counted_deleterIP13SPIFFSDirImplNSt12__shared_ptrIS0_LN9__gnu_cxx12_Lock_policyE0EE8_DeleterISaIS0_EEES7_LS4_0EE10_M_destroyEv                                                                                 0            0
.xt.lit._ZNSt19_Sp_counted_deleterIP14SPIFFSFileImplNSt12__shared_ptrIS0_LN9__gnu_cxx12_Lock_policyE0EE8_DeleterISaIS0_EEES7_LS4_0EE10_M_destroyEv                                                                                0            0
.xt.lit._ZN10SPIFFSImpl4infoERN2fs6FSInfoE                                                                                                                                                                                        0            0
.xt.lit._ZN10SPIFFSImpl3endEv                                                                                                                                                                                                     0            0
.xt.lit._ZN13SPIFFSDirImplD2Ev                                                                                                                                                                                                    8            0
.xt.lit._ZN13SPIFFSDirImplD0Ev                                                                                                                                                                                                    0            0
.xt.lit._ZN13SPIFFSDirImpl4nextEv                                                                                                                                                                                                 0            0
.xt.lit._ZNK14SPIFFSFileImpl4nameEv                                                                                                                                                                                               8            0
.xt.lit._ZN14SPIFFSFileImpl5writeEPKhj                                                                                                                                                                                            8            0
.xt.lit._ZN14SPIFFSFileImpl4readEPhj                                                                                                                                                                                              8            0
.xt.lit._ZN14SPIFFSFileImpl5flushEv                                                                                                                                                                                               8            0
.xt.lit._ZN14SPIFFSFileImpl4seekEjN2fs8SeekModeE                                                                                                                                                                                  8            0
.xt.lit._ZNK14SPIFFSFileImpl8positionEv                                                                                                                                                                                           8            0
.xt.lit._ZN14SPIFFSFileImpl5closeEv                                                                                                                                                                                               8            0
.xt.lit._ZN14SPIFFSFileImplD2Ev                                                                                                                                                                                                   8            0
.xt.lit._ZN14SPIFFSFileImplD0Ev                                                                                                                                                                                                   0            0
.xt.lit._ZNSt19_Sp_counted_deleterIP14SPIFFSFileImplNSt12__shared_ptrIS0_LN9__gnu_cxx12_Lock_policyE0EE8_DeleterISaIS0_EEES7_LS4_0EE10_M_disposeEv                                                                                0            0
.xt.lit._ZNSt19_Sp_counted_deleterIP13SPIFFSDirImplNSt12__shared_ptrIS0_LN9__gnu_cxx12_Lock_policyE0EE8_DeleterISaIS0_EEES7_LS4_0EE10_M_disposeEv                                                                                 0            0
.xt.lit._ZNK14SPIFFSFileImpl8_getStatEv                                                                                                                                                                                           8            0
.xt.lit._ZNK14SPIFFSFileImpl4sizeEv                                                                                                                                                                                               8            0
.xt.lit._ZN14SPIFFSFileImplC2EP10SPIFFSImpls                                                                                                                                                                                      0            0
.xt.lit._ZN10SPIFFSImpl6renameEPKcS1_                                                                                                                                                                                             0            0
.xt.lit._ZN10SPIFFSImpl6removeEPKc                                                                                                                                                                                                0            0
.xt.lit._ZN13SPIFFSDirImpl8openFileEN2fs8OpenModeENS0_10AccessModeE                                                                                                                                                               8            0
.xt.lit._ZNSt15_Sp_counted_ptrIP10SPIFFSImplLN9__gnu_cxx12_Lock_policyE0EE10_M_disposeEv                                                                                                                                          8            0
.xt.lit._ZNSt10unique_ptrIA_hSt14default_deleteIS0_EE5resetEPh                                                                                                                                                                    0            0
.xt.lit._ZN10SPIFFSImpl9_tryMountEv                                                                                                                                                                                               8            0
.xt.lit._ZN10SPIFFSImpl5beginEv                                                                                                                                                                                                   0            0
.xt.lit._ZN10SPIFFSImpl6formatEv                                                                                                                                                                                                  0            0
.xt.prop._ZN2fs8FileImplD2Ev                                                                                                                                                                                                     36            0
.xt.prop._ZN2fs7DirImplD2Ev                                                                                                                                                                                                      36            0
.xt.prop._ZN10SPIFFSImpl9_check_cbE17spiffs_check_type19spiffs_check_reportjj                                                                                                                                                    36            0
.xt.prop._ZN13SPIFFSDirImpl8fileNameEv                                                                                                                                                                                           36            0
.xt.prop._ZN13SPIFFSDirImpl8fileSizeEv                                                                                                                                                                                           48            0
.xt.prop._ZNSt15_Sp_counted_ptrIP10SPIFFSImplLN9__gnu_cxx12_Lock_policyE0EED2Ev                                                                                                                                                  36            0
.xt.prop._ZNSt19_Sp_counted_deleterIP13SPIFFSDirImplNSt12__shared_ptrIS0_LN9__gnu_cxx12_Lock_policyE0EE8_DeleterISaIS0_EEES7_LS4_0EED2Ev                                                                                         36            0
.xt.prop._ZNSt19_Sp_counted_deleterIP13SPIFFSDirImplNSt12__shared_ptrIS0_LN9__gnu_cxx12_Lock_policyE0EE8_DeleterISaIS0_EEES7_LS4_0EE14_M_get_deleterERKSt9type_info                                                              36            0
.xt.prop._ZNSt19_Sp_counted_deleterIP14SPIFFSFileImplNSt12__shared_ptrIS0_LN9__gnu_cxx12_Lock_policyE0EE8_DeleterISaIS0_EEES7_LS4_0EED2Ev                                                                                        36            0
.xt.prop._ZNSt19_Sp_counted_deleterIP14SPIFFSFileImplNSt12__shared_ptrIS0_LN9__gnu_cxx12_Lock_policyE0EE8_DeleterISaIS0_EEES7_LS4_0EE14_M_get_deleterERKSt9type_info                                                             36            0
.xt.prop._ZNSt15_Sp_counted_ptrIP10SPIFFSImplLN9__gnu_cxx12_Lock_policyE0EE14_M_get_deleterERKSt9type_info                                                                                                                       36            0
.xt.prop._ZN2fs8FileImplD0Ev                                                                                                                                                                                                     36            0
.xt.prop._ZN2fs7DirImplD0Ev                                                                                                                                                                                                      36            0
.xt.prop._ZNSt15_Sp_counted_ptrIP10SPIFFSImplLN9__gnu_cxx12_Lock_policyE0EED0Ev                                                                                                                                                  36            0
.xt.prop._ZNSt15_Sp_counted_ptrIP10SPIFFSImplLN9__gnu_cxx12_Lock_policyE0EE10_M_destroyEv                                                                                                                                        48            0
.xt.prop._ZNSt19_Sp_counted_deleterIP14SPIFFSFileImplNSt12__shared_ptrIS0_LN9__gnu_cxx12_Lock_policyE0EE8_DeleterISaIS0_EEES7_LS4_0EED0Ev                                                                                        36            0
.xt.prop._ZNSt19_Sp_counted_deleterIP13SPIFFSDirImplNSt12__shared_ptrIS0_LN9__gnu_cxx12_Lock_policyE0EE8_DeleterISaIS0_EEES7_LS4_0EED0Ev                                                                                         36            0
.xt.prop._ZNSt19_Sp_counted_deleterIP13SPIFFSDirImplNSt12__shared_ptrIS0_LN9__gnu_cxx12_Lock_policyE0EE8_DeleterISaIS0_EEES7_LS4_0EE10_M_destroyEv                                                                               36            0
.xt.prop._ZNSt19_Sp_counted_deleterIP14SPIFFSFileImplNSt12__shared_ptrIS0_LN9__gnu_cxx12_Lock_policyE0EE8_DeleterISaIS0_EEES7_LS4_0EE10_M_destroyEv                                                                              36            0
.xt.prop._ZN10SPIFFSImpl4infoERN2fs6FSInfoE                                                                                                                                                                                      36            0
.xt.prop._ZN10SPIFFSImpl3endEv                                                                                                                                                                                                   48            0
.xt.prop._ZN13SPIFFSDirImplD2Ev                                                                                                                                                                                                  36            0
.xt.prop._ZN13SPIFFSDirImplD0Ev                                                                                                                                                                                                  36            0
.xt.prop._ZN13SPIFFSDirImpl4nextEv                                                                                                                                                                                               48            0
.xt.prop._ZNK14SPIFFSFileImpl4nameEv                                                                                                                                                                                             36            0
.xt.prop._ZN14SPIFFSFileImpl5writeEPKhj                                                                                                                                                                                          60            0
.xt.prop._ZN14SPIFFSFileImpl4readEPhj                                                                                                                                                                                            36            0
.xt.prop._ZN14SPIFFSFileImpl5flushEv                                                                                                                                                                                             36            0
.xt.prop._ZN14SPIFFSFileImpl4seekEjN2fs8SeekModeE                                                                                                                                                                                36            0
.xt.prop._ZNK14SPIFFSFileImpl8positionEv                                                                                                                                                                                         36            0
.xt.prop._ZN14SPIFFSFileImpl5closeEv                                                                                                                                                                                             36            0
.xt.prop._ZN14SPIFFSFileImplD2Ev                                                                                                                                                                                                 36            0
.xt.prop._ZN14SPIFFSFileImplD0Ev                                                                                                                                                                                                 36            0
.xt.prop._ZNSt19_Sp_counted_deleterIP14SPIFFSFileImplNSt12__shared_ptrIS0_LN9__gnu_cxx12_Lock_policyE0EE8_DeleterISaIS0_EEES7_LS4_0EE10_M_disposeEv                                                                              36            0
.xt.prop._ZNSt19_Sp_counted_deleterIP13SPIFFSDirImplNSt12__shared_ptrIS0_LN9__gnu_cxx12_Lock_policyE0EE8_DeleterISaIS0_EEES7_LS4_0EE10_M_disposeEv                                                                               36            0
.xt.prop._ZNK14SPIFFSFileImpl8_getStatEv                                                                                                                                                                                         36            0
.xt.prop._ZNK14SPIFFSFileImpl4sizeEv                                                                                                                                                                                             36            0
.xt.prop._ZN14SPIFFSFileImplC2EP10SPIFFSImpls                                                                                                                                                                                    36            0
.xt.prop._ZN10SPIFFSImpl6renameEPKcS1_                                                                                                                                                                                           36            0
.xt.prop._ZN10SPIFFSImpl6removeEPKc                                                                                                                                                                                              36            0
.xt.prop._ZN13SPIFFSDirImpl8openFileEN2fs8OpenModeENS0_10AccessModeE                                                                                                                                                             84            0
.xt.prop._ZNSt15_Sp_counted_ptrIP10SPIFFSImplLN9__gnu_cxx12_Lock_policyE0EE10_M_disposeEv                                                                                                                                        48            0
.xt.prop._ZNSt10unique_ptrIA_hSt14default_deleteIS0_EE5resetEPh                                                                                                                                                                  36            0
.xt.prop._ZN10SPIFFSImpl9_tryMountEv                                                                                                                                                                                             72            0
.xt.prop._ZN10SPIFFSImpl5beginEv                                                                                                                                                                                                108            0
.xt.prop._ZN10SPIFFSImpl6formatEv                                                                                                                                                                                                48            0
.xt.prop._ZTVN2fs8FileImplE                                                                                                                                                                                                      12            0
.xt.prop._ZTVN2fs7DirImplE                                                                                                                                                                                                       12            0
.xt.prop._ZTV14SPIFFSFileImpl                                                                                                                                                                                                    12            0
.xt.prop._ZTV13SPIFFSDirImpl                                                                                                                                                                                                     12            0
.xt.prop._ZTV10SPIFFSImpl                                                                                                                                                                                                        12            0
.xt.prop._ZTVSt15_Sp_counted_ptrIP10SPIFFSImplLN9__gnu_cxx12_Lock_policyE0EE                                                                                                                                                     12            0
.xt.prop._ZTVSt19_Sp_counted_deleterIP14SPIFFSFileImplNSt12__shared_ptrIS0_LN9__gnu_cxx12_Lock_policyE0EE8_DeleterISaIS0_EEES7_LS4_0EE                                                                                           12            0
.xt.prop._ZTVSt19_Sp_counted_deleterIP13SPIFFSDirImplNSt12__shared_ptrIS0_LN9__gnu_cxx12_Lock_policyE0EE8_DeleterISaIS0_EEES7_LS4_0EE                                                                                            12            0
.xt.prop._ZNSt8functionIFvvEE4swapERS1_                                                                                                                                                                                          36            0
Total                                                                                                                                                                                                                       3206977


'Finished building target: MQTT_Switch_ON_OFF'
' '

20:09:14 Build Finished (took 2s.146ms)

