2019-09-18 17:15:42,287 INFO org.springframework.boot.StartupInfoLogger [main] Starting ServerApplicationTests on EPUAKYIW1726 with PID 5876 (started by Vitaliy_Vlasov in d:\projects\SmartHouse\projects\SmartHouseApp\server)
2019-09-18 17:15:42,301 INFO org.springframework.boot.SpringApplication [main] No active profile set, falling back to default profiles: default
2019-09-18 17:15:44,978 INFO org.springframework.data.repository.config.RepositoryConfigurationDelegate [main] Bootstrapping Spring Data repositories in DEFAULT mode.
2019-09-18 17:15:45,037 INFO org.springframework.data.repository.config.RepositoryConfigurationDelegate [main] Finished Spring Data repository scanning in 35ms. Found 0 repository interfaces.
2019-09-18 17:15:45,771 INFO org.springframework.context.support.PostProcessorRegistrationDelegate$BeanPostProcessorChecker [main] Bean 'org.springframework.transaction.annotation.ProxyTransactionManagementConfiguration' of type [org.springframework.transaction.annotation.ProxyTransactionManagementConfiguration] is not eligible for getting processed by all BeanPostProcessors (for example: not eligible for auto-proxying)
2019-09-18 17:15:46,348 INFO com.zaxxer.hikari.HikariDataSource [main] HikariPool-1 - Starting...
2019-09-18 17:15:46,897 INFO com.zaxxer.hikari.HikariDataSource [main] HikariPool-1 - Start completed.
2019-09-18 17:15:47,077 INFO org.hibernate.jpa.internal.util.LogHelper [main] HHH000204: Processing PersistenceUnitInfo [name: default]
2019-09-18 17:15:47,358 INFO org.hibernate.Version [main] HHH000412: Hibernate Core {5.4.4.Final}
2019-09-18 17:15:48,137 INFO org.hibernate.annotations.common.reflection.java.JavaReflectionManager [main] HCANN000001: Hibernate Commons Annotations {5.1.0.Final}
2019-09-18 17:15:49,710 INFO org.hibernate.dialect.Dialect [main] HHH000400: Using dialect: org.hibernate.dialect.H2Dialect
2019-09-18 17:15:50,663 INFO org.hibernate.engine.transaction.jta.platform.internal.JtaPlatformInitiator [main] HHH000490: Using JtaPlatform implementation: [org.hibernate.engine.transaction.jta.platform.internal.NoJtaPlatform]
2019-09-18 17:15:50,667 INFO org.springframework.orm.jpa.AbstractEntityManagerFactoryBean [main] Initialized JPA EntityManagerFactory for persistence unit 'default'
2019-09-18 17:15:51,533 WARN org.springframework.boot.autoconfigure.orm.jpa.JpaBaseConfiguration$JpaWebConfiguration [main] spring.jpa.open-in-view is enabled by default. Therefore, database queries may be performed during view rendering. Explicitly configure spring.jpa.open-in-view to disable this warning
2019-09-18 17:15:52,193 INFO org.springframework.scheduling.concurrent.ExecutorConfigurationSupport [main] Initializing ExecutorService 'applicationTaskExecutor'
2019-09-18 17:15:53,445 INFO org.springframework.boot.StartupInfoLogger [main] Started ServerApplicationTests in 12.7055929 seconds (JVM running for 14.872)
2019-09-18 17:15:55,322 INFO org.springframework.scheduling.concurrent.ExecutorConfigurationSupport [Thread-3] Shutting down ExecutorService 'applicationTaskExecutor'
2019-09-18 17:15:55,323 INFO org.springframework.orm.jpa.AbstractEntityManagerFactoryBean [Thread-3] Closing JPA EntityManagerFactory for persistence unit 'default'
2019-09-18 17:15:55,324 INFO org.hibernate.tool.schema.internal.SchemaDropperImpl$DelayedDropActionImpl [Thread-3] HHH000477: Starting delayed evictData of schema as part of SessionFactory shut-down'
2019-09-18 17:15:55,328 INFO com.zaxxer.hikari.HikariDataSource [Thread-3] HikariPool-1 - Shutdown initiated...
2019-09-18 17:15:55,342 INFO com.zaxxer.hikari.HikariDataSource [Thread-3] HikariPool-1 - Shutdown completed.
2019-09-18 17:33:38,034 INFO org.springframework.boot.StartupInfoLogger [restartedMain] Starting ServerApplication on EPUAKYIW1726 with PID 19576 (D:\projects\!!SmartHouse\projects\SmartHouseApp\server\target\classes started by Vitaliy_Vlasov in D:\projects\!!SmartHouse\projects\SmartHouseApp\server)
2019-09-18 17:33:38,048 INFO org.springframework.boot.SpringApplication [restartedMain] No active profile set, falling back to default profiles: default
2019-09-18 17:33:38,239 INFO org.springframework.boot.logging.DeferredLog [restartedMain] The Class-Path manifest attribute in C:\Users\Vitaliy_Vlasov\.m2\repository\org\glassfish\jaxb\jaxb-runtime\2.3.2\jaxb-runtime-2.3.2.jar referenced one or more files that do not exist: file:/C:/Users/Vitaliy_Vlasov/.m2/repository/org/glassfish/jaxb/jaxb-runtime/2.3.2/jakarta.xml.bind-api-2.3.2.jar,file:/C:/Users/Vitaliy_Vlasov/.m2/repository/org/glassfish/jaxb/jaxb-runtime/2.3.2/txw2-2.3.2.jar,file:/C:/Users/Vitaliy_Vlasov/.m2/repository/org/glassfish/jaxb/jaxb-runtime/2.3.2/istack-commons-runtime-3.0.8.jar,file:/C:/Users/Vitaliy_Vlasov/.m2/repository/org/glassfish/jaxb/jaxb-runtime/2.3.2/stax-ex-1.8.1.jar,file:/C:/Users/Vitaliy_Vlasov/.m2/repository/org/glassfish/jaxb/jaxb-runtime/2.3.2/FastInfoset-1.2.16.jar,file:/C:/Users/Vitaliy_Vlasov/.m2/repository/org/glassfish/jaxb/jaxb-runtime/2.3.2/jakarta.activation-api-1.2.1.jar
2019-09-18 17:33:38,239 INFO org.springframework.boot.logging.DeferredLog [restartedMain] Devtools property defaults active! Set 'spring.devtools.add-properties' to 'false' to disable
2019-09-18 17:33:38,239 INFO org.springframework.boot.logging.DeferredLog [restartedMain] For additional web related logging consider setting the 'logging.level.web' property to 'DEBUG'
2019-09-18 17:33:40,127 INFO org.springframework.data.repository.config.RepositoryConfigurationDelegate [restartedMain] Bootstrapping Spring Data repositories in DEFAULT mode.
2019-09-18 17:33:40,186 INFO org.springframework.data.repository.config.RepositoryConfigurationDelegate [restartedMain] Finished Spring Data repository scanning in 31ms. Found 0 repository interfaces.
2019-09-18 17:33:40,754 INFO org.springframework.context.support.PostProcessorRegistrationDelegate$BeanPostProcessorChecker [restartedMain] Bean 'org.springframework.transaction.annotation.ProxyTransactionManagementConfiguration' of type [org.springframework.transaction.annotation.ProxyTransactionManagementConfiguration] is not eligible for getting processed by all BeanPostProcessors (for example: not eligible for auto-proxying)
2019-09-18 17:33:41,846 INFO org.springframework.boot.web.embedded.tomcat.TomcatWebServer [restartedMain] Tomcat initialized with port(s): 8080 (http)
2019-09-18 17:33:41,861 INFO org.apache.juli.logging.DirectJDKLog [restartedMain] Initializing ProtocolHandler ["http-nio-8080"]
2019-09-18 17:33:41,862 INFO org.apache.juli.logging.DirectJDKLog [restartedMain] Starting service [Tomcat]
2019-09-18 17:33:41,863 INFO org.apache.juli.logging.DirectJDKLog [restartedMain] Starting Servlet engine: [Apache Tomcat/9.0.24]
2019-09-18 17:33:42,123 INFO org.apache.juli.logging.DirectJDKLog [restartedMain] Initializing Spring embedded WebApplicationContext
2019-09-18 17:33:42,124 INFO org.springframework.boot.web.servlet.context.ServletWebServerApplicationContext [restartedMain] Root WebApplicationContext: initialization completed in 3884 ms
2019-09-18 17:33:42,230 INFO com.zaxxer.hikari.HikariDataSource [restartedMain] HikariPool-1 - Starting...
2019-09-18 17:33:42,671 INFO com.zaxxer.hikari.HikariDataSource [restartedMain] HikariPool-1 - Start completed.
2019-09-18 17:33:42,680 INFO org.springframework.boot.autoconfigure.h2.H2ConsoleAutoConfiguration [restartedMain] H2 console available at '/h2-console'. Database available at 'jdbc:h2:mem:localhost'
2019-09-18 17:33:42,955 INFO org.hibernate.jpa.internal.util.LogHelper [restartedMain] HHH000204: Processing PersistenceUnitInfo [name: default]
2019-09-18 17:33:43,095 INFO org.hibernate.Version [restartedMain] HHH000412: Hibernate Core {5.4.4.Final}
2019-09-18 17:33:43,336 INFO org.hibernate.annotations.common.reflection.java.JavaReflectionManager [restartedMain] HCANN000001: Hibernate Commons Annotations {5.1.0.Final}
2019-09-18 17:33:43,532 INFO org.hibernate.dialect.Dialect [restartedMain] HHH000400: Using dialect: org.hibernate.dialect.H2Dialect
2019-09-18 17:33:43,951 INFO org.hibernate.engine.transaction.jta.platform.internal.JtaPlatformInitiator [restartedMain] HHH000490: Using JtaPlatform implementation: [org.hibernate.engine.transaction.jta.platform.internal.NoJtaPlatform]
2019-09-18 17:33:43,981 INFO org.springframework.orm.jpa.AbstractEntityManagerFactoryBean [restartedMain] Initialized JPA EntityManagerFactory for persistence unit 'default'
2019-09-18 17:33:44,174 INFO org.springframework.boot.devtools.autoconfigure.OptionalLiveReloadServer [restartedMain] LiveReload server is running on port 35729
2019-09-18 17:33:44,631 WARN org.springframework.boot.autoconfigure.orm.jpa.JpaBaseConfiguration$JpaWebConfiguration [restartedMain] spring.jpa.open-in-view is enabled by default. Therefore, database queries may be performed during view rendering. Explicitly configure spring.jpa.open-in-view to disable this warning
2019-09-18 17:33:44,919 INFO org.springframework.scheduling.concurrent.ExecutorConfigurationSupport [restartedMain] Initializing ExecutorService 'applicationTaskExecutor'
2019-09-18 17:33:45,489 INFO org.apache.juli.logging.DirectJDKLog [restartedMain] Starting ProtocolHandler ["http-nio-8080"]
2019-09-18 17:33:45,532 INFO org.springframework.boot.web.embedded.tomcat.TomcatWebServer [restartedMain] Tomcat started on port(s): 8080 (http) with context path ''
2019-09-18 17:33:45,537 INFO org.springframework.boot.StartupInfoLogger [restartedMain] Started ServerApplication in 8.8391968 seconds (JVM running for 9.867)
2019-09-18 17:34:13,595 INFO org.apache.juli.logging.DirectJDKLog [http-nio-8080-exec-2] Initializing Spring DispatcherServlet 'dispatcherServlet'
2019-09-18 17:34:13,595 INFO org.springframework.web.servlet.FrameworkServlet [http-nio-8080-exec-2] Initializing Servlet 'dispatcherServlet'
2019-09-18 17:34:13,615 INFO org.springframework.web.servlet.FrameworkServlet [http-nio-8080-exec-2] Completed initialization in 20 ms
2019-09-18 17:34:18,660 INFO com.balabas.smarthouse.server.controller.DeviceController [http-nio-8080-exec-3] DeviceController registerDevice Addr=0:0:0:0:0:0:0:1
2019-09-18 17:34:18,662 INFO com.balabas.smarthouse.server.service.DeviceServiceImpl [http-nio-8080-exec-3] Device added :Device(deviceId=deviceId, deviceFirmware=deviceFirmware, deviceDescr=deviceDescr, ip=null, dataUrl=null, rootUrl=null, active=false)
2019-09-18 17:34:18,662 INFO com.balabas.smarthouse.server.service.DeviceServiceImpl [http-nio-8080-exec-3] DeviceServiceImpl Registering device Device(deviceId=deviceId, deviceFirmware=deviceFirmware, deviceDescr=deviceDescr, ip=null, dataUrl=null, rootUrl=null, active=false) status = SUCCESS
2019-09-18 18:09:01,149 INFO org.springframework.scheduling.concurrent.ExecutorConfigurationSupport [Thread-5] Shutting down ExecutorService 'applicationTaskExecutor'
2019-09-18 18:09:01,151 INFO org.springframework.orm.jpa.AbstractEntityManagerFactoryBean [Thread-5] Closing JPA EntityManagerFactory for persistence unit 'default'
2019-09-18 18:09:01,152 INFO org.hibernate.tool.schema.internal.SchemaDropperImpl$DelayedDropActionImpl [Thread-5] HHH000477: Starting delayed evictData of schema as part of SessionFactory shut-down'
2019-09-18 18:09:01,165 WARN org.springframework.beans.factory.support.DisposableBeanAdapter [Thread-5] Invocation of destroy method failed on bean with name 'inMemoryDatabaseShutdownExecutor': org.h2.jdbc.JdbcSQLNonTransientConnectionException: Database is already closed (to disable automatic closing at VM shutdown, add ";DB_CLOSE_ON_EXIT=FALSE" to the db URL) [90121-199]
2019-09-18 18:09:01,166 INFO com.zaxxer.hikari.HikariDataSource [Thread-5] HikariPool-1 - Shutdown initiated...
2019-09-18 18:09:01,169 INFO com.zaxxer.hikari.HikariDataSource [Thread-5] HikariPool-1 - Shutdown completed.
2019-09-18 18:09:01,843 INFO org.springframework.boot.StartupInfoLogger [restartedMain] Starting ServerApplication on EPUAKYIW1726 with PID 19576 (D:\projects\!!SmartHouse\projects\SmartHouseApp\server\target\classes started by Vitaliy_Vlasov in D:\projects\!!SmartHouse\projects\SmartHouseApp\server)
2019-09-18 18:09:01,843 INFO org.springframework.boot.SpringApplication [restartedMain] No active profile set, falling back to default profiles: default
2019-09-18 18:09:02,236 INFO org.springframework.data.repository.config.RepositoryConfigurationDelegate [restartedMain] Bootstrapping Spring Data repositories in DEFAULT mode.
2019-09-18 18:09:02,243 INFO org.springframework.data.repository.config.RepositoryConfigurationDelegate [restartedMain] Finished Spring Data repository scanning in 6ms. Found 0 repository interfaces.
2019-09-18 18:09:02,374 INFO org.springframework.context.support.PostProcessorRegistrationDelegate$BeanPostProcessorChecker [restartedMain] Bean 'org.springframework.transaction.annotation.ProxyTransactionManagementConfiguration' of type [org.springframework.transaction.annotation.ProxyTransactionManagementConfiguration] is not eligible for getting processed by all BeanPostProcessors (for example: not eligible for auto-proxying)
2019-09-18 18:09:02,447 WARN org.apache.juli.logging.DirectJDKLog [restartedMain] The MBean registry cannot be disabled because it has already been initialised
2019-09-18 18:09:02,605 INFO org.springframework.boot.web.embedded.tomcat.TomcatWebServer [restartedMain] Tomcat initialized with port(s): 8080 (http)
2019-09-18 18:09:02,606 INFO org.apache.juli.logging.DirectJDKLog [restartedMain] Initializing ProtocolHandler ["http-nio-8080"]
2019-09-18 18:09:02,607 INFO org.apache.juli.logging.DirectJDKLog [restartedMain] Starting service [Tomcat]
2019-09-18 18:09:02,608 INFO org.apache.juli.logging.DirectJDKLog [restartedMain] Starting Servlet engine: [Apache Tomcat/9.0.24]
2019-09-18 18:09:02,660 INFO org.apache.juli.logging.DirectJDKLog [restartedMain] Initializing Spring embedded WebApplicationContext
2019-09-18 18:09:02,661 INFO org.springframework.boot.web.servlet.context.ServletWebServerApplicationContext [restartedMain] Root WebApplicationContext: initialization completed in 811 ms
2019-09-18 18:09:02,700 INFO com.zaxxer.hikari.HikariDataSource [restartedMain] HikariPool-2 - Starting...
2019-09-18 18:09:02,703 INFO com.zaxxer.hikari.HikariDataSource [restartedMain] HikariPool-2 - Start completed.
2019-09-18 18:09:02,704 INFO org.springframework.boot.autoconfigure.h2.H2ConsoleAutoConfiguration [restartedMain] H2 console available at '/h2-console'. Database available at 'jdbc:h2:mem:localhost'
2019-09-18 18:09:02,750 INFO org.hibernate.jpa.internal.util.LogHelper [restartedMain] HHH000204: Processing PersistenceUnitInfo [name: default]
2019-09-18 18:09:02,757 INFO org.hibernate.dialect.Dialect [restartedMain] HHH000400: Using dialect: org.hibernate.dialect.H2Dialect
2019-09-18 18:09:02,781 INFO org.hibernate.engine.transaction.jta.platform.internal.JtaPlatformInitiator [restartedMain] HHH000490: Using JtaPlatform implementation: [org.hibernate.engine.transaction.jta.platform.internal.NoJtaPlatform]
2019-09-18 18:09:02,782 INFO org.springframework.orm.jpa.AbstractEntityManagerFactoryBean [restartedMain] Initialized JPA EntityManagerFactory for persistence unit 'default'
2019-09-18 18:09:02,788 INFO org.springframework.boot.devtools.autoconfigure.OptionalLiveReloadServer [restartedMain] LiveReload server is running on port 35729
2019-09-18 18:09:02,835 WARN org.springframework.boot.autoconfigure.orm.jpa.JpaBaseConfiguration$JpaWebConfiguration [restartedMain] spring.jpa.open-in-view is enabled by default. Therefore, database queries may be performed during view rendering. Explicitly configure spring.jpa.open-in-view to disable this warning
2019-09-18 18:09:02,944 INFO org.springframework.scheduling.concurrent.ExecutorConfigurationSupport [restartedMain] Initializing ExecutorService 'applicationTaskExecutor'
2019-09-18 18:09:03,097 INFO org.apache.juli.logging.DirectJDKLog [restartedMain] Starting ProtocolHandler ["http-nio-8080"]
2019-09-18 18:09:03,107 INFO org.springframework.boot.web.embedded.tomcat.TomcatWebServer [restartedMain] Tomcat started on port(s): 8080 (http) with context path ''
2019-09-18 18:09:03,110 INFO org.springframework.boot.StartupInfoLogger [restartedMain] Started ServerApplication in 1.3196813 seconds (JVM running for 2127.424)
2019-09-18 18:09:03,114 INFO org.springframework.boot.devtools.autoconfigure.ConditionEvaluationDeltaLoggingListener [restartedMain] Condition evaluation unchanged
2019-09-18 18:50:02,918 INFO org.springframework.boot.StartupInfoLogger [restartedMain] Starting ServerApplication on EPUAKYIW1726 with PID 24768 (D:\projects\!!SmartHouse\projects\SmartHouseApp\server\target\classes started by Vitaliy_Vlasov in D:\projects\!!SmartHouse\projects\SmartHouseApp\server)
2019-09-18 18:50:02,923 INFO org.springframework.boot.SpringApplication [restartedMain] No active profile set, falling back to default profiles: default
2019-09-18 18:50:03,057 INFO org.springframework.boot.logging.DeferredLog [restartedMain] The Class-Path manifest attribute in C:\Users\Vitaliy_Vlasov\.m2\repository\org\glassfish\jaxb\jaxb-runtime\2.3.2\jaxb-runtime-2.3.2.jar referenced one or more files that do not exist: file:/C:/Users/Vitaliy_Vlasov/.m2/repository/org/glassfish/jaxb/jaxb-runtime/2.3.2/jakarta.xml.bind-api-2.3.2.jar,file:/C:/Users/Vitaliy_Vlasov/.m2/repository/org/glassfish/jaxb/jaxb-runtime/2.3.2/txw2-2.3.2.jar,file:/C:/Users/Vitaliy_Vlasov/.m2/repository/org/glassfish/jaxb/jaxb-runtime/2.3.2/istack-commons-runtime-3.0.8.jar,file:/C:/Users/Vitaliy_Vlasov/.m2/repository/org/glassfish/jaxb/jaxb-runtime/2.3.2/stax-ex-1.8.1.jar,file:/C:/Users/Vitaliy_Vlasov/.m2/repository/org/glassfish/jaxb/jaxb-runtime/2.3.2/FastInfoset-1.2.16.jar,file:/C:/Users/Vitaliy_Vlasov/.m2/repository/org/glassfish/jaxb/jaxb-runtime/2.3.2/jakarta.activation-api-1.2.1.jar
2019-09-18 18:50:03,058 INFO org.springframework.boot.logging.DeferredLog [restartedMain] Devtools property defaults active! Set 'spring.devtools.add-properties' to 'false' to disable
2019-09-18 18:50:03,058 INFO org.springframework.boot.logging.DeferredLog [restartedMain] For additional web related logging consider setting the 'logging.level.web' property to 'DEBUG'
2019-09-18 18:50:04,035 INFO org.springframework.data.repository.config.RepositoryConfigurationDelegate [restartedMain] Bootstrapping Spring Data repositories in DEFAULT mode.
2019-09-18 18:50:04,074 INFO org.springframework.data.repository.config.RepositoryConfigurationDelegate [restartedMain] Finished Spring Data repository scanning in 23ms. Found 0 repository interfaces.
2019-09-18 18:50:04,578 INFO org.springframework.context.support.PostProcessorRegistrationDelegate$BeanPostProcessorChecker [restartedMain] Bean 'org.springframework.transaction.annotation.ProxyTransactionManagementConfiguration' of type [org.springframework.transaction.annotation.ProxyTransactionManagementConfiguration] is not eligible for getting processed by all BeanPostProcessors (for example: not eligible for auto-proxying)
2019-09-18 18:50:05,569 INFO org.springframework.boot.web.embedded.tomcat.TomcatWebServer [restartedMain] Tomcat initialized with port(s): 8080 (http)
2019-09-18 18:50:05,582 INFO org.apache.juli.logging.DirectJDKLog [restartedMain] Initializing ProtocolHandler ["http-nio-8080"]
2019-09-18 18:50:05,583 INFO org.apache.juli.logging.DirectJDKLog [restartedMain] Starting service [Tomcat]
2019-09-18 18:50:05,583 INFO org.apache.juli.logging.DirectJDKLog [restartedMain] Starting Servlet engine: [Apache Tomcat/9.0.24]
2019-09-18 18:50:05,734 INFO org.apache.juli.logging.DirectJDKLog [restartedMain] Initializing Spring embedded WebApplicationContext
2019-09-18 18:50:05,735 INFO org.springframework.boot.web.servlet.context.ServletWebServerApplicationContext [restartedMain] Root WebApplicationContext: initialization completed in 2677 ms
2019-09-18 18:50:05,852 INFO com.zaxxer.hikari.HikariDataSource [restartedMain] HikariPool-1 - Starting...
2019-09-18 18:50:06,132 INFO com.zaxxer.hikari.HikariDataSource [restartedMain] HikariPool-1 - Start completed.
2019-09-18 18:50:06,139 INFO org.springframework.boot.autoconfigure.h2.H2ConsoleAutoConfiguration [restartedMain] H2 console available at '/h2-console'. Database available at 'jdbc:h2:mem:localhost'
2019-09-18 18:50:06,431 INFO org.hibernate.jpa.internal.util.LogHelper [restartedMain] HHH000204: Processing PersistenceUnitInfo [name: default]
2019-09-18 18:50:06,654 INFO org.hibernate.Version [restartedMain] HHH000412: Hibernate Core {5.4.4.Final}
2019-09-18 18:50:06,935 INFO org.hibernate.annotations.common.reflection.java.JavaReflectionManager [restartedMain] HCANN000001: Hibernate Commons Annotations {5.1.0.Final}
2019-09-18 18:50:07,143 INFO org.hibernate.dialect.Dialect [restartedMain] HHH000400: Using dialect: org.hibernate.dialect.H2Dialect
2019-09-18 18:50:07,483 INFO org.hibernate.engine.transaction.jta.platform.internal.JtaPlatformInitiator [restartedMain] HHH000490: Using JtaPlatform implementation: [org.hibernate.engine.transaction.jta.platform.internal.NoJtaPlatform]
2019-09-18 18:50:07,486 INFO org.springframework.orm.jpa.AbstractEntityManagerFactoryBean [restartedMain] Initialized JPA EntityManagerFactory for persistence unit 'default'
2019-09-18 18:50:07,509 INFO org.springframework.boot.devtools.autoconfigure.OptionalLiveReloadServer [restartedMain] LiveReload server is running on port 35729
2019-09-18 18:50:07,682 WARN org.springframework.boot.autoconfigure.orm.jpa.JpaBaseConfiguration$JpaWebConfiguration [restartedMain] spring.jpa.open-in-view is enabled by default. Therefore, database queries may be performed during view rendering. Explicitly configure spring.jpa.open-in-view to disable this warning
2019-09-18 18:50:08,099 INFO org.springframework.scheduling.concurrent.ExecutorConfigurationSupport [restartedMain] Initializing ExecutorService 'applicationTaskExecutor'
2019-09-18 18:50:08,660 INFO org.apache.juli.logging.DirectJDKLog [restartedMain] Starting ProtocolHandler ["http-nio-8080"]
2019-09-18 18:50:08,723 INFO org.springframework.boot.web.embedded.tomcat.TomcatWebServer [restartedMain] Tomcat started on port(s): 8080 (http) with context path ''
2019-09-18 18:50:08,728 INFO org.springframework.boot.StartupInfoLogger [restartedMain] Started ServerApplication in 6.5318143 seconds (JVM running for 7.159)
2019-09-18 19:02:03,049 INFO org.springframework.boot.StartupInfoLogger [restartedMain] Starting ServerApplication on EPUAKYIW1726 with PID 25500 (D:\projects\!!SmartHouse\projects\SmartHouseApp\server\target\classes started by Vitaliy_Vlasov in D:\projects\!!SmartHouse\projects\SmartHouseApp\server)
2019-09-18 19:02:03,053 INFO org.springframework.boot.SpringApplication [restartedMain] No active profile set, falling back to default profiles: default
2019-09-18 19:02:03,182 INFO org.springframework.boot.logging.DeferredLog [restartedMain] The Class-Path manifest attribute in C:\Users\Vitaliy_Vlasov\.m2\repository\org\glassfish\jaxb\jaxb-runtime\2.3.2\jaxb-runtime-2.3.2.jar referenced one or more files that do not exist: file:/C:/Users/Vitaliy_Vlasov/.m2/repository/org/glassfish/jaxb/jaxb-runtime/2.3.2/jakarta.xml.bind-api-2.3.2.jar,file:/C:/Users/Vitaliy_Vlasov/.m2/repository/org/glassfish/jaxb/jaxb-runtime/2.3.2/txw2-2.3.2.jar,file:/C:/Users/Vitaliy_Vlasov/.m2/repository/org/glassfish/jaxb/jaxb-runtime/2.3.2/istack-commons-runtime-3.0.8.jar,file:/C:/Users/Vitaliy_Vlasov/.m2/repository/org/glassfish/jaxb/jaxb-runtime/2.3.2/stax-ex-1.8.1.jar,file:/C:/Users/Vitaliy_Vlasov/.m2/repository/org/glassfish/jaxb/jaxb-runtime/2.3.2/FastInfoset-1.2.16.jar,file:/C:/Users/Vitaliy_Vlasov/.m2/repository/org/glassfish/jaxb/jaxb-runtime/2.3.2/jakarta.activation-api-1.2.1.jar
2019-09-18 19:02:03,183 INFO org.springframework.boot.logging.DeferredLog [restartedMain] Devtools property defaults active! Set 'spring.devtools.add-properties' to 'false' to disable
2019-09-18 19:02:03,183 INFO org.springframework.boot.logging.DeferredLog [restartedMain] For additional web related logging consider setting the 'logging.level.web' property to 'DEBUG'
2019-09-18 19:02:04,225 INFO org.springframework.data.repository.config.RepositoryConfigurationDelegate [restartedMain] Bootstrapping Spring Data repositories in DEFAULT mode.
2019-09-18 19:02:04,262 INFO org.springframework.data.repository.config.RepositoryConfigurationDelegate [restartedMain] Finished Spring Data repository scanning in 24ms. Found 0 repository interfaces.
2019-09-18 19:02:04,740 INFO org.springframework.context.support.PostProcessorRegistrationDelegate$BeanPostProcessorChecker [restartedMain] Bean 'org.springframework.transaction.annotation.ProxyTransactionManagementConfiguration' of type [org.springframework.transaction.annotation.ProxyTransactionManagementConfiguration] is not eligible for getting processed by all BeanPostProcessors (for example: not eligible for auto-proxying)
2019-09-18 19:02:05,741 INFO org.springframework.boot.web.embedded.tomcat.TomcatWebServer [restartedMain] Tomcat initialized with port(s): 8080 (http)
2019-09-18 19:02:05,759 INFO org.apache.juli.logging.DirectJDKLog [restartedMain] Initializing ProtocolHandler ["http-nio-8080"]
2019-09-18 19:02:05,760 INFO org.apache.juli.logging.DirectJDKLog [restartedMain] Starting service [Tomcat]
2019-09-18 19:02:05,761 INFO org.apache.juli.logging.DirectJDKLog [restartedMain] Starting Servlet engine: [Apache Tomcat/9.0.24]
2019-09-18 19:02:05,980 INFO org.apache.juli.logging.DirectJDKLog [restartedMain] Initializing Spring embedded WebApplicationContext
2019-09-18 19:02:05,980 INFO org.springframework.boot.web.servlet.context.ServletWebServerApplicationContext [restartedMain] Root WebApplicationContext: initialization completed in 2797 ms
2019-09-18 19:02:06,079 INFO com.zaxxer.hikari.HikariDataSource [restartedMain] HikariPool-1 - Starting...
2019-09-18 19:02:06,451 INFO com.zaxxer.hikari.HikariDataSource [restartedMain] HikariPool-1 - Start completed.
2019-09-18 19:02:06,458 INFO org.springframework.boot.autoconfigure.h2.H2ConsoleAutoConfiguration [restartedMain] H2 console available at '/h2-console'. Database available at 'jdbc:h2:mem:localhost'
2019-09-18 19:02:06,701 INFO org.hibernate.jpa.internal.util.LogHelper [restartedMain] HHH000204: Processing PersistenceUnitInfo [name: default]
2019-09-18 19:02:06,811 INFO org.hibernate.Version [restartedMain] HHH000412: Hibernate Core {5.4.4.Final}
2019-09-18 19:02:07,078 INFO org.hibernate.annotations.common.reflection.java.JavaReflectionManager [restartedMain] HCANN000001: Hibernate Commons Annotations {5.1.0.Final}
2019-09-18 19:02:07,249 INFO org.hibernate.dialect.Dialect [restartedMain] HHH000400: Using dialect: org.hibernate.dialect.H2Dialect
2019-09-18 19:02:07,570 INFO org.hibernate.engine.transaction.jta.platform.internal.JtaPlatformInitiator [restartedMain] HHH000490: Using JtaPlatform implementation: [org.hibernate.engine.transaction.jta.platform.internal.NoJtaPlatform]
2019-09-18 19:02:07,573 INFO org.springframework.orm.jpa.AbstractEntityManagerFactoryBean [restartedMain] Initialized JPA EntityManagerFactory for persistence unit 'default'
2019-09-18 19:02:07,593 INFO org.springframework.boot.devtools.autoconfigure.OptionalLiveReloadServer [restartedMain] LiveReload server is running on port 35729
2019-09-18 19:02:07,732 WARN org.springframework.boot.autoconfigure.orm.jpa.JpaBaseConfiguration$JpaWebConfiguration [restartedMain] spring.jpa.open-in-view is enabled by default. Therefore, database queries may be performed during view rendering. Explicitly configure spring.jpa.open-in-view to disable this warning
2019-09-18 19:02:07,985 INFO org.springframework.scheduling.concurrent.ExecutorConfigurationSupport [restartedMain] Initializing ExecutorService 'applicationTaskExecutor'
2019-09-18 19:02:08,461 INFO org.apache.juli.logging.DirectJDKLog [restartedMain] Starting ProtocolHandler ["http-nio-8080"]
2019-09-18 19:02:08,538 INFO org.springframework.boot.web.embedded.tomcat.TomcatWebServer [restartedMain] Tomcat started on port(s): 8080 (http) with context path ''
2019-09-18 19:02:08,542 INFO org.springframework.boot.StartupInfoLogger [restartedMain] Started ServerApplication in 6.2766365 seconds (JVM running for 7.128)
2019-09-18 19:02:53,022 INFO org.apache.juli.logging.DirectJDKLog [http-nio-8080-exec-1] Initializing Spring DispatcherServlet 'dispatcherServlet'
2019-09-18 19:02:53,023 INFO org.springframework.web.servlet.FrameworkServlet [http-nio-8080-exec-1] Initializing Servlet 'dispatcherServlet'
2019-09-18 19:02:53,033 INFO org.springframework.web.servlet.FrameworkServlet [http-nio-8080-exec-1] Completed initialization in 10 ms
2019-09-18 19:02:53,361 INFO com.balabas.smarthouse.server.controller.DeviceController [http-nio-8080-exec-1] DeviceController registerDevice Addr=0:0:0:0:0:0:0:1
2019-09-18 19:02:53,365 INFO com.balabas.smarthouse.server.service.DeviceServiceImpl [http-nio-8080-exec-1] Device added :Device(deviceId=deviceId, deviceFirmware=deviceFirmware, deviceDescr=deviceDescr, ip=null, dataUrl=http://localhost:8080/api/v1/devices/mock_deviceId_sensors, rootUrl=null, active=false)
2019-09-18 19:02:53,366 INFO com.balabas.smarthouse.server.service.DeviceServiceImpl [http-nio-8080-exec-1] DeviceServiceImpl Registering device Device(deviceId=deviceId, deviceFirmware=deviceFirmware, deviceDescr=deviceDescr, ip=null, dataUrl=http://localhost:8080/api/v1/devices/mock_deviceId_sensors, rootUrl=null, active=false) status = SUCCESS
2019-09-18 19:03:04,436 INFO com.balabas.smarthouse.server.service.HttpRequestExecutorImpl [http-nio-8080-exec-4] GET http://localhost:8080/api/v1/devices/mock_deviceId_sensorsgroup=sensors
2019-09-18 19:03:04,530 INFO com.balabas.smarthouse.server.controller.DeviceController [http-nio-8080-exec-5] Mock result ={"sensorsgroup=sensors":{"deviceId":{"val":"val_mock","d":"d_mock"}}}
2019-09-18 19:11:42,564 INFO org.springframework.boot.StartupInfoLogger [restartedMain] Starting ServerApplication on EPUAKYIW1726 with PID 9204 (D:\projects\!!SmartHouse\projects\SmartHouseApp\server\target\classes started by Vitaliy_Vlasov in D:\projects\!!SmartHouse\projects\SmartHouseApp\server)
2019-09-18 19:11:42,571 INFO org.springframework.boot.SpringApplication [restartedMain] No active profile set, falling back to default profiles: default
2019-09-18 19:11:42,717 INFO org.springframework.boot.logging.DeferredLog [restartedMain] The Class-Path manifest attribute in C:\Users\Vitaliy_Vlasov\.m2\repository\org\glassfish\jaxb\jaxb-runtime\2.3.2\jaxb-runtime-2.3.2.jar referenced one or more files that do not exist: file:/C:/Users/Vitaliy_Vlasov/.m2/repository/org/glassfish/jaxb/jaxb-runtime/2.3.2/jakarta.xml.bind-api-2.3.2.jar,file:/C:/Users/Vitaliy_Vlasov/.m2/repository/org/glassfish/jaxb/jaxb-runtime/2.3.2/txw2-2.3.2.jar,file:/C:/Users/Vitaliy_Vlasov/.m2/repository/org/glassfish/jaxb/jaxb-runtime/2.3.2/istack-commons-runtime-3.0.8.jar,file:/C:/Users/Vitaliy_Vlasov/.m2/repository/org/glassfish/jaxb/jaxb-runtime/2.3.2/stax-ex-1.8.1.jar,file:/C:/Users/Vitaliy_Vlasov/.m2/repository/org/glassfish/jaxb/jaxb-runtime/2.3.2/FastInfoset-1.2.16.jar,file:/C:/Users/Vitaliy_Vlasov/.m2/repository/org/glassfish/jaxb/jaxb-runtime/2.3.2/jakarta.activation-api-1.2.1.jar
2019-09-18 19:11:42,718 INFO org.springframework.boot.logging.DeferredLog [restartedMain] Devtools property defaults active! Set 'spring.devtools.add-properties' to 'false' to disable
2019-09-18 19:11:42,718 INFO org.springframework.boot.logging.DeferredLog [restartedMain] For additional web related logging consider setting the 'logging.level.web' property to 'DEBUG'
2019-09-18 19:11:43,756 INFO org.springframework.data.repository.config.RepositoryConfigurationDelegate [restartedMain] Bootstrapping Spring Data repositories in DEFAULT mode.
2019-09-18 19:11:43,797 INFO org.springframework.data.repository.config.RepositoryConfigurationDelegate [restartedMain] Finished Spring Data repository scanning in 25ms. Found 0 repository interfaces.
2019-09-18 19:11:44,283 INFO org.springframework.context.support.PostProcessorRegistrationDelegate$BeanPostProcessorChecker [restartedMain] Bean 'org.springframework.transaction.annotation.ProxyTransactionManagementConfiguration' of type [org.springframework.transaction.annotation.ProxyTransactionManagementConfiguration] is not eligible for getting processed by all BeanPostProcessors (for example: not eligible for auto-proxying)
2019-09-18 19:11:45,190 INFO org.springframework.boot.web.embedded.tomcat.TomcatWebServer [restartedMain] Tomcat initialized with port(s): 8080 (http)
2019-09-18 19:11:45,205 INFO org.apache.juli.logging.DirectJDKLog [restartedMain] Initializing ProtocolHandler ["http-nio-8080"]
2019-09-18 19:11:45,206 INFO org.apache.juli.logging.DirectJDKLog [restartedMain] Starting service [Tomcat]
2019-09-18 19:11:45,206 INFO org.apache.juli.logging.DirectJDKLog [restartedMain] Starting Servlet engine: [Apache Tomcat/9.0.24]
2019-09-18 19:11:45,391 INFO org.apache.juli.logging.DirectJDKLog [restartedMain] Initializing Spring embedded WebApplicationContext
2019-09-18 19:11:45,392 INFO org.springframework.boot.web.servlet.context.ServletWebServerApplicationContext [restartedMain] Root WebApplicationContext: initialization completed in 2673 ms
2019-09-18 19:11:45,499 INFO com.zaxxer.hikari.HikariDataSource [restartedMain] HikariPool-1 - Starting...
2019-09-18 19:11:45,858 INFO com.zaxxer.hikari.HikariDataSource [restartedMain] HikariPool-1 - Start completed.
2019-09-18 19:11:45,864 INFO org.springframework.boot.autoconfigure.h2.H2ConsoleAutoConfiguration [restartedMain] H2 console available at '/h2-console'. Database available at 'jdbc:h2:mem:localhost'
2019-09-18 19:11:46,069 INFO org.hibernate.jpa.internal.util.LogHelper [restartedMain] HHH000204: Processing PersistenceUnitInfo [name: default]
2019-09-18 19:11:46,159 INFO org.hibernate.Version [restartedMain] HHH000412: Hibernate Core {5.4.4.Final}
2019-09-18 19:11:46,399 INFO org.hibernate.annotations.common.reflection.java.JavaReflectionManager [restartedMain] HCANN000001: Hibernate Commons Annotations {5.1.0.Final}
2019-09-18 19:11:46,564 INFO org.hibernate.dialect.Dialect [restartedMain] HHH000400: Using dialect: org.hibernate.dialect.H2Dialect
2019-09-18 19:11:46,940 INFO org.hibernate.engine.transaction.jta.platform.internal.JtaPlatformInitiator [restartedMain] HHH000490: Using JtaPlatform implementation: [org.hibernate.engine.transaction.jta.platform.internal.NoJtaPlatform]
2019-09-18 19:11:46,944 INFO org.springframework.orm.jpa.AbstractEntityManagerFactoryBean [restartedMain] Initialized JPA EntityManagerFactory for persistence unit 'default'
2019-09-18 19:11:46,985 INFO org.springframework.boot.devtools.autoconfigure.OptionalLiveReloadServer [restartedMain] LiveReload server is running on port 35729
2019-09-18 19:11:47,092 WARN org.springframework.boot.autoconfigure.orm.jpa.JpaBaseConfiguration$JpaWebConfiguration [restartedMain] spring.jpa.open-in-view is enabled by default. Therefore, database queries may be performed during view rendering. Explicitly configure spring.jpa.open-in-view to disable this warning
2019-09-18 19:11:47,361 INFO org.springframework.scheduling.concurrent.ExecutorConfigurationSupport [restartedMain] Initializing ExecutorService 'applicationTaskExecutor'
2019-09-18 19:11:47,695 INFO org.apache.juli.logging.DirectJDKLog [restartedMain] Starting ProtocolHandler ["http-nio-8080"]
2019-09-18 19:11:47,728 INFO org.springframework.boot.web.embedded.tomcat.TomcatWebServer [restartedMain] Tomcat started on port(s): 8080 (http) with context path ''
2019-09-18 19:11:47,732 INFO org.springframework.boot.StartupInfoLogger [restartedMain] Started ServerApplication in 5.9514382 seconds (JVM running for 7.223)
2019-09-18 19:11:58,587 INFO org.apache.juli.logging.DirectJDKLog [http-nio-8080-exec-1] Initializing Spring DispatcherServlet 'dispatcherServlet'
2019-09-18 19:11:58,587 INFO org.springframework.web.servlet.FrameworkServlet [http-nio-8080-exec-1] Initializing Servlet 'dispatcherServlet'
2019-09-18 19:11:58,604 INFO org.springframework.web.servlet.FrameworkServlet [http-nio-8080-exec-1] Completed initialization in 16 ms
2019-09-18 19:11:58,936 INFO com.balabas.smarthouse.server.controller.DeviceController [http-nio-8080-exec-1] DeviceController registerDevice Addr=0:0:0:0:0:0:0:1
2019-09-18 19:11:58,938 INFO com.balabas.smarthouse.server.service.DeviceServiceImpl [http-nio-8080-exec-1] Device added :Device(deviceId=deviceId, deviceFirmware=deviceFirmware, deviceDescr=deviceDescr, ip=null, dataUrl=http://localhost:8080/api/v1/devices/mock_deviceId, rootUrl=null, active=false)
2019-09-18 19:11:58,938 INFO com.balabas.smarthouse.server.service.DeviceServiceImpl [http-nio-8080-exec-1] DeviceServiceImpl Registering device Device(deviceId=deviceId, deviceFirmware=deviceFirmware, deviceDescr=deviceDescr, ip=null, dataUrl=http://localhost:8080/api/v1/devices/mock_deviceId, rootUrl=null, active=false) status = SUCCESS
2019-09-18 19:12:03,917 INFO com.balabas.smarthouse.server.service.HttpRequestExecutorImpl [http-nio-8080-exec-3] GET http://localhost:8080/api/v1/devices/mock_deviceId?group=sensors
2019-09-18 19:12:04,031 INFO com.balabas.smarthouse.server.controller.DeviceController [http-nio-8080-exec-4] Mock result ={"sensors":{"deviceId":{"val":"val_mock","d":"d_mock"}}}
